n :  5
Case  1  : 
[8.6]
f(x) = 8.6  * x^ 0
==================================================
Case  2  : 
[8.56164384 0.09589041]
f(x) = 8.561643835616438  * x^ 0 + 0.09589041095890413  * x^ 1
==================================================
Case  3  : 
[ 3. -1.  1.]
f(x) = 3.000000000000004  * x^ 0 + -0.9999999999999998  * x^ 1 + 0.9999999999999997  * x^ 2
==================================================
Case  4  : 
[ 3.00000000e+00 -1.00000000e+00  1.00000000e+00 -3.17504092e-16]
f(x) = 2.9999999999999987  * x^ 0 + -0.999999999999997  * x^ 1 + 1.0000000000000007  * x^ 2 + -3.1750409199861094e-16  * x^ 3
==================================================
[34.8, 46.31050228310502, 2.0608991148898933e-29, 4.9895452255228997e-29]
[7.51449418e-01 2.24710186e+30 4.13043478e-01 0.00000000e+00]
Case 1 : 4
THE BEST CHOICE :  [1, 3]
Case 2 : 3
