1.9556E+02   5.9399E+01
1.1662E+03   2.4669E+02
7.7692E+03   1.4338E+03
5.4996E+04   9.3062E+03
4.0508E+05   6.3977E+04
3.0697E+06   4.5652E+05
2.3766E+07   3.3456E+06
1.8707E+08   2.5021E+07
1.4921E+09   1.9018E+08
1.2029E+10   1.4650E+09
9.7823E+10   1.1415E+10
8.0134E+11   8.9834E+10
6.6046E+12   7.1319E+11
5.4719E+13   5.7066E+12
4.5537E+14   4.5986E+13
3.8043E+15   3.7295E+14
3.1891E+16   3.0424E+15
2.6813E+17   2.4950E+16
2.2603E+18   2.0561E+17
1.9099E+19   1.7019E+18
1.6172E+20   1.4143E+19
1.3720E+21   1.1797E+20
1.1660E+22   9.8733E+20
9.9242E+22   8.2886E+21
8.4593E+23   6.9776E+22
7.2200E+24   5.8891E+23
6.1698E+25   4.9820E+24
5.2782E+26   4.2236E+25
4.5201E+27   3.5877E+26
3.8745E+28   3.0530E+27
3.3242E+29   2.6023E+28
2.8543E+30   2.2214E+29
2.4528E+31   1.8990E+30
2.1093E+32   1.6254E+31
1.8151E+33   1.3929E+32
1.5630E+34   1.1949E+33
1.3467E+35   1.0261E+34
1.1610E+36   8.8199E+34
1.0014E+37   7.5876E+35
8.6422E+37   6.5328E+36
7.4618E+38   5.6288E+37
6.4455E+39   4.8532E+38
5.5701E+40   4.1873E+39
4.8155E+41   3.6149E+40
4.1648E+42   3.1225E+41
3.6033E+43   2.6986E+42
3.1186E+44   2.3334E+43
2.7001E+45   2.0186E+44
2.3384E+46   1.7470E+45
2.0258E+47   1.5126E+46
1.7555E+48   1.3101E+47
1.5217E+49   1.1352E+48
1.3194E+50   9.8395E+48
1.1443E+51   8.5314E+49
9.9268E+51   7.3995E+50
8.6134E+52   6.4196E+51
7.4754E+53   5.5711E+52
6.4892E+54   4.8360E+53
5.6343E+55   4.1989E+54
4.8930E+56   3.6467E+55
4.2501E+57   3.1677E+56
3.6923E+58   2.7523E+57
3.2083E+59   2.3919E+58
2.7882E+60   2.0790E+59
2.4235E+61   1.8075E+60
2.1069E+62   1.5716E+61
1.8319E+63   1.3668E+62
1.5930E+64   1.1889E+63
1.3855E+65   1.0343E+64
1.2052E+66   8.9992E+64
1.0485E+67   7.8313E+65
9.1224E+67   6.8159E+66
7.9382E+68   5.9329E+67
6.9086E+69   5.1650E+68
6.0132E+70   4.4970E+69
5.2344E+71   3.9159E+70
4.5571E+72   3.4103E+71
3.9678E+73   2.9703E+72
3.4550E+74   2.5873E+73
3.0089E+75   2.2539E+74
2.6206E+76   1.9637E+75
2.2826E+77   1.7111E+76
1.9884E+78   1.4910E+77
1.7322E+79   1.2994E+78
1.5092E+80   1.1325E+79
1.3151E+81   9.8714E+79
1.1460E+82   8.6050E+80
9.9868E+82   7.5016E+81
8.7039E+83   6.5402E+82
7.5864E+84   5.7025E+83
Case  1  : 
[1.31997333]

==================================================
Case  2  : 
[ 1.477193   -0.03617757]

==================================================
Case  3  : 
[ 1.42600089  0.00286356 -0.00457157]

==================================================
Case  4  : 
[ 1.68135732 -0.40739039  0.115006   -0.00910127]

==================================================
Case  5  : 
[ 1.36106207  0.48095099 -0.36301495  0.07706175 -0.00493263]

==================================================
Case  6  : 
[ 1.42850102e+00  1.96783564e-01 -1.23376320e-01  2.85524067e-03
  4.64003558e-03 -4.36594846e-04]

==================================================
Case  7  : 
[ 1.01901627e+00  2.71000667e+00 -3.24695679e+00  1.48697219e+00
 -3.19610372e-01  3.24867082e-02 -1.25903838e-03]

==================================================
Case  8  : 
[ 5.14125536e-01  7.23314039e+00 -1.11318175e+01  6.78323995e+00
 -2.03190899e+00  3.18393177e-01 -2.50211889e-02  7.77741974e-04]

==================================================
Case  9  : 
[ 8.26130692e-01  3.20371163e+00 -1.80514087e+00 -1.55662004e+00
  1.66101736e+00 -5.74656107e-01  9.50884246e-02 -7.65669896e-03
  2.41068868e-04]

==================================================
Case  10  : 
[ 9.53043125e-01  1.01749330e+00  4.48205306e+00 -8.63296515e+00
  5.70244217e+00 -1.88301812e+00  3.45495956e-01 -3.57162966e-02
  1.94222611e-03 -4.30756074e-05]

==================================================
Case  11  : 
[ 1.08581196e+00 -1.77020765e+00  1.40246534e+01 -2.17177564e+01
  1.50137555e+01 -5.74270071e+00  1.32865098e+00 -1.91717093e-01
  1.69692478e-02 -8.47112845e-04  1.83279900e-05]

==================================================
Case  12  : 
[ 1.24790410e+00 -5.76280966e+00  3.01973609e+01 -4.85264972e+01
  3.84223505e+01 -1.78525285e+01  5.27193349e+00 -1.02161180e+00
  1.29665983e-01 -1.03803524e-02  4.75138354e-04 -9.46930268e-06]

==================================================
Case  13  : 
[ 1.14387515e+00 -2.82043286e+00  1.61115832e+01 -2.05567045e+01
  8.92677068e+00  7.75991098e-01 -2.25435793e+00  9.92050231e-01
 -2.31229878e-01  3.24704122e-02 -2.75862561e-03  1.30959567e-04
 -2.67148175e-06]

==================================================
Case  14  : 
[ 2.95499362e+00 -4.72231771e+01  1.92267315e+02 -2.96966755e+02
  2.20732429e+02 -7.82901977e+01  4.17420996e+00  7.66839218e+00
 -3.41367192e+00  7.49489016e-01 -9.83229577e-02  7.81593063e-03
 -3.48520127e-04  6.70814437e-06]

==================================================
Case  15  : 
[ 1.19146864e+00 -4.35490693e+00  2.50180464e+01 -4.20761412e+01
  3.64157262e+01 -2.01132235e+01  7.81571872e+00 -2.18481541e+00
  4.25879547e-01 -5.30994917e-02  3.21369491e-03  1.01293021e-04
 -3.30743485e-05  2.25094329e-06 -5.47157160e-08]

==================================================
Case  16  : 
[ 1.19928999e+00 -4.42885668e+00  2.43902794e+01 -3.85631266e+01
  2.99173549e+01 -1.38849157e+01  4.23617598e+00 -8.66423360e-01
  1.06763820e-01 -2.98952029e-03 -1.47433579e-03  2.67407967e-04
 -1.83945926e-05  1.13671253e-07  5.09993521e-08 -1.97373838e-09]

==================================================
Case  17  : 
[ 1.15068097e+00 -2.57996887e+00  1.31198405e+01 -1.16832105e+01
 -2.48733621e+00  8.38263514e+00 -4.89623083e+00  1.29479760e+00
 -1.12159210e-01 -2.66981141e-02  8.90343366e-03 -9.51706100e-04
 -1.94887270e-06  1.11763022e-05 -1.22269289e-06  5.89606986e-08
 -1.13105696e-09]

==================================================
Case  18  : 
[ 1.55680431e+00 -1.70031358e+01  1.03204670e+02 -2.40484216e+02
  3.00298375e+02 -2.27625556e+02  1.10659684e+02 -3.51984591e+01
  7.23381660e+00 -8.91824591e-01  4.60542198e-02  3.65417481e-03
 -9.39460606e-04  1.16457323e-04 -1.31529880e-05  1.17427193e-06
 -6.16112896e-08  1.35835307e-09]

==================================================
Case  19  : 
[ 9.70545677e-01  1.73779665e+00 -3.19334176e+00  1.16958305e+01
 -1.74035447e+01  1.16194587e+01 -3.89032451e+00  5.99320907e-01
 -6.64049959e-03 -9.02672802e-03  4.37358506e-04  1.19652718e-04
 -1.30657392e-05  1.14087571e-06 -2.57989117e-07  1.44416703e-08
  2.62653317e-09 -3.43203657e-10  1.13216709e-11]

==================================================
Case  20  : 
[ 9.67851972e-01  1.87225746e+00 -4.05207401e+00  1.36057858e+01
 -1.92752278e+01  1.23922966e+01 -3.85879907e+00  4.37246997e-01
  6.16042207e-02 -2.22064083e-02  1.50624860e-03  1.31130068e-04
 -1.61177003e-05  5.61439292e-07 -2.67110771e-07  2.16076614e-08
  5.12309666e-09 -9.23447095e-10  5.40829195e-11 -1.10637784e-12]

==================================================
Case  21  : 
[ 1.19706032e+00 -4.43523008e+00  2.51431289e+01 -4.17649476e+01
  3.51074564e+01 -1.80816721e+01  6.07954038e+00 -1.29619335e+00
  1.48521709e-01 -2.52896914e-03 -1.09194915e-03 -1.11999761e-05
  2.42936262e-05 -2.40624423e-06  3.96888267e-08  5.35685839e-08
 -1.50989364e-08  1.65050466e-09 -5.65876046e-11 -2.13024141e-12
  1.41613406e-13]

==================================================
Case  22  : 
[ 9.11300608e-01  3.98825082e+00 -1.76579391e+01  4.92067874e+01
 -6.86067709e+01  5.38360283e+01 -2.66206490e+01  8.92036014e+00
 -2.08919833e+00  3.31148723e-01 -2.93967745e-02 -3.69853145e-05
  2.81552480e-04 -9.09240599e-06 -3.47220468e-06  3.13292654e-07
  1.08815063e-08 -2.51941414e-09  1.60474507e-10 -1.65295707e-11
  1.45176086e-12 -4.58263743e-14]

==================================================
Case  23  : 
[ 8.95547044e-01  3.77181691e+00 -1.22204572e+01  2.76634345e+01
 -3.14211298e+01  1.81086421e+01 -5.30701913e+00  6.03903544e-01
  5.90073529e-02 -2.18079392e-02  1.17224899e-03  1.30995227e-04
 -7.67997200e-06 -8.57522318e-07  1.02311551e-07 -1.62358281e-08
 -1.19841971e-09  3.60715034e-10  4.10085810e-11 -6.47315168e-12
 -5.60292817e-13  1.04550125e-13 -3.78021379e-15]

==================================================
Case  24  : 
[ 8.81299586e-01  4.16872516e+00 -1.41568778e+01  3.17079863e+01
 -3.60814608e+01  2.14729740e+01 -6.94603949e+00  1.16493576e+00
 -7.63796705e-02 -2.18566499e-04 -4.85231323e-04  1.56725172e-05
  2.90200515e-05 -1.24676167e-06 -6.31817001e-07  6.37573484e-08
 -2.51370607e-11 -8.93286338e-11  1.55765565e-12  4.20278824e-13
 -3.08681369e-13  1.46664457e-14  1.94303179e-15 -1.23182986e-16]

==================================================
Case  25  : 
[ 8.58952773e-01  5.03633786e+00 -1.89375599e+01  4.20142810e+01
 -4.81182715e+01  3.10581306e+01 -1.29397415e+01  4.09770077e+00
 -1.10187854e+00  2.30010379e-01 -2.79324159e-02  3.79832244e-04
  2.88180253e-04 -8.20583773e-07 -6.77846225e-06  5.04163110e-07
  3.81557402e-08 -3.35265768e-09 -5.69659588e-10  6.10330038e-11
  5.49684961e-12 -1.54554233e-12  1.40528325e-13 -6.22887068e-15
  1.11010721e-16]

==================================================
Case  26  : 
[ 1.38274174e+00 -9.74351285e+00  5.04912183e+01 -9.02053580e+01
  8.08408487e+01 -4.03136195e+01  1.05445226e+01 -7.15483973e-01
 -3.38836421e-01  8.44775567e-02 -2.39898080e-03 -1.28881712e-03
  1.22155021e-04 -7.10997207e-08  6.88236824e-07 -8.76982852e-08
 -1.36751824e-08  2.38076299e-09 -3.09884447e-10  2.92681883e-11
  1.14404626e-12 -4.54003204e-14 -5.15542587e-14  3.39317657e-15
  1.41274959e-16 -1.18606079e-17]

==================================================
Case  27  : 
[ 1.01470488e+00  5.64451381e-01  2.09004348e+00  1.95208275e+00
 -8.23282546e+00  6.94937001e+00 -2.74903128e+00  6.08030812e-01
 -8.82897344e-02  1.11955898e-02 -1.18514202e-03  3.35730942e-05
  2.03077811e-06  1.76735630e-06 -2.87478205e-07 -2.91319171e-10
  2.44798760e-09 -2.32439261e-10  1.88183007e-11 -2.44061174e-12
  4.40332690e-13 -3.73530911e-14  1.04764531e-15  2.37889137e-17
 -3.65817245e-17  5.62062280e-18 -2.33059670e-19]

==================================================
Case  28  : 
[ 1.19529130e+00 -4.42754924e+00  2.39343864e+01 -3.45691298e+01
  1.94600902e+01 -1.24582404e+00 -4.01346596e+00  2.18512367e+00
 -5.02688895e-01  4.44994691e-02  1.20820022e-03 -1.26954638e-05
 -1.04977742e-04  7.51374650e-06  5.77725916e-08  1.56249535e-07
 -1.65328934e-08 -3.19160984e-10 -1.59747681e-10  1.43473105e-11
  2.78729434e-12 -8.95128951e-14 -1.45199258e-14 -8.74695863e-16
  7.38770670e-17 -1.19472969e-17  2.97371031e-18 -1.50006207e-19]

==================================================
Case  29  : 
[ 1.12114875e+00 -1.97189599e+00  1.14665712e+01 -1.06532618e+01
 -1.79221092e+00  7.40067607e+00 -4.62685824e+00  1.39153619e+00
 -1.95859943e-01 -1.67356387e-03  4.77878892e-03 -6.02890710e-04
  1.56083830e-05 -1.90996395e-07  5.13024328e-07 -3.72963396e-08
 -6.95376988e-09  8.01443552e-10  6.34117834e-11 -5.03911027e-12
 -1.50200627e-12 -1.03698817e-14  3.04131134e-14 -9.91345479e-16
  1.20922903e-16 -5.93627652e-17  4.66417110e-18  1.00943239e-20
 -7.58583961e-21]

==================================================
Case  30  : 
[ 9.86857298e-01  1.22243359e+00 -1.64854413e-01  4.25686644e+00
 -7.89451393e+00  4.66640174e+00 -8.86934867e-01 -1.44467236e-01
  8.23474112e-02 -9.73622507e-03 -1.55535082e-04  6.53467360e-05
 -8.65639430e-07  6.49576213e-07  1.18342471e-08 -1.94370382e-08
  2.02978047e-10 -4.39714521e-11  1.44998857e-11  1.85766157e-12
 -3.33805306e-14  1.78913537e-14 -5.73822008e-15 -2.14675496e-16
 -1.99928817e-17  1.23401939e-17 -1.32572248e-19 -2.93561647e-20
 -5.54103876e-21  3.93037672e-22]

==================================================
Case  31  : 
[ 8.69976894e-01  4.52636777e+00 -1.60121969e+01  3.55369831e+01
 -4.00510007e+01  2.37461075e+01 -7.66460360e+00  1.26582252e+00
 -6.98625384e-02 -4.42852451e-03 -2.19450492e-04  1.18644252e-04
  1.16360339e-05 -2.73409317e-06  7.67375774e-08 -1.38940613e-08
  2.69982905e-09  5.62931314e-11 -2.49249341e-11 -2.15611782e-12
  7.58428753e-13 -1.44307151e-14 -7.65876394e-15  1.09895319e-16
  6.43055544e-17 -4.41965564e-18  3.50183419e-19 -4.98436462e-20
  1.06102856e-20 -1.26871913e-21  5.02242946e-23]

==================================================
Case  32  : 
[ 7.79014667e-01  6.81606407e+00 -2.59666011e+01  5.41536004e+01
 -5.96090971e+01  3.68474251e+01 -1.35471259e+01  3.00666311e+00
 -3.75460741e-01  1.65249689e-02  1.35299884e-03  6.82029905e-05
 -6.99997280e-05  5.39870408e-06  3.14654969e-07  7.04213209e-09
 -8.94465858e-09  6.46962792e-10 -6.30119831e-11 -4.99838360e-12
  1.05514377e-12  2.08862205e-13 -1.51379908e-14 -4.28501357e-16
 -2.85920685e-16  2.99912211e-17 -3.55137237e-18  6.16904190e-19
 -3.67172348e-20  5.66470969e-21 -8.89775568e-22  3.91033171e-23]

==================================================
Case  33  : 
[ 1.11500758e+00 -2.42609137e+00  1.75622954e+01 -3.11992508e+01
  2.89263535e+01 -1.72373457e+01  6.79760700e+00 -1.67453925e+00
  2.27704247e-01 -1.30761915e-02  6.31706293e-04 -2.33589921e-04
  1.68830012e-05  2.51027900e-06 -3.02883302e-07  2.69924423e-08
 -1.43395835e-09 -4.06910730e-10 -2.36149718e-11  7.26063014e-12
  1.29787413e-13  7.11107038e-14 -8.27861326e-15 -6.27459339e-16
  6.40646318e-17 -1.40014152e-17  1.15087133e-18 -6.60648586e-20
  1.52145913e-20  9.87437817e-22 -1.37107022e-22 -1.87376597e-23
  1.48225788e-24]

==================================================
Case  34  : 
[ 1.00182344e+00  5.97433017e-01  4.31793309e+00 -8.13643881e+00
  9.27349908e+00 -8.85751243e+00  5.54798155e+00 -2.02116716e+00
  4.07769109e-01 -4.12577697e-02  2.20290738e-03 -3.71358803e-04
  5.06888683e-05  3.98976446e-06 -7.81028994e-07 -7.81276221e-08
  9.42721032e-09  8.75136963e-10 -4.40646076e-11  3.68433809e-12
 -2.51277744e-12 -1.00130604e-13  5.18852993e-14  8.41729091e-16
 -4.49490246e-16  5.29044377e-18 -5.88059903e-19  4.27280893e-20
 -1.43551974e-20  6.37724674e-21 -2.87600187e-22 -1.85653312e-23
 -5.80305061e-25  1.20474319e-25]

==================================================
Case  35  : 
[ 1.12885219e+00 -2.68078560e+00  1.78698386e+01 -2.96637344e+01
  2.46684841e+01 -1.26553696e+01  4.13127765e+00 -7.58910223e-01
  4.04105400e-02  8.76937222e-03 -8.41472467e-04 -9.88097204e-05
 -1.58517200e-06  2.52221378e-06 -3.75105590e-08  1.04717336e-08
 -2.30745826e-09 -2.79025895e-10 -1.55187571e-11  3.69915858e-12
  3.97371624e-13  4.79327791e-14 -1.28008967e-15 -1.30447981e-15
  3.01959650e-17 -3.76664058e-18  3.86878763e-19  9.75471960e-20
 -8.34945338e-21  8.42012864e-22 -6.87926615e-23  2.29518053e-24
  1.80173657e-25 -1.11403407e-25  7.46357691e-27]

==================================================
Case  36  : 
[ 1.08798341e+00 -1.67111463e+00  1.56907722e+01 -3.39904051e+01
  4.30273779e+01 -3.67970670e+01  2.08576531e+01 -7.64194256e+00
  1.76961563e+00 -2.46697956e-01  1.82310426e-02 -4.56474261e-04
 -1.03754466e-05  1.18178118e-06 -8.59448171e-08  5.26435322e-09
 -9.34708328e-09  3.71294817e-10  1.16142415e-10  2.03740706e-11
 -2.06730406e-12 -2.18590827e-13 -3.42588774e-14  2.71878467e-15
  6.66428577e-16 -4.64422598e-17  1.41437163e-17 -1.37207920e-18
 -1.69140996e-19  5.99112661e-21  2.23201383e-21 -8.02087858e-23
  1.48692121e-25 -2.02079110e-25 -7.12256187e-26  5.44299846e-27]

==================================================
Case  37  : 
[ 7.81545865e-01  6.93130981e+00 -2.76136337e+01  5.95510361e+01
 -6.68665197e+01  4.13045568e+01 -1.44198660e+01  2.61260028e+00
 -1.05759033e-01 -4.53841844e-02  6.96070778e-03 -3.78981712e-05
 -1.47899670e-05 -1.25802970e-05  2.16826300e-06 -9.06847671e-08
 -1.03834516e-08  2.00525169e-09 -1.93923537e-10  1.98240233e-11
 -8.22951057e-13  3.70543215e-15 -4.63011931e-14  3.86364354e-15
  1.89209462e-16  3.65091035e-17 -5.33429296e-18  4.07961328e-19
 -8.30618276e-20 -2.28512711e-21  6.42589509e-22 -5.34113423e-23
  1.49555508e-23 -1.01032386e-25 -9.61692352e-26 -4.77354650e-27
  6.10726873e-28]

==================================================
Case  38  : 
[ 6.45640108e-01  1.07126086e+01 -4.42211971e+01  8.82238309e+01
 -9.17321857e+01  5.39551338e+01 -1.91046410e+01  4.26481706e+00
 -6.35584549e-01  6.95130132e-02 -5.93147108e-03  3.81824950e-04
 -2.57036231e-05 -1.05129949e-07  5.97655474e-07  8.35250977e-09
 -1.90974087e-08  2.26407652e-09 -8.08522034e-11 -1.33908717e-11
  3.40854592e-13 -1.40055717e-13  8.33934915e-14 -1.74837110e-15
 -5.06805121e-16  2.51180654e-17 -7.06786716e-18 -1.31697149e-18
  1.42710466e-19  9.87639222e-21  1.42488241e-21  4.01204459e-23
 -1.79198705e-23 -2.32047466e-24 -2.64274912e-25  3.94849613e-26
  3.55740789e-27 -3.14323511e-28]

==================================================
Case  39  : 
[ 9.82833481e-01  1.39030912e+00 -1.16329372e+00  6.48156707e+00
 -1.03487167e+01  6.24514246e+00 -1.57455859e+00  9.48470423e-02
  1.09411792e-02  6.38846120e-03 -2.35993724e-03  1.90073956e-04
 -2.95081923e-06  2.86884055e-06 -4.23680937e-07  6.48153808e-09
 -1.72597691e-09  2.39340229e-10  2.17401248e-11 -2.14950389e-12
  3.65536728e-13 -5.40795753e-15 -6.62946652e-15 -4.28813674e-16
  2.68654980e-17  1.00491818e-17  4.24852648e-19  6.40825885e-21
 -2.10993864e-20  7.40187638e-22 -6.90133275e-23  1.75722083e-23
  1.30931221e-24 -2.98461873e-25  5.38207693e-27 -4.15767105e-28
  2.06895698e-28 -1.45209419e-29  2.60727460e-31]

==================================================
Case  40  : 
[ 1.02028097e+00  2.89738871e-01  4.40799029e+00 -5.14966674e+00
  2.28434969e+00 -1.64745730e+00  1.36278786e+00 -5.46224407e-01
  8.97681397e-02 -1.38533424e-03 -5.47395982e-04 -1.51740086e-04
  1.67860788e-05  3.31364405e-06 -1.40496266e-07 -4.85096778e-08
  5.21521091e-10 -1.37316662e-10  4.97820643e-11  4.71836530e-12
  1.60389102e-13 -4.30997362e-14 -1.34647245e-14 -6.67157229e-16
  1.99995739e-16  9.92965107e-18 -4.80228061e-20 -2.04348988e-19
  9.18027389e-23 -2.76749488e-22  2.74656355e-22 -1.17591340e-23
  1.25851075e-24 -6.07601051e-25  4.51969002e-26  6.20021933e-28
  2.18399579e-29 -4.92692083e-30 -1.47943815e-30  9.26445232e-32]

==================================================
Case  41  : 
[ 1.02486346e+00  2.14445458e-01  4.56129569e+00 -5.12532280e+00
  1.98637126e+00 -1.31842940e+00  1.18095760e+00 -4.86148756e-01
  7.73055247e-02  1.09031175e-04 -4.72816664e-04 -2.72066543e-04
  5.43927763e-05 -1.64067318e-06 -1.26943984e-07  4.12976489e-09
 -1.61520926e-09 -7.35120008e-11  1.06570479e-11  2.07802475e-12
  4.40511106e-13 -5.39848249e-14  2.61308434e-15  2.14485662e-16
 -1.30566522e-16 -3.06944865e-18  5.29800448e-19  1.15988723e-19
  1.21837074e-20 -1.50461394e-21 -2.61646487e-22  5.72481106e-23
 -4.18914393e-24 -6.90208397e-26  4.74434195e-26 -8.59614882e-27
  4.78226170e-28  2.73150915e-29  6.66203178e-31 -4.71034022e-31
  1.88926676e-32]

==================================================
Case  42  : 
[ 9.36337459e-01  2.73786308e+00 -7.71848883e+00  1.95415738e+01
 -2.38622749e+01  1.42969606e+01 -4.42336198e+00  6.59781421e-01
 -3.00685639e-02 -2.60791723e-04 -5.83785778e-04  4.84932379e-05
  3.58108737e-06  9.98784386e-07 -6.93956270e-08 -2.60215200e-08
  1.24297978e-09  2.45043043e-11  3.78007549e-12  2.11400263e-12
  7.00356580e-14 -3.43735305e-14  2.67260522e-15 -6.06487022e-16
  5.22133703e-17 -2.13098636e-18 -8.51293736e-19  1.38829993e-19
 -2.64144937e-21  5.84072332e-22  7.19229417e-24 -1.37954197e-23
  3.00537656e-26  7.87672903e-26  7.17659987e-27 -2.55826470e-27
 -7.55889446e-29  2.21490163e-29  4.09075307e-30 -3.08457219e-31
 -3.00206401e-32  2.11882594e-33]

==================================================
Case  43  : 
[ 1.19041529e+00 -4.12966786e+00  2.26900327e+01 -3.37461053e+01
  2.15273538e+01 -4.88605709e+00 -1.61590748e+00  1.40359546e+00
 -3.89285745e-01  4.62983931e-02 -1.35359006e-03  1.50038012e-04
 -7.36241343e-05  1.33296744e-06  1.11318541e-06 -3.56118745e-08
 -6.17817844e-09  4.87250279e-10 -1.12829953e-11 -5.95120768e-12
 -1.22399370e-12  1.38109280e-13  8.13594548e-15 -3.93955598e-16
  3.09760573e-16  8.01716793e-18 -1.59553012e-18 -6.43226174e-19
 -4.22842568e-20  1.39472729e-21  4.33621396e-22  5.04343053e-23
  9.98826566e-24 -6.40150976e-25 -3.83792844e-26  5.57756582e-27
 -9.14620879e-28 -1.57089893e-28  6.06303041e-30  6.15310897e-31
  9.14896629e-32  8.50381215e-33 -1.28985610e-33]

==================================================
Case  44  : 
[ 1.00245631e+00  8.06623227e-01  2.10509908e+00 -1.15335978e+00
 -1.15360984e+00  2.70352320e-02  8.11756622e-01 -3.75890551e-01
  3.57216528e-02  1.08102121e-02 -1.81130989e-03 -1.95031920e-04
  3.59921185e-05  2.82644186e-06 -2.59091437e-07 -4.52435592e-08
  3.59062812e-10  5.98111600e-11  3.65512644e-11  4.62978453e-12
 -5.06494782e-13  8.42057043e-15 -4.23760717e-15  6.39986263e-16
 -1.26755791e-16  4.47077959e-18  4.61262928e-19  2.97484971e-20
 -5.10384695e-21 -1.38483135e-22  9.47190273e-23  5.24959690e-25
  1.56425447e-24 -2.56109590e-25  2.07773986e-27 -1.76306225e-27
 -1.85352140e-28  1.61136378e-29  5.22216108e-30 -1.34161524e-31
  2.09637572e-32 -3.76599742e-33 -3.50301393e-34  3.41123782e-35]

==================================================
mse size :  44
mse :  [0.4673187195441283, 0.4624259822889996, 0.4669906902652632, 0.45387032833450275, 0.431209069277426, 0.4355322914130998, 0.38798172186629315, 0.26511760965067727, 0.18776474456285294, 0.17595505462782196, 0.16452729947848893, 0.14734925147750666, 0.11323524869780499, 0.8921878530956086, 0.13507193139494578, 0.13623918269483096, 0.11347294944086928, 0.2791146082388175, 0.055010479960899784, 0.0445526307189809, 0.12159488754286465, 0.049168131841871444, 0.029143386199650845, 0.03152218872432885, 0.1010963002728836, 0.21766419316496402, 0.05362329150676566, 0.23162774032673997, 0.12233634846093218, 0.029250805575942184, 0.03250958730425401, 0.11599087232653633, 0.09476386373092906, 0.07378870511031113, 0.10803979122732651, 0.08294658377762806, 0.12946369579845657, 0.3429286278954613, 0.032448635424735715, 0.05107330828669883, 0.05392247880842305, 0.034832350639888925, 0.36477136869572846, 0.0783159797283945]
0   1.0105805846611597
1   0.990225269857798
2   1.0289077322567135
3   1.0525528349741113
4   0.9900737047036239
5   1.1225587878678305
6   1.4634324833325987
7   1.411966928445031
8   1.0671176509251792
9   1.069458109295881
10   1.11658049042485
11   1.3012666388956582
12   0.1269186173123907
13   6.605279452818968
14   0.9914323377695258
15   1.2006313695567168
16   0.4065460785333706
17   5.073844264532974
18   1.234730229689074
19   0.36640217051292717
20   2.473042659703308
21   1.6871111512244417
22   0.9245356169433105
23   0.3118035837042777
24   0.46445994999400025
25   4.0591352572510635
26   0.23150634475440326
27   1.893368105561118
28   4.182324077992224
29   0.8997593633590851
30   0.28027711708843217
31   1.2239989776681004
32   1.284259746654463
33   0.6829771167833185
34   1.3025224946812874
35   0.6406937733861366
36   0.37752373312479004
37   10.56835282614213
38   0.635334512551763
39   0.9471617294923178
40   1.5480574184009477
41   0.09549091192226793
42   4.657687613189314
[ 1.01058058  0.99022527  1.02890773  1.05255283  0.9900737   1.12255879
  1.46343248  1.41196693  1.06711765  1.06945811  1.11658049  1.30126664
  0.12691862  6.60527945  0.99143234  1.20063137  0.40654608  5.07384426
  1.23473023  0.36640217  2.47304266  1.68711115  0.92453562  0.31180358
  0.46445995  4.05913526  0.23150634  1.89336811  4.18232408  0.89975936
  0.28027712  1.22399898  1.28425975  0.68297712  1.30252249  0.64069377
  0.37752373 10.56835283  0.63533451  0.94716173  1.54805742  0.09549091
  4.65768761]
Case 1 : 42
sort : [42 13 27 31 24 20 37 17 25 39 36 34 30 23 40  5  2 15  1  3  4  9 10 11
  6 16 32 19 33 12 35  8  7 41 22 28 21 26 29 43 18 14 38]
THE BEST CHOICE :  [1, 2, 3, 4, 5, 6, 7, 8, 9, 10, 11, 12, 13, 15, 16, 17, 19, 20, 22, 23, 24, 25, 27, 28, 30, 31, 32, 33, 34, 35, 36, 37, 39, 40, 41, 42]
Case 2 : 23
sort : [23 30 24 39 31 42 20 22 40 27 41 19 34 44 36 33 25 35 13 17 32 21 29 37
 15 16 12 11 10  9 26 28  8 18 38 43  7  5  6  4  2  3  1 14]
name ['' 'f(x) = 1.3200E+00' 'f(x) = 1.4772E+00 + -3.6178E-02 * x'
 'f(x) = 1.4260E+00 + 2.8636E-03 * x + -4.5716E-03 * x^2'
 'f(x) = 1.6814E+00 + -4.0739E-01 * x + 1.1501E-01 * x^2 + -9.1013E-03 * x^3'
 'f(x) = 1.3611E+00 + 4.8095E-01 * x + -3.6301E-01 * x^2 + 7.7062E-02 * x^3 + -4.9326E-03 * x^4'
 'f(x) = 1.4285E+00 + 1.9678E-01 * x + -1.2338E-01 * x^2 + 2.8552E-03 * x^3 + 4.6400E-03 * x^4 + -4.3659E-04 * x^5'
 'f(x) = 1.0190E+00 + 2.7100E+00 * x + -3.2470E+00 * x^2 + 1.4870E+00 * x^3 + -3.1961E-01 * x^4 + 3.2487E-02 * x^5 + -1.2590E-03 * x^6'
 'f(x) = 5.1413E-01 + 7.2331E+00 * x + -1.1132E+01 * x^2 + 6.7832E+00 * x^3 + -2.0319E+00 * x^4 + 3.1839E-01 * x^5 + -2.5021E-02 * x^6 + 7.7774E-04 * x^7'
 'f(x) = 8.2613E-01 + 3.2037E+00 * x + -1.8051E+00 * x^2 + -1.5566E+00 * x^3 + 1.6610E+00 * x^4 + -5.7466E-01 * x^5 + 9.5088E-02 * x^6 + -7.6567E-03 * x^7 + 2.4107E-04 * x^8'
 'f(x) = 9.5304E-01 + 1.0175E+00 * x + 4.4821E+00 * x^2 + -8.6330E+00 * x^3 + 5.7024E+00 * x^4 + -1.8830E+00 * x^5 + 3.4550E-01 * x^6 + -3.5716E-02 * x^7 + 1.9422E-03 * x^8 + -4.3076E-05 * x^9'
 'f(x) = 1.0858E+00 + -1.7702E+00 * x + 1.4025E+01 * x^2 + -2.1718E+01 * x^3 + 1.5014E+01 * x^4 + -5.7427E+00 * x^5 + 1.3287E+00 * x^6 + -1.9172E-01 * x^7 + 1.6969E-02 * x^8 + -8.4711E-04 * x^9 + 1.8328E-05 * x^10'
 'f(x) = 1.2479E+00 + -5.7628E+00 * x + 3.0197E+01 * x^2 + -4.8526E+01 * x^3 + 3.8422E+01 * x^4 + -1.7853E+01 * x^5 + 5.2719E+00 * x^6 + -1.0216E+00 * x^7 + 1.2967E-01 * x^8 + -1.0380E-02 * x^9 + 4.7514E-04 * x^10 + -9.4693E-06 * x^11'
 'f(x) = 1.1439E+00 + -2.8204E+00 * x + 1.6112E+01 * x^2 + -2.0557E+01 * x^3 + 8.9268E+00 * x^4 + 7.7599E-01 * x^5 + -2.2544E+00 * x^6 + 9.9205E-01 * x^7 + -2.3123E-01 * x^8 + 3.2470E-02 * x^9 + -2.7586E-03 * x^10 + 1.3096E-04 * x^11 + -2.6715E-06 * x^12'
 'f(x) = 2.9550E+00 + -4.7223E+01 * x + 1.9227E+02 * x^2 + -2.9697E+02 * x^3 + 2.2073E+02 * x^4 + -7.8290E+01 * x^5 + 4.1742E+00 * x^6 + 7.6684E+00 * x^7 + -3.4137E+00 * x^8 + 7.4949E-01 * x^9 + -9.8323E-02 * x^10 + 7.8159E-03 * x^11 + -3.4852E-04 * x^12 + 6.7081E-06 * x^13'
 'f(x) = 1.1915E+00 + -4.3549E+00 * x + 2.5018E+01 * x^2 + -4.2076E+01 * x^3 + 3.6416E+01 * x^4 + -2.0113E+01 * x^5 + 7.8157E+00 * x^6 + -2.1848E+00 * x^7 + 4.2588E-01 * x^8 + -5.3099E-02 * x^9 + 3.2137E-03 * x^10 + 1.0129E-04 * x^11 + -3.3074E-05 * x^12 + 2.2509E-06 * x^13 + -5.4716E-08 * x^14'
 'f(x) = 1.1993E+00 + -4.4289E+00 * x + 2.4390E+01 * x^2 + -3.8563E+01 * x^3 + 2.9917E+01 * x^4 + -1.3885E+01 * x^5 + 4.2362E+00 * x^6 + -8.6642E-01 * x^7 + 1.0676E-01 * x^8 + -2.9895E-03 * x^9 + -1.4743E-03 * x^10 + 2.6741E-04 * x^11 + -1.8395E-05 * x^12 + 1.1367E-07 * x^13 + 5.0999E-08 * x^14 + -1.9737E-09 * x^15'
 'f(x) = 1.1507E+00 + -2.5800E+00 * x + 1.3120E+01 * x^2 + -1.1683E+01 * x^3 + -2.4873E+00 * x^4 + 8.3826E+00 * x^5 + -4.8962E+00 * x^6 + 1.2948E+00 * x^7 + -1.1216E-01 * x^8 + -2.6698E-02 * x^9 + 8.9034E-03 * x^10 + -9.5171E-04 * x^11 + -1.9489E-06 * x^12 + 1.1176E-05 * x^13 + -1.2227E-06 * x^14 + 5.8961E-08 * x^15 + -1.1311E-09 * x^16'
 'f(x) = 1.5568E+00 + -1.7003E+01 * x + 1.0320E+02 * x^2 + -2.4048E+02 * x^3 + 3.0030E+02 * x^4 + -2.2763E+02 * x^5 + 1.1066E+02 * x^6 + -3.5198E+01 * x^7 + 7.2338E+00 * x^8 + -8.9182E-01 * x^9 + 4.6054E-02 * x^10 + 3.6542E-03 * x^11 + -9.3946E-04 * x^12 + 1.1646E-04 * x^13 + -1.3153E-05 * x^14 + 1.1743E-06 * x^15 + -6.1611E-08 * x^16 + 1.3584E-09 * x^17'
 'f(x) = 9.7055E-01 + 1.7378E+00 * x + -3.1933E+00 * x^2 + 1.1696E+01 * x^3 + -1.7404E+01 * x^4 + 1.1619E+01 * x^5 + -3.8903E+00 * x^6 + 5.9932E-01 * x^7 + -6.6405E-03 * x^8 + -9.0267E-03 * x^9 + 4.3736E-04 * x^10 + 1.1965E-04 * x^11 + -1.3066E-05 * x^12 + 1.1409E-06 * x^13 + -2.5799E-07 * x^14 + 1.4442E-08 * x^15 + 2.6265E-09 * x^16 + -3.4320E-10 * x^17 + 1.1322E-11 * x^18'
 'f(x) = 9.6785E-01 + 1.8723E+00 * x + -4.0521E+00 * x^2 + 1.3606E+01 * x^3 + -1.9275E+01 * x^4 + 1.2392E+01 * x^5 + -3.8588E+00 * x^6 + 4.3725E-01 * x^7 + 6.1604E-02 * x^8 + -2.2206E-02 * x^9 + 1.5062E-03 * x^10 + 1.3113E-04 * x^11 + -1.6118E-05 * x^12 + 5.6144E-07 * x^13 + -2.6711E-07 * x^14 + 2.1608E-08 * x^15 + 5.1231E-09 * x^16 + -9.2345E-10 * x^17 + 5.4083E-11 * x^18 + -1.1064E-12 * x^19'
 'f(x) = 1.1971E+00 + -4.4352E+00 * x + 2.5143E+01 * x^2 + -4.1765E+01 * x^3 + 3.5107E+01 * x^4 + -1.8082E+01 * x^5 + 6.0795E+00 * x^6 + -1.2962E+00 * x^7 + 1.4852E-01 * x^8 + -2.5290E-03 * x^9 + -1.0919E-03 * x^10 + -1.1200E-05 * x^11 + 2.4294E-05 * x^12 + -2.4062E-06 * x^13 + 3.9689E-08 * x^14 + 5.3569E-08 * x^15 + -1.5099E-08 * x^16 + 1.6505E-09 * x^17 + -5.6588E-11 * x^18 + -2.1302E-12 * x^19 + 1.4161E-13 * x^20'
 'f(x) = 9.1130E-01 + 3.9883E+00 * x + -1.7658E+01 * x^2 + 4.9207E+01 * x^3 + -6.8607E+01 * x^4 + 5.3836E+01 * x^5 + -2.6621E+01 * x^6 + 8.9204E+00 * x^7 + -2.0892E+00 * x^8 + 3.3115E-01 * x^9 + -2.9397E-02 * x^10 + -3.6985E-05 * x^11 + 2.8155E-04 * x^12 + -9.0924E-06 * x^13 + -3.4722E-06 * x^14 + 3.1329E-07 * x^15 + 1.0882E-08 * x^16 + -2.5194E-09 * x^17 + 1.6047E-10 * x^18 + -1.6530E-11 * x^19 + 1.4518E-12 * x^20 + -4.5826E-14 * x^21'
 'f(x) = 8.9555E-01 + 3.7718E+00 * x + -1.2220E+01 * x^2 + 2.7663E+01 * x^3 + -3.1421E+01 * x^4 + 1.8109E+01 * x^5 + -5.3070E+00 * x^6 + 6.0390E-01 * x^7 + 5.9007E-02 * x^8 + -2.1808E-02 * x^9 + 1.1722E-03 * x^10 + 1.3100E-04 * x^11 + -7.6800E-06 * x^12 + -8.5752E-07 * x^13 + 1.0231E-07 * x^14 + -1.6236E-08 * x^15 + -1.1984E-09 * x^16 + 3.6072E-10 * x^17 + 4.1009E-11 * x^18 + -6.4732E-12 * x^19 + -5.6029E-13 * x^20 + 1.0455E-13 * x^21 + -3.7802E-15 * x^22'
 'f(x) = 8.8130E-01 + 4.1687E+00 * x + -1.4157E+01 * x^2 + 3.1708E+01 * x^3 + -3.6081E+01 * x^4 + 2.1473E+01 * x^5 + -6.9460E+00 * x^6 + 1.1649E+00 * x^7 + -7.6380E-02 * x^8 + -2.1857E-04 * x^9 + -4.8523E-04 * x^10 + 1.5673E-05 * x^11 + 2.9020E-05 * x^12 + -1.2468E-06 * x^13 + -6.3182E-07 * x^14 + 6.3757E-08 * x^15 + -2.5137E-11 * x^16 + -8.9329E-11 * x^17 + 1.5577E-12 * x^18 + 4.2028E-13 * x^19 + -3.0868E-13 * x^20 + 1.4666E-14 * x^21 + 1.9430E-15 * x^22 + -1.2318E-16 * x^23'
 'f(x) = 8.5895E-01 + 5.0363E+00 * x + -1.8938E+01 * x^2 + 4.2014E+01 * x^3 + -4.8118E+01 * x^4 + 3.1058E+01 * x^5 + -1.2940E+01 * x^6 + 4.0977E+00 * x^7 + -1.1019E+00 * x^8 + 2.3001E-01 * x^9 + -2.7932E-02 * x^10 + 3.7983E-04 * x^11 + 2.8818E-04 * x^12 + -8.2058E-07 * x^13 + -6.7785E-06 * x^14 + 5.0416E-07 * x^15 + 3.8156E-08 * x^16 + -3.3527E-09 * x^17 + -5.6966E-10 * x^18 + 6.1033E-11 * x^19 + 5.4968E-12 * x^20 + -1.5455E-12 * x^21 + 1.4053E-13 * x^22 + -6.2289E-15 * x^23 + 1.1101E-16 * x^24'
 'f(x) = 1.3827E+00 + -9.7435E+00 * x + 5.0491E+01 * x^2 + -9.0205E+01 * x^3 + 8.0841E+01 * x^4 + -4.0314E+01 * x^5 + 1.0545E+01 * x^6 + -7.1548E-01 * x^7 + -3.3884E-01 * x^8 + 8.4478E-02 * x^9 + -2.3990E-03 * x^10 + -1.2888E-03 * x^11 + 1.2216E-04 * x^12 + -7.1100E-08 * x^13 + 6.8824E-07 * x^14 + -8.7698E-08 * x^15 + -1.3675E-08 * x^16 + 2.3808E-09 * x^17 + -3.0988E-10 * x^18 + 2.9268E-11 * x^19 + 1.1440E-12 * x^20 + -4.5400E-14 * x^21 + -5.1554E-14 * x^22 + 3.3932E-15 * x^23 + 1.4127E-16 * x^24 + -1.1861E-17 * x^25'
 'f(x) = 1.0147E+00 + 5.6445E-01 * x + 2.0900E+00 * x^2 + 1.9521E+00 * x^3 + -8.2328E+00 * x^4 + 6.9494E+00 * x^5 + -2.7490E+00 * x^6 + 6.0803E-01 * x^7 + -8.8290E-02 * x^8 + 1.1196E-02 * x^9 + -1.1851E-03 * x^10 + 3.3573E-05 * x^11 + 2.0308E-06 * x^12 + 1.7674E-06 * x^13 + -2.8748E-07 * x^14 + -2.9132E-10 * x^15 + 2.4480E-09 * x^16 + -2.3244E-10 * x^17 + 1.8818E-11 * x^18 + -2.4406E-12 * x^19 + 4.4033E-13 * x^20 + -3.7353E-14 * x^21 + 1.0476E-15 * x^22 + 2.3789E-17 * x^23 + -3.6582E-17 * x^24 + 5.6206E-18 * x^25 + -2.3306E-19 * x^26'
 'f(x) = 1.1953E+00 + -4.4275E+00 * x + 2.3934E+01 * x^2 + -3.4569E+01 * x^3 + 1.9460E+01 * x^4 + -1.2458E+00 * x^5 + -4.0135E+00 * x^6 + 2.1851E+00 * x^7 + -5.0269E-01 * x^8 + 4.4499E-02 * x^9 + 1.2082E-03 * x^10 + -1.2695E-05 * x^11 + -1.0498E-04 * x^12 + 7.5137E-06 * x^13 + 5.7773E-08 * x^14 + 1.5625E-07 * x^15 + -1.6533E-08 * x^16 + -3.1916E-10 * x^17 + -1.5975E-10 * x^18 + 1.4347E-11 * x^19 + 2.7873E-12 * x^20 + -8.9513E-14 * x^21 + -1.4520E-14 * x^22 + -8.7470E-16 * x^23 + 7.3877E-17 * x^24 + -1.1947E-17 * x^25 + 2.9737E-18 * x^26 + -1.5001E-19 * x^27'
 'f(x) = 1.1211E+00 + -1.9719E+00 * x + 1.1467E+01 * x^2 + -1.0653E+01 * x^3 + -1.7922E+00 * x^4 + 7.4007E+00 * x^5 + -4.6269E+00 * x^6 + 1.3915E+00 * x^7 + -1.9586E-01 * x^8 + -1.6736E-03 * x^9 + 4.7788E-03 * x^10 + -6.0289E-04 * x^11 + 1.5608E-05 * x^12 + -1.9100E-07 * x^13 + 5.1302E-07 * x^14 + -3.7296E-08 * x^15 + -6.9538E-09 * x^16 + 8.0144E-10 * x^17 + 6.3412E-11 * x^18 + -5.0391E-12 * x^19 + -1.5020E-12 * x^20 + -1.0370E-14 * x^21 + 3.0413E-14 * x^22 + -9.9135E-16 * x^23 + 1.2092E-16 * x^24 + -5.9363E-17 * x^25 + 4.6642E-18 * x^26 + 1.0094E-20 * x^27 + -7.5858E-21 * x^28'
 'f(x) = 9.8686E-01 + 1.2224E+00 * x + -1.6485E-01 * x^2 + 4.2569E+00 * x^3 + -7.8945E+00 * x^4 + 4.6664E+00 * x^5 + -8.8693E-01 * x^6 + -1.4447E-01 * x^7 + 8.2347E-02 * x^8 + -9.7362E-03 * x^9 + -1.5554E-04 * x^10 + 6.5347E-05 * x^11 + -8.6564E-07 * x^12 + 6.4958E-07 * x^13 + 1.1834E-08 * x^14 + -1.9437E-08 * x^15 + 2.0298E-10 * x^16 + -4.3971E-11 * x^17 + 1.4500E-11 * x^18 + 1.8577E-12 * x^19 + -3.3381E-14 * x^20 + 1.7891E-14 * x^21 + -5.7382E-15 * x^22 + -2.1468E-16 * x^23 + -1.9993E-17 * x^24 + 1.2340E-17 * x^25 + -1.3257E-19 * x^26 + -2.9356E-20 * x^27 + -5.5410E-21 * x^28 + 3.9304E-22 * x^29'
 'f(x) = 8.6998E-01 + 4.5264E+00 * x + -1.6012E+01 * x^2 + 3.5537E+01 * x^3 + -4.0051E+01 * x^4 + 2.3746E+01 * x^5 + -7.6646E+00 * x^6 + 1.2658E+00 * x^7 + -6.9863E-02 * x^8 + -4.4285E-03 * x^9 + -2.1945E-04 * x^10 + 1.1864E-04 * x^11 + 1.1636E-05 * x^12 + -2.7341E-06 * x^13 + 7.6738E-08 * x^14 + -1.3894E-08 * x^15 + 2.6998E-09 * x^16 + 5.6293E-11 * x^17 + -2.4925E-11 * x^18 + -2.1561E-12 * x^19 + 7.5843E-13 * x^20 + -1.4431E-14 * x^21 + -7.6588E-15 * x^22 + 1.0990E-16 * x^23 + 6.4306E-17 * x^24 + -4.4197E-18 * x^25 + 3.5018E-19 * x^26 + -4.9844E-20 * x^27 + 1.0610E-20 * x^28 + -1.2687E-21 * x^29 + 5.0224E-23 * x^30'
 'f(x) = 7.7901E-01 + 6.8161E+00 * x + -2.5967E+01 * x^2 + 5.4154E+01 * x^3 + -5.9609E+01 * x^4 + 3.6847E+01 * x^5 + -1.3547E+01 * x^6 + 3.0067E+00 * x^7 + -3.7546E-01 * x^8 + 1.6525E-02 * x^9 + 1.3530E-03 * x^10 + 6.8203E-05 * x^11 + -7.0000E-05 * x^12 + 5.3987E-06 * x^13 + 3.1465E-07 * x^14 + 7.0421E-09 * x^15 + -8.9447E-09 * x^16 + 6.4696E-10 * x^17 + -6.3012E-11 * x^18 + -4.9984E-12 * x^19 + 1.0551E-12 * x^20 + 2.0886E-13 * x^21 + -1.5138E-14 * x^22 + -4.2850E-16 * x^23 + -2.8592E-16 * x^24 + 2.9991E-17 * x^25 + -3.5514E-18 * x^26 + 6.1690E-19 * x^27 + -3.6717E-20 * x^28 + 5.6647E-21 * x^29 + -8.8978E-22 * x^30 + 3.9103E-23 * x^31'
 'f(x) = 1.1150E+00 + -2.4261E+00 * x + 1.7562E+01 * x^2 + -3.1199E+01 * x^3 + 2.8926E+01 * x^4 + -1.7237E+01 * x^5 + 6.7976E+00 * x^6 + -1.6745E+00 * x^7 + 2.2770E-01 * x^8 + -1.3076E-02 * x^9 + 6.3171E-04 * x^10 + -2.3359E-04 * x^11 + 1.6883E-05 * x^12 + 2.5103E-06 * x^13 + -3.0288E-07 * x^14 + 2.6992E-08 * x^15 + -1.4340E-09 * x^16 + -4.0691E-10 * x^17 + -2.3615E-11 * x^18 + 7.2606E-12 * x^19 + 1.2979E-13 * x^20 + 7.1111E-14 * x^21 + -8.2786E-15 * x^22 + -6.2746E-16 * x^23 + 6.4065E-17 * x^24 + -1.4001E-17 * x^25 + 1.1509E-18 * x^26 + -6.6065E-20 * x^27 + 1.5215E-20 * x^28 + 9.8744E-22 * x^29 + -1.3711E-22 * x^30 + -1.8738E-23 * x^31 + 1.4823E-24 * x^32'
 'f(x) = 1.0018E+00 + 5.9743E-01 * x + 4.3179E+00 * x^2 + -8.1364E+00 * x^3 + 9.2735E+00 * x^4 + -8.8575E+00 * x^5 + 5.5480E+00 * x^6 + -2.0212E+00 * x^7 + 4.0777E-01 * x^8 + -4.1258E-02 * x^9 + 2.2029E-03 * x^10 + -3.7136E-04 * x^11 + 5.0689E-05 * x^12 + 3.9898E-06 * x^13 + -7.8103E-07 * x^14 + -7.8128E-08 * x^15 + 9.4272E-09 * x^16 + 8.7514E-10 * x^17 + -4.4065E-11 * x^18 + 3.6843E-12 * x^19 + -2.5128E-12 * x^20 + -1.0013E-13 * x^21 + 5.1885E-14 * x^22 + 8.4173E-16 * x^23 + -4.4949E-16 * x^24 + 5.2904E-18 * x^25 + -5.8806E-19 * x^26 + 4.2728E-20 * x^27 + -1.4355E-20 * x^28 + 6.3772E-21 * x^29 + -2.8760E-22 * x^30 + -1.8565E-23 * x^31 + -5.8031E-25 * x^32 + 1.2047E-25 * x^33'
 'f(x) = 1.1289E+00 + -2.6808E+00 * x + 1.7870E+01 * x^2 + -2.9664E+01 * x^3 + 2.4668E+01 * x^4 + -1.2655E+01 * x^5 + 4.1313E+00 * x^6 + -7.5891E-01 * x^7 + 4.0411E-02 * x^8 + 8.7694E-03 * x^9 + -8.4147E-04 * x^10 + -9.8810E-05 * x^11 + -1.5852E-06 * x^12 + 2.5222E-06 * x^13 + -3.7511E-08 * x^14 + 1.0472E-08 * x^15 + -2.3075E-09 * x^16 + -2.7903E-10 * x^17 + -1.5519E-11 * x^18 + 3.6992E-12 * x^19 + 3.9737E-13 * x^20 + 4.7933E-14 * x^21 + -1.2801E-15 * x^22 + -1.3045E-15 * x^23 + 3.0196E-17 * x^24 + -3.7666E-18 * x^25 + 3.8688E-19 * x^26 + 9.7547E-20 * x^27 + -8.3495E-21 * x^28 + 8.4201E-22 * x^29 + -6.8793E-23 * x^30 + 2.2952E-24 * x^31 + 1.8017E-25 * x^32 + -1.1140E-25 * x^33 + 7.4636E-27 * x^34'
 'f(x) = 1.0880E+00 + -1.6711E+00 * x + 1.5691E+01 * x^2 + -3.3990E+01 * x^3 + 4.3027E+01 * x^4 + -3.6797E+01 * x^5 + 2.0858E+01 * x^6 + -7.6419E+00 * x^7 + 1.7696E+00 * x^8 + -2.4670E-01 * x^9 + 1.8231E-02 * x^10 + -4.5647E-04 * x^11 + -1.0375E-05 * x^12 + 1.1818E-06 * x^13 + -8.5945E-08 * x^14 + 5.2644E-09 * x^15 + -9.3471E-09 * x^16 + 3.7129E-10 * x^17 + 1.1614E-10 * x^18 + 2.0374E-11 * x^19 + -2.0673E-12 * x^20 + -2.1859E-13 * x^21 + -3.4259E-14 * x^22 + 2.7188E-15 * x^23 + 6.6643E-16 * x^24 + -4.6442E-17 * x^25 + 1.4144E-17 * x^26 + -1.3721E-18 * x^27 + -1.6914E-19 * x^28 + 5.9911E-21 * x^29 + 2.2320E-21 * x^30 + -8.0209E-23 * x^31 + 1.4869E-25 * x^32 + -2.0208E-25 * x^33 + -7.1226E-26 * x^34 + 5.4430E-27 * x^35'
 'f(x) = 7.8155E-01 + 6.9313E+00 * x + -2.7614E+01 * x^2 + 5.9551E+01 * x^3 + -6.6867E+01 * x^4 + 4.1305E+01 * x^5 + -1.4420E+01 * x^6 + 2.6126E+00 * x^7 + -1.0576E-01 * x^8 + -4.5384E-02 * x^9 + 6.9607E-03 * x^10 + -3.7898E-05 * x^11 + -1.4790E-05 * x^12 + -1.2580E-05 * x^13 + 2.1683E-06 * x^14 + -9.0685E-08 * x^15 + -1.0383E-08 * x^16 + 2.0053E-09 * x^17 + -1.9392E-10 * x^18 + 1.9824E-11 * x^19 + -8.2295E-13 * x^20 + 3.7054E-15 * x^21 + -4.6301E-14 * x^22 + 3.8636E-15 * x^23 + 1.8921E-16 * x^24 + 3.6509E-17 * x^25 + -5.3343E-18 * x^26 + 4.0796E-19 * x^27 + -8.3062E-20 * x^28 + -2.2851E-21 * x^29 + 6.4259E-22 * x^30 + -5.3411E-23 * x^31 + 1.4956E-23 * x^32 + -1.0103E-25 * x^33 + -9.6169E-26 * x^34 + -4.7735E-27 * x^35 + 6.1073E-28 * x^36'
 'f(x) = 6.4564E-01 + 1.0713E+01 * x + -4.4221E+01 * x^2 + 8.8224E+01 * x^3 + -9.1732E+01 * x^4 + 5.3955E+01 * x^5 + -1.9105E+01 * x^6 + 4.2648E+00 * x^7 + -6.3558E-01 * x^8 + 6.9513E-02 * x^9 + -5.9315E-03 * x^10 + 3.8182E-04 * x^11 + -2.5704E-05 * x^12 + -1.0513E-07 * x^13 + 5.9766E-07 * x^14 + 8.3525E-09 * x^15 + -1.9097E-08 * x^16 + 2.2641E-09 * x^17 + -8.0852E-11 * x^18 + -1.3391E-11 * x^19 + 3.4085E-13 * x^20 + -1.4006E-13 * x^21 + 8.3393E-14 * x^22 + -1.7484E-15 * x^23 + -5.0681E-16 * x^24 + 2.5118E-17 * x^25 + -7.0679E-18 * x^26 + -1.3170E-18 * x^27 + 1.4271E-19 * x^28 + 9.8764E-21 * x^29 + 1.4249E-21 * x^30 + 4.0120E-23 * x^31 + -1.7920E-23 * x^32 + -2.3205E-24 * x^33 + -2.6427E-25 * x^34 + 3.9485E-26 * x^35 + 3.5574E-27 * x^36 + -3.1432E-28 * x^37'
 'f(x) = 9.8283E-01 + 1.3903E+00 * x + -1.1633E+00 * x^2 + 6.4816E+00 * x^3 + -1.0349E+01 * x^4 + 6.2451E+00 * x^5 + -1.5746E+00 * x^6 + 9.4847E-02 * x^7 + 1.0941E-02 * x^8 + 6.3885E-03 * x^9 + -2.3599E-03 * x^10 + 1.9007E-04 * x^11 + -2.9508E-06 * x^12 + 2.8688E-06 * x^13 + -4.2368E-07 * x^14 + 6.4815E-09 * x^15 + -1.7260E-09 * x^16 + 2.3934E-10 * x^17 + 2.1740E-11 * x^18 + -2.1495E-12 * x^19 + 3.6554E-13 * x^20 + -5.4080E-15 * x^21 + -6.6295E-15 * x^22 + -4.2881E-16 * x^23 + 2.6865E-17 * x^24 + 1.0049E-17 * x^25 + 4.2485E-19 * x^26 + 6.4083E-21 * x^27 + -2.1099E-20 * x^28 + 7.4019E-22 * x^29 + -6.9013E-23 * x^30 + 1.7572E-23 * x^31 + 1.3093E-24 * x^32 + -2.9846E-25 * x^33 + 5.3821E-27 * x^34 + -4.1577E-28 * x^35 + 2.0690E-28 * x^36 + -1.4521E-29 * x^37 + 2.6073E-31 * x^38'
 'f(x) = 1.0203E+00 + 2.8974E-01 * x + 4.4080E+00 * x^2 + -5.1497E+00 * x^3 + 2.2843E+00 * x^4 + -1.6475E+00 * x^5 + 1.3628E+00 * x^6 + -5.4622E-01 * x^7 + 8.9768E-02 * x^8 + -1.3853E-03 * x^9 + -5.4740E-04 * x^10 + -1.5174E-04 * x^11 + 1.6786E-05 * x^12 + 3.3136E-06 * x^13 + -1.4050E-07 * x^14 + -4.8510E-08 * x^15 + 5.2152E-10 * x^16 + -1.3732E-10 * x^17 + 4.9782E-11 * x^18 + 4.7184E-12 * x^19 + 1.6039E-13 * x^20 + -4.3100E-14 * x^21 + -1.3465E-14 * x^22 + -6.6716E-16 * x^23 + 2.0000E-16 * x^24 + 9.9297E-18 * x^25 + -4.8023E-20 * x^26 + -2.0435E-19 * x^27 + 9.1803E-23 * x^28 + -2.7675E-22 * x^29 + 2.7466E-22 * x^30 + -1.1759E-23 * x^31 + 1.2585E-24 * x^32 + -6.0760E-25 * x^33 + 4.5197E-26 * x^34 + 6.2002E-28 * x^35 + 2.1840E-29 * x^36 + -4.9269E-30 * x^37 + -1.4794E-30 * x^38 + 9.2645E-32 * x^39'
 'f(x) = 1.0249E+00 + 2.1445E-01 * x + 4.5613E+00 * x^2 + -5.1253E+00 * x^3 + 1.9864E+00 * x^4 + -1.3184E+00 * x^5 + 1.1810E+00 * x^6 + -4.8615E-01 * x^7 + 7.7306E-02 * x^8 + 1.0903E-04 * x^9 + -4.7282E-04 * x^10 + -2.7207E-04 * x^11 + 5.4393E-05 * x^12 + -1.6407E-06 * x^13 + -1.2694E-07 * x^14 + 4.1298E-09 * x^15 + -1.6152E-09 * x^16 + -7.3512E-11 * x^17 + 1.0657E-11 * x^18 + 2.0780E-12 * x^19 + 4.4051E-13 * x^20 + -5.3985E-14 * x^21 + 2.6131E-15 * x^22 + 2.1449E-16 * x^23 + -1.3057E-16 * x^24 + -3.0694E-18 * x^25 + 5.2980E-19 * x^26 + 1.1599E-19 * x^27 + 1.2184E-20 * x^28 + -1.5046E-21 * x^29 + -2.6165E-22 * x^30 + 5.7248E-23 * x^31 + -4.1891E-24 * x^32 + -6.9021E-26 * x^33 + 4.7443E-26 * x^34 + -8.5961E-27 * x^35 + 4.7823E-28 * x^36 + 2.7315E-29 * x^37 + 6.6620E-31 * x^38 + -4.7103E-31 * x^39 + 1.8893E-32 * x^40'
 'f(x) = 9.3634E-01 + 2.7379E+00 * x + -7.7185E+00 * x^2 + 1.9542E+01 * x^3 + -2.3862E+01 * x^4 + 1.4297E+01 * x^5 + -4.4234E+00 * x^6 + 6.5978E-01 * x^7 + -3.0069E-02 * x^8 + -2.6079E-04 * x^9 + -5.8379E-04 * x^10 + 4.8493E-05 * x^11 + 3.5811E-06 * x^12 + 9.9878E-07 * x^13 + -6.9396E-08 * x^14 + -2.6022E-08 * x^15 + 1.2430E-09 * x^16 + 2.4504E-11 * x^17 + 3.7801E-12 * x^18 + 2.1140E-12 * x^19 + 7.0036E-14 * x^20 + -3.4374E-14 * x^21 + 2.6726E-15 * x^22 + -6.0649E-16 * x^23 + 5.2213E-17 * x^24 + -2.1310E-18 * x^25 + -8.5129E-19 * x^26 + 1.3883E-19 * x^27 + -2.6414E-21 * x^28 + 5.8407E-22 * x^29 + 7.1923E-24 * x^30 + -1.3795E-23 * x^31 + 3.0054E-26 * x^32 + 7.8767E-26 * x^33 + 7.1766E-27 * x^34 + -2.5583E-27 * x^35 + -7.5589E-29 * x^36 + 2.2149E-29 * x^37 + 4.0908E-30 * x^38 + -3.0846E-31 * x^39 + -3.0021E-32 * x^40 + 2.1188E-33 * x^41'
 'f(x) = 1.1904E+00 + -4.1297E+00 * x + 2.2690E+01 * x^2 + -3.3746E+01 * x^3 + 2.1527E+01 * x^4 + -4.8861E+00 * x^5 + -1.6159E+00 * x^6 + 1.4036E+00 * x^7 + -3.8929E-01 * x^8 + 4.6298E-02 * x^9 + -1.3536E-03 * x^10 + 1.5004E-04 * x^11 + -7.3624E-05 * x^12 + 1.3330E-06 * x^13 + 1.1132E-06 * x^14 + -3.5612E-08 * x^15 + -6.1782E-09 * x^16 + 4.8725E-10 * x^17 + -1.1283E-11 * x^18 + -5.9512E-12 * x^19 + -1.2240E-12 * x^20 + 1.3811E-13 * x^21 + 8.1359E-15 * x^22 + -3.9396E-16 * x^23 + 3.0976E-16 * x^24 + 8.0172E-18 * x^25 + -1.5955E-18 * x^26 + -6.4323E-19 * x^27 + -4.2284E-20 * x^28 + 1.3947E-21 * x^29 + 4.3362E-22 * x^30 + 5.0434E-23 * x^31 + 9.9883E-24 * x^32 + -6.4015E-25 * x^33 + -3.8379E-26 * x^34 + 5.5776E-27 * x^35 + -9.1462E-28 * x^36 + -1.5709E-28 * x^37 + 6.0630E-30 * x^38 + 6.1531E-31 * x^39 + 9.1490E-32 * x^40 + 8.5038E-33 * x^41 + -1.2899E-33 * x^42'
 'f(x) = 1.0025E+00 + 8.0662E-01 * x + 2.1051E+00 * x^2 + -1.1534E+00 * x^3 + -1.1536E+00 * x^4 + 2.7035E-02 * x^5 + 8.1176E-01 * x^6 + -3.7589E-01 * x^7 + 3.5722E-02 * x^8 + 1.0810E-02 * x^9 + -1.8113E-03 * x^10 + -1.9503E-04 * x^11 + 3.5992E-05 * x^12 + 2.8264E-06 * x^13 + -2.5909E-07 * x^14 + -4.5244E-08 * x^15 + 3.5906E-10 * x^16 + 5.9811E-11 * x^17 + 3.6551E-11 * x^18 + 4.6298E-12 * x^19 + -5.0649E-13 * x^20 + 8.4206E-15 * x^21 + -4.2376E-15 * x^22 + 6.3999E-16 * x^23 + -1.2676E-16 * x^24 + 4.4708E-18 * x^25 + 4.6126E-19 * x^26 + 2.9748E-20 * x^27 + -5.1038E-21 * x^28 + -1.3848E-22 * x^29 + 9.4719E-23 * x^30 + 5.2496E-25 * x^31 + 1.5643E-24 * x^32 + -2.5611E-25 * x^33 + 2.0777E-27 * x^34 + -1.7631E-27 * x^35 + -1.8535E-28 * x^36 + 1.6114E-29 * x^37 + 5.2222E-30 * x^38 + -1.3416E-31 * x^39 + 2.0964E-32 * x^40 + -3.7660E-33 * x^41 + -3.5030E-34 * x^42 + 3.4112E-35 * x^43'
 '' '' '' '' '' '' '' '' '' '' '' '' '' '' '' '' '' '' '' '' '' '' '' ''
 '' '' '' '' '' '' '' '' '' '' '' '' '' '' '' '' '' '' '' '' '']
Case_01.png
Case_02.png
Case_03.png
Case_04.png
range :  0   4
error :  0
error :  1
error :  2
error :  3
Case_05.png
Case_06.png
Case_07.png
Case_08.png
range :  4   8
error :  4
error :  5
error :  6
error :  7
Case_09.png
Case_10.png
Case_11.png
Case_12.png
range :  8   12
error :  8
error :  9
error :  10
error :  11
Case_13.png
Case_14.png
Case_15.png
Case_16.png
range :  12   16
error :  12
error :  13
error :  14
error :  15
Case_17.png
Case_18.png
Case_19.png
Case_20.png
range :  16   20
error :  16
error :  17
error :  18
error :  19
Case_21.png
Case_22.png
Case_23.png
Case_24.png
range :  20   24
error :  20
error :  21
error :  22
error :  23
Case_25.png
Case_26.png
Case_27.png
Case_28.png
range :  24   28
error :  24
error :  25
error :  26
error :  27
Case_29.png
Case_30.png
Case_31.png
Case_32.png
range :  28   32
error :  28
error :  29
error :  30
error :  31
Case_33.png
Case_34.png
Case_35.png
Case_36.png
range :  32   36
error :  32
error :  33
error :  34
error :  35
Case_37.png
Case_38.png
Case_39.png
Case_40.png
range :  36   40
error :  36
error :  37
error :  38
error :  39
Case_41.png
Case_42.png
Case_43.png
Case_44.png
range :  40   44
error :  40
error :  41
error :  42
error :  43
圖片列表 :  [] 0
==================================================
