2.0642E+02   6.1106E+01
1.2805E+03   2.6654E+02
8.9214E+03   1.6093E+03
6.6274E+04   1.0954E+04
5.1312E+05   7.9505E+04
4.0891E+06   6.0178E+05
3.3281E+07   4.6938E+06
2.7525E+08   3.7456E+07
2.3053E+09   3.0439E+08
1.9502E+10   2.5110E+09
1.6636E+11   2.0977E+10
1.4289E+12   1.7716E+11
1.2346E+13   1.5102E+12
1.0721E+14   1.2979E+13
9.3500E+14   1.1235E+14
8.1859E+15   9.7857E+14
7.1910E+16   8.5699E+15
6.3361E+17   7.5409E+16
5.5979E+18   6.6632E+17
4.9577E+19   5.9091E+18
4.4003E+20   5.2571E+19
3.9135E+21   4.6902E+20
3.4868E+22   4.1948E+21
3.1119E+23   3.7598E+22
2.7815E+24   3.3765E+23
2.4898E+25   3.0373E+24
2.2315E+26   2.7364E+25
2.0025E+27   2.4686E+26
1.7991E+28   2.2297E+27
1.6180E+29   2.0161E+28
1.4566E+30   1.8248E+29
1.3125E+31   1.6531E+30
1.1838E+32   1.4987E+31
1.0685E+33   1.3598E+32
9.6519E+33   1.2346E+33
8.7252E+34   1.1216E+34
7.8930E+35   1.0195E+35
7.1448E+36   9.2718E+35
6.4716E+37   8.4365E+36
5.8652E+38   7.6799E+37
5.3187E+39   6.9942E+38
4.8257E+40   6.3722E+39
4.3806E+41   5.8077E+40
3.9784E+42   5.2950E+41
3.6149E+43   4.8292E+42
3.2860E+44   4.4057E+43
2.9883E+45   4.0206E+44
2.7187E+46   3.6701E+45
2.4743E+47   3.3511E+46
2.2527E+48   3.0606E+47
2.0517E+49   2.7959E+48
1.8692E+50   2.5547E+49
1.7035E+51   2.3348E+50
1.5530E+52   2.1343E+51
1.4162E+53   1.9513E+52
1.2918E+54   1.7844E+53
1.1787E+55   1.6321E+54
1.0757E+56   1.4930E+55
9.8201E+56   1.3660E+56
8.9668E+57   1.2501E+57
8.1894E+58   1.1441E+58
7.4811E+59   1.0473E+59
6.8355E+60   9.5876E+59
6.2469E+61   8.7787E+60
5.7102E+62   8.0390E+61
5.2205E+63   7.3626E+62
4.7737E+64   6.7439E+63
4.3659E+65   6.1779E+64
3.9936E+66   5.6601E+65
3.6536E+67   5.1863E+66
3.3431E+68   4.7526E+67
3.0595E+69   4.3556E+68
2.8004E+70   3.9922E+69
2.5635E+71   3.6595E+70
2.3470E+72   3.3548E+71
2.1491E+73   3.0758E+72
1.9681E+74   2.8202E+73
1.8026E+75   2.5861E+74
1.6512E+76   2.3716E+75
1.5127E+77   2.1750E+76
1.3859E+78   1.9949E+77
1.2699E+79   1.8299E+78
1.1638E+80   1.6786E+79
1.0666E+81   1.5400E+80
9.7765E+81   1.4129E+81
8.9619E+82   1.2963E+82
8.2160E+83   1.1895E+83
7.5328E+84   1.0915E+84
6.9070E+85   1.0017E+85
6.3337E+86   9.1931E+85
Case  1  : 
[1.3579]

==================================================
Case  2  : 
[ 1.54702564 -0.04122979]

==================================================
Case  3  : 
[ 1.52092851 -0.0234918  -0.00194223]

==================================================
Case  4  : 
[ 1.73043803 -0.31917899  0.07919657 -0.00586165]

==================================================
Case  5  : 
[ 1.49328344  0.23635925 -0.19590594  0.0407351  -0.0025263 ]

==================================================
Case  6  : 
[ 1.28997650e+00  9.95659245e-01 -8.04204205e-01  2.20943510e-01
 -2.47591423e-02  9.68816199e-04]

==================================================
Case  7  : 
[ 1.23272153e+00  1.32934488e+00 -1.19901296e+00  3.98985217e-01
 -6.16973548e-02  4.53308902e-03 -1.29607880e-04]

==================================================
Case  8  : 
[ 5.55334237e-01  7.29561620e+00 -1.08752044e+01  6.47611063e+00
 -1.90908229e+00  2.95587005e-01 -2.30039160e-02  7.08966733e-04]

==================================================
Case  9  : 
[ 7.25282261e-01  5.09263202e+00 -6.17678942e+00  2.55060854e+00
 -2.72695985e-01 -7.83841890e-02  2.46246484e-02 -2.46174160e-03
  8.59669848e-05]

==================================================
Case  10  : 
[ 9.76059077e-01  3.62744733e-01  6.78921283e+00 -1.14458685e+01
  7.40593552e+00 -2.46563448e+00  4.63025080e-01 -4.95517877e-02
  2.81994005e-03 -6.62362435e-05]

==================================================
Case  11  : 
[ 9.89790843e-01 -1.01993177e-02  8.06347029e+00 -1.31550152e+01
  8.58369333e+00 -2.93552972e+00  5.77800884e-01 -6.69736631e-02
  4.42279349e-03 -1.48060382e-04  1.77818096e-06]

==================================================
Case  12  : 
[ 1.09516858e+00 -4.08449913e+00  2.50516224e+01 -4.08906189e+01
  3.20757573e+01 -1.46447341e+01  4.23865931e+00 -8.05223447e-01
  1.00355664e-01 -7.90610692e-03  3.56900747e-04 -7.02794032e-06]

==================================================
Case  13  : 
[ 1.05242657e+00 -1.23823153e+00  1.00091461e+01 -1.04324998e+01
  1.89842662e-01  5.08780055e+00 -3.51345453e+00  1.20151498e+00
 -2.46415024e-01  3.16923044e-02 -2.51163545e-03  1.12371737e-04
 -2.17465342e-06]

==================================================
Case  14  : 
[ 1.07417356e+00 -2.87987373e+00  1.90687535e+01 -2.95201625e+01
  2.10246867e+01 -8.42576392e+00  2.09763304e+00 -3.53104243e-01
  4.66232216e-02 -5.91759991e-03  7.11360183e-04 -6.31776718e-05
  3.28160638e-06 -7.28862559e-08]

==================================================
Case  15  : 
[ 1.10389199e+00 -3.95654696e+00  2.32435501e+01 -3.54758227e+01
  2.48458438e+01 -9.32497051e+00  1.86675981e+00 -1.39518082e-01
 -1.57191496e-02  3.22879115e-03  1.66762261e-04 -9.37381650e-05
  1.06217708e-05 -5.40131069e-07  1.07447408e-08]

==================================================
Case  16  : 
[ 1.28241014e+00 -9.56585159e+00  4.20899993e+01 -5.32725749e+01
  1.92550861e+01  1.31336746e+01 -1.70828208e+01  8.48560857e+00
 -2.44568391e+00  4.38764067e-01 -4.71007848e-02  2.26339186e-03
  9.45395138e-05 -2.04739767e-05  1.15180868e-06 -2.37380263e-08]

==================================================
Case  17  : 
[ 1.03670950e+00 -3.75575833e-01  5.62122705e+00 -2.10092176e+00
 -7.28175652e+00  8.19735170e+00 -3.67531977e+00  7.84395620e-01
 -4.78041498e-02 -1.26968996e-02  2.72106348e-03 -1.31897410e-04
 -1.15110329e-05  8.61725167e-07  1.03562351e-07 -1.26853981e-08
  3.76551586e-10]

==================================================
Case  18  : 
[ 9.82770105e-01  9.00612835e-01  3.95642344e+00 -8.66136038e+00
  1.03336260e+01 -9.46439320e+00  5.70387071e+00 -2.04711572e+00
  4.04347443e-01 -3.15681704e-02 -2.46205457e-03  5.12100978e-04
  2.76335990e-05 -1.03474310e-05  4.14445648e-07  6.02508217e-08
 -6.33144351e-09  1.76229342e-10]

==================================================
Case  19  : 
[ 1.03546358e+00 -3.19745763e-01  5.45956592e+00 -2.01031943e+00
 -7.28220882e+00  8.36200833e+00 -3.97817437e+00  1.00690631e+00
 -1.35677299e-01  7.25995770e-03  2.67903378e-04 -2.65207086e-05
 -5.08556283e-06  1.07483082e-06 -1.25047698e-07  6.37337738e-09
  5.01035046e-10 -7.74079871e-11  2.62739301e-12]

==================================================
Case  20  : 
[ 8.28531439e-01  1.02229787e+01 -4.37805374e+01  8.33911943e+01
 -7.72007399e+01  3.49961176e+01 -5.43931954e+00 -1.67094766e+00
  9.32017022e-01 -1.62704972e-01  7.17734334e-03  1.02801782e-03
 -7.00896142e-06 -2.72100697e-05  1.72532271e-06  1.86084730e-07
 -1.51957602e-08 -1.44261364e-09  1.85106936e-10 -5.41262503e-12]

==================================================
Case  21  : 
[ 7.30973987e-01  1.82817928e+01 -9.08442812e+01  1.87567120e+02
 -1.95062692e+02  1.12489571e+02 -3.69527800e+01  6.43091647e+00
 -3.61740880e-01 -4.60836968e-02  3.95218671e-03  4.68964286e-04
  8.59302853e-05 -3.19272167e-05  8.48767757e-07  3.74329334e-07
 -3.28016043e-08  3.52144610e-10 -2.59529807e-11  8.94690418e-12
 -3.75753233e-13]

==================================================
Case  22  : 
[ 1.00484298e+00  1.95469558e+00 -7.38748125e+00  2.56730316e+01
 -3.77963933e+01  2.78215873e+01 -1.15562075e+01  2.81885479e+00
 -3.87438987e-01  2.42162696e-02 -2.48762026e-04  1.57786124e-04
 -5.09937866e-05  5.78781783e-06 -4.30205072e-07  3.96833086e-08
 -4.33939022e-09  3.80143201e-10 -1.66548050e-11 -8.38453764e-13
  1.34321018e-13 -4.38533982e-15]

==================================================
Case  23  : 
[ 1.00054451e+00  1.68959971e+00 -4.55962186e+00  1.67670827e+01
 -2.45829094e+01  1.68591138e+01 -6.05245418e+00  1.09971889e+00
 -6.00222830e-02 -1.01773229e-02  1.20534740e-03  9.88361785e-05
 -2.01590590e-05  1.37110442e-06 -1.97524669e-07  1.53990742e-08
  9.44862387e-10 -1.22824637e-10  3.35067900e-13  6.05652834e-13
 -1.80725792e-13  2.01033294e-14 -6.94629945e-16]

==================================================
Case  24  : 
[ 1.01878427e+00  4.03909196e-01  2.71608428e+00  9.97582151e-01
 -7.18755796e+00  5.93170413e+00 -2.00936022e+00  2.61041321e-01
  1.09232726e-02 -4.81945827e-03 -8.42884335e-05  5.99846415e-05
  8.53057856e-07 -1.05725393e-07 -9.50361481e-09 -1.20484608e-08
 -1.47300793e-10  3.26186662e-10 -1.87681590e-11  3.13804653e-13
 -1.42685374e-13  8.05193071e-17  1.78156471e-15 -8.49317853e-17]

==================================================
Case  25  : 
[ 1.00510995e+00  1.12270338e+00 -9.22427423e-01  8.27952947e+00
 -1.48515560e+01  1.07409782e+01 -3.92877119e+00  7.63692766e-01
 -7.59449056e-02  4.79830078e-03 -6.70807725e-04  6.00621584e-05
  3.55469943e-06 -8.59488170e-08 -3.18721583e-08 -1.69655522e-08
  1.30402045e-09  1.48716730e-10 -1.15214236e-12 -4.61614539e-14
 -4.33786228e-13  4.44175992e-14 -7.31119023e-16 -4.27696692e-17
  5.63846719e-19]

==================================================
Case  26  : 
[ 1.01335245e+00  9.27168206e-01 -4.01200901e-01  7.88623427e+00
 -1.48095883e+01  1.07060057e+01 -3.79193293e+00  6.59517507e-01
 -4.02619081e-02 -1.34251973e-03 -2.05090827e-04  5.98411802e-05
 -9.71725950e-07  1.32574914e-06 -2.14913506e-07 -2.21667729e-08
  3.34855091e-09  2.13997832e-10 -1.23770725e-11 -2.57440012e-12
 -6.10351807e-14  9.88275712e-15  2.71098487e-15 -1.31922017e-16
 -1.20329622e-17  6.64594149e-19]

==================================================
Case  27  : 
[ 1.00743886e+00  1.19867202e+00 -2.52107037e+00  1.50066822e+01
 -2.70902987e+01  2.27743773e+01 -1.10163621e+01  3.39698119e+00
 -7.07396352e-01  1.03044924e-01 -1.04017992e-02  5.16432031e-04
  5.85100404e-05 -1.49142972e-05  8.39304526e-07  3.55746351e-08
  9.12610864e-09 -2.82453680e-09  1.03476064e-10  1.48897472e-11
 -1.19367395e-12  9.57028618e-14  6.53710949e-16 -3.86254399e-15
  5.35295979e-16 -2.75685983e-17  4.88105474e-19]

==================================================
Case  28  : 
[ 9.62159363e-01  3.25773569e+00 -1.07841967e+01  2.51659760e+01
 -2.84764983e+01  1.59179464e+01 -4.36379419e+00  4.12693140e-01
  5.14466737e-02 -9.37207349e-03 -1.19484242e-03  2.29584074e-04
  1.36334273e-05 -3.28940434e-06  6.79392757e-08  4.51907734e-09
 -1.91302082e-09  1.86748797e-10  1.06824600e-11  3.82314460e-12
 -4.95137861e-13 -3.21648977e-14 -9.60132750e-16  4.13879052e-16
  3.81243539e-17  1.85675301e-19 -7.42139809e-19  3.57401358e-20]

==================================================
Case  29  : 
[ 1.02211369e+00  7.16892701e-01  2.60653274e-02  8.20883508e+00
 -1.62611670e+01  1.21340043e+01 -4.41226929e+00  7.52799221e-01
 -1.79812469e-02 -1.27945862e-02  1.41958329e-03  2.58779713e-05
 -4.57390305e-06 -4.83634784e-07 -9.27168106e-08  1.04505152e-08
  2.81267360e-09 -2.61060218e-10 -2.40956148e-11  1.37383998e-12
  1.88185132e-13  1.89427445e-14 -3.42855371e-16 -7.41281208e-16
  2.31650259e-17  4.96720147e-18  1.42633268e-19 -6.12178648e-20
  2.41156993e-21]

==================================================
Case  30  : 
[ 7.34574429e-01  4.25228926e+01 -2.81847282e+02  7.02882367e+02
 -8.68892823e+02  6.01735047e+02 -2.44534711e+02  5.69007138e+01
 -6.30680046e+00 -2.61120405e-02  5.80817570e-02  1.67330906e-03
 -8.51761304e-04  4.16048723e-05 -1.33571388e-05  2.49282758e-06
 -7.73788182e-08  2.04677023e-09 -1.20670393e-09  1.29346986e-11
 -8.62082211e-12  7.30335589e-13  3.17615948e-13 -1.34311758e-14
 -2.51830402e-15  2.21841240e-17  7.70234856e-18  9.22160262e-19
 -5.82190462e-20 -5.80567843e-22]

==================================================
Case  31  : 
[ 1.68306093e+00 -2.42948599e+01  1.01337336e+02 -1.48451944e+02
  1.06553158e+02 -4.58431254e+01  1.58438615e+01 -5.51510750e+00
  1.49582810e+00 -1.90762506e-01 -1.06289095e-02  4.87075461e-03
  4.73922160e-05 -9.59374726e-05  2.24421532e-06  8.30833126e-07
  1.40688048e-08 -4.34168867e-09 -4.94269165e-10 -7.59894479e-11
  1.03897491e-11  1.22136444e-12  1.36848541e-14 -2.47557103e-14
 -9.45050667e-16  3.65252107e-16  7.79105579e-19 -2.62001876e-18
  5.17275872e-21  1.63980022e-20 -6.70826462e-22]

==================================================
Case  32  : 
[ 1.01414165e+00  5.35064472e-01  2.47110533e+00  6.04176744e-01
 -5.90687167e+00  4.74955411e+00 -1.52582605e+00  1.92438246e-01
 -1.28156080e-03  2.27097590e-04 -4.03412992e-04  1.25303472e-06
  7.45128359e-06 -3.16593489e-07  7.75649122e-08 -1.50931722e-08
 -5.15302503e-10  7.11219018e-11  6.59100979e-12  1.03605903e-14
  1.42165210e-13 -1.15896418e-14 -8.67102333e-16 -1.78984202e-17
 -1.15515921e-17  5.76644267e-19  1.53715680e-19  5.52719639e-21
  6.11613818e-22 -9.09138077e-23 -2.40011120e-23  1.70939525e-24]

==================================================
Case  33  : 
[ 1.05608427e+00 -1.49140097e+00  1.17870771e+01 -1.54250208e+01
  7.26970902e+00 -5.15919092e-01 -9.21570595e-01  5.00189147e-01
 -1.42030441e-01  2.44969581e-02 -2.13939019e-03 -1.12428765e-05
  1.53526816e-05 -1.39996138e-08 -1.30338894e-08 -4.83248593e-08
  6.48221271e-09  2.18481279e-10 -3.19275515e-11 -8.36437723e-12
 -1.78715742e-14  1.30353322e-13  3.57126225e-15 -7.59905741e-16
 -6.87968362e-17  8.69593335e-18 -8.83083810e-19 -5.37943595e-20
  1.23815440e-20  6.32540888e-22  4.63057338e-23 -2.42862114e-23
  1.16606376e-24]

==================================================
Case  34  : 
[ 1.04954581e+00 -8.53562086e-01  8.31020327e+00 -8.71759950e+00
  1.28482351e+00  1.97572588e+00 -1.13471125e+00  2.69088347e-01
 -3.83977460e-02  5.07677053e-03 -5.58867556e-04  7.68372751e-06
  1.99238923e-06  7.10162224e-07 -1.07366307e-07  2.08781388e-09
  3.11449377e-10  2.66492904e-11 -2.38282779e-11  1.91049709e-12
  2.65022937e-15  2.80900080e-14 -6.09694255e-16 -3.88726023e-16
 -1.11479587e-17  1.29412619e-19  4.47646621e-19  2.21839113e-21
 -1.57950864e-21 -2.28776825e-22  6.57716993e-23 -9.46950126e-24
  5.86750936e-25 -1.12655831e-26]

==================================================
Case  35  : 
[ 1.00344069e+00  1.20207610e+00 -1.21210496e+00  8.49127764e+00
 -1.45430431e+01  1.01359118e+01 -3.49601148e+00  5.90371351e-01
 -3.06965526e-02 -3.86169436e-03  5.62990547e-04 -3.20265299e-05
 -1.66047480e-06  1.38602886e-06 -7.76853313e-08 -2.00530997e-08
  1.92109046e-09 -3.26002669e-11 -1.25494885e-12  1.33850561e-12
 -1.40662471e-13  1.11765955e-14  4.87439318e-16 -2.52918112e-16
 -2.22823874e-17  2.60731557e-18  2.83653916e-19  1.25389603e-20
 -3.26379287e-21 -1.64368889e-22  4.96093496e-24  1.03639253e-24
  1.52801045e-25 -1.98912591e-26  5.73645288e-28]

==================================================
Case  36  : 
[ 1.53982476e+00 -2.73935617e+01  1.42935021e+02 -2.73492699e+02
  2.67784754e+02 -1.51893688e+02  5.23400881e+01 -1.10442404e+01
  1.43711659e+00 -1.36984475e-01  1.51656202e-02 -1.34150437e-03
 -3.19501030e-06  2.96705200e-06  7.76656330e-07 -6.44334099e-08
  2.76782733e-08 -4.92942563e-09  6.91700509e-11  1.50397599e-11
 -1.33055770e-12  3.72945807e-13 -6.36023052e-15 -1.08451226e-15
 -1.26030081e-16  1.50894669e-17 -3.67966375e-18  2.75797419e-20
  8.55233414e-21  5.11484219e-21  6.28521342e-23 -4.56706344e-23
 -5.24544755e-24  1.14554510e-24 -8.29118038e-26  2.56265038e-27]

==================================================
Case  37  : 
[ 1.11153078e+00 -3.03609327e+00  1.61099014e+01 -1.69413632e+01
  8.51737819e-01  8.70549939e+00 -6.48993244e+00  2.23606014e+00
 -3.86740015e-01  1.89448009e-02  3.94703356e-03 -4.94054768e-04
 -1.01215261e-05  2.38991993e-07  5.27143881e-07 -3.03066697e-08
  8.09180178e-09 -1.41703577e-09 -2.04989177e-11  5.95611169e-12
  2.56112768e-13  1.25782648e-13 -1.29392140e-14 -1.17418692e-16
  3.83635148e-17 -2.32526327e-17  2.26598557e-18  1.35808338e-19
 -1.71355792e-20 -4.15546469e-22 -5.44174918e-24  1.19828559e-23
 -9.52890937e-26 -1.14318671e-25  1.20735538e-26 -9.42404953e-28
  3.73700126e-29]

==================================================
Case  38  : 
[ 1.01427994e+00  6.81884984e-01  1.26646457e+00  4.01172885e+00
 -1.06340470e+01  8.44194886e+00 -3.23709375e+00  6.53331078e-01
 -6.08497480e-02 -8.90045156e-04  8.19571305e-04 -5.12365359e-05
 -8.69704916e-06  5.78316199e-07  2.19461259e-07 -1.23323979e-08
 -1.98134793e-09 -4.89185435e-11  6.96332206e-13  3.76276181e-12
  3.50221014e-14 -1.89245982e-14 -7.75258789e-16  8.57777054e-17
 -2.49139200e-18 -5.89122272e-18  4.04026915e-19  4.44031368e-20
 -6.36030346e-21  1.06205730e-21 -4.96621068e-23 -9.91783308e-25
 -2.95735867e-25 -7.59800397e-26  1.20370564e-26  3.13355802e-29
 -3.25907027e-29  2.35536284e-31]

==================================================
Case  39  : 
[ 9.28152647e-01  5.42395673e+00 -2.20031476e+01  4.63537287e+01
 -4.68859395e+01  2.28295093e+01 -4.16868655e+00 -6.96350613e-01
  4.32054279e-01 -5.39215241e-02 -3.50504622e-03  9.99938907e-04
  3.89545590e-05 -1.28158453e-05 -4.64887181e-07  6.13564102e-08
  1.43840738e-08 -1.65749721e-09  1.42461402e-10 -7.24899640e-12
 -4.04510763e-13 -8.00847126e-14  1.70715784e-15  1.73051262e-16
  2.54146536e-16 -7.25291579e-18 -1.59103927e-18  9.05474784e-20
 -1.03090068e-21 -2.42732634e-21  1.47319937e-22  4.12071861e-24
  2.26018855e-24 -2.44162125e-25 -1.04790837e-26  1.20489701e-27
  4.08230492e-28 -6.42539198e-29  2.55725047e-30]

==================================================
Case  40  : 
[ 1.03956104e+00 -3.39143691e-01  6.03237771e+00 -5.18038441e+00
 -9.36710710e-01  2.12904108e+00 -5.74359461e-01 -6.94951103e-02
  5.48160179e-02 -8.24885837e-03  2.96221136e-04 -4.06278930e-06
  3.96126557e-06  2.60542595e-07 -7.03732378e-08 -1.26384815e-09
  5.72405191e-11  7.88683281e-12 -3.24562477e-13  1.98357363e-13
  7.40895191e-14 -6.56124558e-15  2.50975659e-16  2.02710864e-17
 -1.60304435e-18 -9.60405226e-19 -1.76126917e-20 -2.09335559e-20
  1.98810296e-21  7.48609284e-23  3.28964572e-23 -1.56836179e-24
  4.58438251e-25 -8.71163264e-26 -2.54937318e-27  2.46384067e-28
  3.00421692e-29  6.53409871e-31  4.30819167e-32 -1.48350708e-32]

==================================================
Case  41  : 
[ 9.87077117e-01  1.82943737e+00 -3.79631152e+00  1.25133255e+01
 -1.75510971e+01  1.12588446e+01 -3.66211927e+00  5.81169108e-01
 -3.08321390e-02 -3.66033203e-05 -7.35362576e-04  1.34300189e-04
  8.01302005e-07 -1.58485027e-06  6.40888658e-08  1.34473027e-08
 -9.09709179e-10 -4.34349972e-11 -2.02206799e-11  1.43893073e-12
  2.09934522e-13  1.46042454e-14 -2.18910264e-16 -1.56097757e-16
 -5.60070694e-17  3.67160360e-18 -3.62431932e-19  6.27283607e-20
 -3.33680124e-21  5.71473394e-22  2.61301951e-23 -5.37120737e-24
  4.55862102e-26 -7.23293206e-26 -6.46854488e-27  1.59743598e-27
 -4.33161219e-30  1.41303176e-30 -8.46812365e-31  3.62208973e-32
 -1.43200020e-34]

==================================================
Case  42  : 
[ 1.00476320e+00  1.09137038e+00 -4.67861084e-01  6.60620594e+00
 -1.21598521e+01  8.44736957e+00 -2.79729076e+00  4.27865096e-01
 -1.54047569e-02 -1.85431106e-03 -2.22654201e-04  5.07189267e-05
  2.26856828e-06 -4.70859853e-07  5.15823534e-09  1.14581411e-09
 -3.70625830e-10  2.85255058e-12  2.56710037e-12 -4.76082399e-13
  7.06457293e-14  7.57173531e-15 -2.65336519e-16 -1.28820424e-16
  1.13555785e-17 -1.50348376e-18  8.78121736e-20  1.65402496e-21
 -1.85281410e-21  8.91320329e-23 -5.40097057e-24  2.87564940e-24
  4.07312548e-26  1.38264087e-26  8.09470847e-29 -6.32053623e-28
  2.06490417e-29 -1.57841455e-30 -2.12117448e-31  4.18660959e-32
  5.52574545e-33 -5.11762715e-34]

==================================================
Case  43  : 
[ 1.02544296e+00  3.13897966e-01  1.91440501e+00  5.51381967e+00
 -1.55025088e+01  1.38038220e+01 -6.46093586e+00  1.87718878e+00
 -3.81040200e-01  6.05954963e-02 -7.97511493e-03  8.27910132e-04
 -6.60032716e-05  4.00076615e-06 -1.99151974e-08 -1.81166433e-09
 -9.23787788e-09  1.14063889e-09  4.24597089e-11 -6.14509482e-12
 -1.34795902e-13 -8.44182330e-14 -1.93122850e-15  1.81929825e-15
 -4.81683311e-17  3.15921090e-18  2.22327318e-18 -4.48860381e-19
 -6.21955658e-21  1.95266866e-21 -5.87606072e-23 -3.50486212e-24
  4.74562469e-24 -1.29902025e-25 -1.26666662e-26 -3.52324239e-27
  3.82657175e-28 -4.34595263e-29  1.17677218e-30  5.02140049e-31
 -1.81630410e-32 -2.24246830e-33  9.94527747e-35]

==================================================
Case  44  : 
[ 8.39692418e-01  8.95353709e+00 -3.73264831e+01  7.29274224e+01
 -7.17175237e+01  3.74703466e+01 -1.01603755e+01  1.03076319e+00
  1.24554221e-01 -3.89600033e-02  2.46744441e-03 -6.02018701e-05
  2.46353049e-05  4.80238080e-07 -2.89116738e-07 -6.46519241e-08
  4.78765625e-09  5.83813741e-10  2.63592567e-11 -3.80093382e-12
 -7.41243525e-13  1.64412600e-14  5.85697679e-15 -1.08580223e-15
  1.49291442e-16 -1.45620988e-18 -9.70506036e-19 -9.72761334e-20
  1.89324247e-20  3.82913464e-22  1.01890491e-23 -2.64627684e-24
 -1.80133547e-24  2.88501045e-25 -4.92836522e-26  2.13030767e-27
  4.55495145e-29  5.31147465e-30  3.65996560e-30 -4.20865780e-31
  2.00228856e-32 -3.50578253e-33  2.06011892e-34  2.11097791e-37]

==================================================
mse size :  44
mse :  [0.46979855934606307, 0.46114266558991834, 0.46640733585737415, 0.4626211173561199, 0.4575593171361899, 0.4543912072254317, 0.4594283152823656, 0.2757797544381083, 0.2593523071819468, 0.18644412362967633, 0.1888010544993293, 0.15609151598533386, 0.15069378337231526, 0.15755282879439786, 0.15018430650804376, 0.29081045794939836, 0.08800028912465337, 0.172799343477268, 0.09935905411887781, 0.18273665371612519, 0.4287283469926736, 0.05494794093975471, 0.044183821121975886, 0.06418940704236263, 0.0598226447938558, 0.046011406362438556, 0.12307771886195165, 0.05188858509648663, 0.054596923238922776, 1.8549133317588289, 1.0705288469594672, 0.06280172031961195, 0.12902528093420504, 0.08713370435174474, 0.05316585883851871, 0.9575947769082277, 0.22493471753717678, 0.07091362856152145, 0.14907261114885106, 0.08890928407040787, 0.06256709228155038, 0.08944967404244585, 0.17238473178621783, 0.5726230752109887]
0   1.0187705332905417
1   0.9887122910325199
2   1.0081842751210592
3   1.0110626098745212
4   1.0069722077812708
5   0.9890361392857597
6   1.665924738450924
7   1.0633402780744763
8   1.3910457574789752
9   0.9875163257117224
10   1.2095535962189565
11   1.0358192122609502
12   0.9564651077700835
13   1.049063197465039
14   0.5164336508633268
15   3.3046534374161225
16   0.509262867287629
17   1.7391403834271892
18   0.5437281032475757
19   0.42622946441012427
20   7.802446090977899
21   1.2436212972178866
22   0.6883350876386224
23   1.0729951386060304
24   1.3001698822814522
25   0.3738402595359001
26   2.3719613597689952
27   0.9503939419702438
28   0.029433678816224784
29   1.7327074716642927
30   17.046170734038927
31   0.48673965183332535
32   1.480773506579621
33   1.6389033536803566
34   0.05552020554056753
35   4.25721199196366
36   3.1719532916304463
37   0.4756985741043551
38   1.676682167756513
39   1.4210231102049342
40   0.699466967893711
41   0.5188955722214219
42   0.3010439838155334
[ 1.01877053  0.98871229  1.00818428  1.01106261  1.00697221  0.98903614
  1.66592474  1.06334028  1.39104576  0.98751633  1.2095536   1.03581921
  0.95646511  1.0490632   0.51643365  3.30465344  0.50926287  1.73914038
  0.5437281   0.42622946  7.80244609  1.2436213   0.68833509  1.07299514
  1.30016988  0.37384026  2.37196136  0.95039394  0.02943368  1.73270747
 17.04617073  0.48673965  1.48077351  1.63890335  0.05552021  4.25721199
  3.17195329  0.47569857  1.67668217  1.42102311  0.69946697  0.51889557
  0.30104398]
Case 1 : 29
sort : [29 35 43 26 20 38 32 17 15 42 19 23 41 28 13 10  2  6  5  3  4  1 12 14
  8 24 11 22 25  9 40 33 34  7 39 30 18 27 37 16 36 21 31]
THE BEST CHOICE :  [1, 2, 3, 4, 5, 6, 7, 8, 9, 10, 11, 12, 13, 14, 15, 17, 18, 19, 20, 22, 23, 24, 25, 26, 28, 29, 30, 32, 33, 34, 35, 38, 39, 40, 41, 42, 43]
Case 2 : 23
sort : [23 26 28 35 29 22 25 41 32 24 38 34 17 40 42 19 27 33 39 15 13 12 14 43
 18 20 10 11 37  9  8 16 21  6  5  7  2  4  3  1 44 36 31 30]
name ['' 'f(x) = 1.3579E+00' 'f(x) = 1.5470E+00 + -4.1230E-02 * x'
 'f(x) = 1.5209E+00 + -2.3492E-02 * x + -1.9422E-03 * x^2'
 'f(x) = 1.7304E+00 + -3.1918E-01 * x + 7.9197E-02 * x^2 + -5.8617E-03 * x^3'
 'f(x) = 1.4933E+00 + 2.3636E-01 * x + -1.9591E-01 * x^2 + 4.0735E-02 * x^3 + -2.5263E-03 * x^4'
 'f(x) = 1.2900E+00 + 9.9566E-01 * x + -8.0420E-01 * x^2 + 2.2094E-01 * x^3 + -2.4759E-02 * x^4 + 9.6882E-04 * x^5'
 'f(x) = 1.2327E+00 + 1.3293E+00 * x + -1.1990E+00 * x^2 + 3.9899E-01 * x^3 + -6.1697E-02 * x^4 + 4.5331E-03 * x^5 + -1.2961E-04 * x^6'
 'f(x) = 5.5533E-01 + 7.2956E+00 * x + -1.0875E+01 * x^2 + 6.4761E+00 * x^3 + -1.9091E+00 * x^4 + 2.9559E-01 * x^5 + -2.3004E-02 * x^6 + 7.0897E-04 * x^7'
 'f(x) = 7.2528E-01 + 5.0926E+00 * x + -6.1768E+00 * x^2 + 2.5506E+00 * x^3 + -2.7270E-01 * x^4 + -7.8384E-02 * x^5 + 2.4625E-02 * x^6 + -2.4617E-03 * x^7 + 8.5967E-05 * x^8'
 'f(x) = 9.7606E-01 + 3.6274E-01 * x + 6.7892E+00 * x^2 + -1.1446E+01 * x^3 + 7.4059E+00 * x^4 + -2.4656E+00 * x^5 + 4.6303E-01 * x^6 + -4.9552E-02 * x^7 + 2.8199E-03 * x^8 + -6.6236E-05 * x^9'
 'f(x) = 9.8979E-01 + -1.0199E-02 * x + 8.0635E+00 * x^2 + -1.3155E+01 * x^3 + 8.5837E+00 * x^4 + -2.9355E+00 * x^5 + 5.7780E-01 * x^6 + -6.6974E-02 * x^7 + 4.4228E-03 * x^8 + -1.4806E-04 * x^9 + 1.7782E-06 * x^10'
 'f(x) = 1.0952E+00 + -4.0845E+00 * x + 2.5052E+01 * x^2 + -4.0891E+01 * x^3 + 3.2076E+01 * x^4 + -1.4645E+01 * x^5 + 4.2387E+00 * x^6 + -8.0522E-01 * x^7 + 1.0036E-01 * x^8 + -7.9061E-03 * x^9 + 3.5690E-04 * x^10 + -7.0279E-06 * x^11'
 'f(x) = 1.0524E+00 + -1.2382E+00 * x + 1.0009E+01 * x^2 + -1.0432E+01 * x^3 + 1.8984E-01 * x^4 + 5.0878E+00 * x^5 + -3.5135E+00 * x^6 + 1.2015E+00 * x^7 + -2.4642E-01 * x^8 + 3.1692E-02 * x^9 + -2.5116E-03 * x^10 + 1.1237E-04 * x^11 + -2.1747E-06 * x^12'
 'f(x) = 1.0742E+00 + -2.8799E+00 * x + 1.9069E+01 * x^2 + -2.9520E+01 * x^3 + 2.1025E+01 * x^4 + -8.4258E+00 * x^5 + 2.0976E+00 * x^6 + -3.5310E-01 * x^7 + 4.6623E-02 * x^8 + -5.9176E-03 * x^9 + 7.1136E-04 * x^10 + -6.3178E-05 * x^11 + 3.2816E-06 * x^12 + -7.2886E-08 * x^13'
 'f(x) = 1.1039E+00 + -3.9565E+00 * x + 2.3244E+01 * x^2 + -3.5476E+01 * x^3 + 2.4846E+01 * x^4 + -9.3250E+00 * x^5 + 1.8668E+00 * x^6 + -1.3952E-01 * x^7 + -1.5719E-02 * x^8 + 3.2288E-03 * x^9 + 1.6676E-04 * x^10 + -9.3738E-05 * x^11 + 1.0622E-05 * x^12 + -5.4013E-07 * x^13 + 1.0745E-08 * x^14'
 'f(x) = 1.2824E+00 + -9.5659E+00 * x + 4.2090E+01 * x^2 + -5.3273E+01 * x^3 + 1.9255E+01 * x^4 + 1.3134E+01 * x^5 + -1.7083E+01 * x^6 + 8.4856E+00 * x^7 + -2.4457E+00 * x^8 + 4.3876E-01 * x^9 + -4.7101E-02 * x^10 + 2.2634E-03 * x^11 + 9.4540E-05 * x^12 + -2.0474E-05 * x^13 + 1.1518E-06 * x^14 + -2.3738E-08 * x^15'
 'f(x) = 1.0367E+00 + -3.7558E-01 * x + 5.6212E+00 * x^2 + -2.1009E+00 * x^3 + -7.2818E+00 * x^4 + 8.1974E+00 * x^5 + -3.6753E+00 * x^6 + 7.8440E-01 * x^7 + -4.7804E-02 * x^8 + -1.2697E-02 * x^9 + 2.7211E-03 * x^10 + -1.3190E-04 * x^11 + -1.1511E-05 * x^12 + 8.6173E-07 * x^13 + 1.0356E-07 * x^14 + -1.2685E-08 * x^15 + 3.7655E-10 * x^16'
 'f(x) = 9.8277E-01 + 9.0061E-01 * x + 3.9564E+00 * x^2 + -8.6614E+00 * x^3 + 1.0334E+01 * x^4 + -9.4644E+00 * x^5 + 5.7039E+00 * x^6 + -2.0471E+00 * x^7 + 4.0435E-01 * x^8 + -3.1568E-02 * x^9 + -2.4621E-03 * x^10 + 5.1210E-04 * x^11 + 2.7634E-05 * x^12 + -1.0347E-05 * x^13 + 4.1445E-07 * x^14 + 6.0251E-08 * x^15 + -6.3314E-09 * x^16 + 1.7623E-10 * x^17'
 'f(x) = 1.0355E+00 + -3.1975E-01 * x + 5.4596E+00 * x^2 + -2.0103E+00 * x^3 + -7.2822E+00 * x^4 + 8.3620E+00 * x^5 + -3.9782E+00 * x^6 + 1.0069E+00 * x^7 + -1.3568E-01 * x^8 + 7.2600E-03 * x^9 + 2.6790E-04 * x^10 + -2.6521E-05 * x^11 + -5.0856E-06 * x^12 + 1.0748E-06 * x^13 + -1.2505E-07 * x^14 + 6.3734E-09 * x^15 + 5.0104E-10 * x^16 + -7.7408E-11 * x^17 + 2.6274E-12 * x^18'
 'f(x) = 8.2853E-01 + 1.0223E+01 * x + -4.3781E+01 * x^2 + 8.3391E+01 * x^3 + -7.7201E+01 * x^4 + 3.4996E+01 * x^5 + -5.4393E+00 * x^6 + -1.6709E+00 * x^7 + 9.3202E-01 * x^8 + -1.6270E-01 * x^9 + 7.1773E-03 * x^10 + 1.0280E-03 * x^11 + -7.0090E-06 * x^12 + -2.7210E-05 * x^13 + 1.7253E-06 * x^14 + 1.8608E-07 * x^15 + -1.5196E-08 * x^16 + -1.4426E-09 * x^17 + 1.8511E-10 * x^18 + -5.4126E-12 * x^19'
 'f(x) = 7.3097E-01 + 1.8282E+01 * x + -9.0844E+01 * x^2 + 1.8757E+02 * x^3 + -1.9506E+02 * x^4 + 1.1249E+02 * x^5 + -3.6953E+01 * x^6 + 6.4309E+00 * x^7 + -3.6174E-01 * x^8 + -4.6084E-02 * x^9 + 3.9522E-03 * x^10 + 4.6896E-04 * x^11 + 8.5930E-05 * x^12 + -3.1927E-05 * x^13 + 8.4877E-07 * x^14 + 3.7433E-07 * x^15 + -3.2802E-08 * x^16 + 3.5214E-10 * x^17 + -2.5953E-11 * x^18 + 8.9469E-12 * x^19 + -3.7575E-13 * x^20'
 'f(x) = 1.0048E+00 + 1.9547E+00 * x + -7.3875E+00 * x^2 + 2.5673E+01 * x^3 + -3.7796E+01 * x^4 + 2.7822E+01 * x^5 + -1.1556E+01 * x^6 + 2.8189E+00 * x^7 + -3.8744E-01 * x^8 + 2.4216E-02 * x^9 + -2.4876E-04 * x^10 + 1.5779E-04 * x^11 + -5.0994E-05 * x^12 + 5.7878E-06 * x^13 + -4.3021E-07 * x^14 + 3.9683E-08 * x^15 + -4.3394E-09 * x^16 + 3.8014E-10 * x^17 + -1.6655E-11 * x^18 + -8.3845E-13 * x^19 + 1.3432E-13 * x^20 + -4.3853E-15 * x^21'
 'f(x) = 1.0005E+00 + 1.6896E+00 * x + -4.5596E+00 * x^2 + 1.6767E+01 * x^3 + -2.4583E+01 * x^4 + 1.6859E+01 * x^5 + -6.0525E+00 * x^6 + 1.0997E+00 * x^7 + -6.0022E-02 * x^8 + -1.0177E-02 * x^9 + 1.2053E-03 * x^10 + 9.8836E-05 * x^11 + -2.0159E-05 * x^12 + 1.3711E-06 * x^13 + -1.9752E-07 * x^14 + 1.5399E-08 * x^15 + 9.4486E-10 * x^16 + -1.2282E-10 * x^17 + 3.3507E-13 * x^18 + 6.0565E-13 * x^19 + -1.8073E-13 * x^20 + 2.0103E-14 * x^21 + -6.9463E-16 * x^22'
 'f(x) = 1.0188E+00 + 4.0391E-01 * x + 2.7161E+00 * x^2 + 9.9758E-01 * x^3 + -7.1876E+00 * x^4 + 5.9317E+00 * x^5 + -2.0094E+00 * x^6 + 2.6104E-01 * x^7 + 1.0923E-02 * x^8 + -4.8195E-03 * x^9 + -8.4288E-05 * x^10 + 5.9985E-05 * x^11 + 8.5306E-07 * x^12 + -1.0573E-07 * x^13 + -9.5036E-09 * x^14 + -1.2048E-08 * x^15 + -1.4730E-10 * x^16 + 3.2619E-10 * x^17 + -1.8768E-11 * x^18 + 3.1380E-13 * x^19 + -1.4269E-13 * x^20 + 8.0519E-17 * x^21 + 1.7816E-15 * x^22 + -8.4932E-17 * x^23'
 'f(x) = 1.0051E+00 + 1.1227E+00 * x + -9.2243E-01 * x^2 + 8.2795E+00 * x^3 + -1.4852E+01 * x^4 + 1.0741E+01 * x^5 + -3.9288E+00 * x^6 + 7.6369E-01 * x^7 + -7.5945E-02 * x^8 + 4.7983E-03 * x^9 + -6.7081E-04 * x^10 + 6.0062E-05 * x^11 + 3.5547E-06 * x^12 + -8.5949E-08 * x^13 + -3.1872E-08 * x^14 + -1.6966E-08 * x^15 + 1.3040E-09 * x^16 + 1.4872E-10 * x^17 + -1.1521E-12 * x^18 + -4.6161E-14 * x^19 + -4.3379E-13 * x^20 + 4.4418E-14 * x^21 + -7.3112E-16 * x^22 + -4.2770E-17 * x^23 + 5.6385E-19 * x^24'
 'f(x) = 1.0134E+00 + 9.2717E-01 * x + -4.0120E-01 * x^2 + 7.8862E+00 * x^3 + -1.4810E+01 * x^4 + 1.0706E+01 * x^5 + -3.7919E+00 * x^6 + 6.5952E-01 * x^7 + -4.0262E-02 * x^8 + -1.3425E-03 * x^9 + -2.0509E-04 * x^10 + 5.9841E-05 * x^11 + -9.7173E-07 * x^12 + 1.3257E-06 * x^13 + -2.1491E-07 * x^14 + -2.2167E-08 * x^15 + 3.3486E-09 * x^16 + 2.1400E-10 * x^17 + -1.2377E-11 * x^18 + -2.5744E-12 * x^19 + -6.1035E-14 * x^20 + 9.8828E-15 * x^21 + 2.7110E-15 * x^22 + -1.3192E-16 * x^23 + -1.2033E-17 * x^24 + 6.6459E-19 * x^25'
 'f(x) = 1.0074E+00 + 1.1987E+00 * x + -2.5211E+00 * x^2 + 1.5007E+01 * x^3 + -2.7090E+01 * x^4 + 2.2774E+01 * x^5 + -1.1016E+01 * x^6 + 3.3970E+00 * x^7 + -7.0740E-01 * x^8 + 1.0304E-01 * x^9 + -1.0402E-02 * x^10 + 5.1643E-04 * x^11 + 5.8510E-05 * x^12 + -1.4914E-05 * x^13 + 8.3930E-07 * x^14 + 3.5575E-08 * x^15 + 9.1261E-09 * x^16 + -2.8245E-09 * x^17 + 1.0348E-10 * x^18 + 1.4890E-11 * x^19 + -1.1937E-12 * x^20 + 9.5703E-14 * x^21 + 6.5371E-16 * x^22 + -3.8625E-15 * x^23 + 5.3530E-16 * x^24 + -2.7569E-17 * x^25 + 4.8811E-19 * x^26'
 'f(x) = 9.6216E-01 + 3.2577E+00 * x + -1.0784E+01 * x^2 + 2.5166E+01 * x^3 + -2.8476E+01 * x^4 + 1.5918E+01 * x^5 + -4.3638E+00 * x^6 + 4.1269E-01 * x^7 + 5.1447E-02 * x^8 + -9.3721E-03 * x^9 + -1.1948E-03 * x^10 + 2.2958E-04 * x^11 + 1.3633E-05 * x^12 + -3.2894E-06 * x^13 + 6.7939E-08 * x^14 + 4.5191E-09 * x^15 + -1.9130E-09 * x^16 + 1.8675E-10 * x^17 + 1.0682E-11 * x^18 + 3.8231E-12 * x^19 + -4.9514E-13 * x^20 + -3.2165E-14 * x^21 + -9.6013E-16 * x^22 + 4.1388E-16 * x^23 + 3.8124E-17 * x^24 + 1.8568E-19 * x^25 + -7.4214E-19 * x^26 + 3.5740E-20 * x^27'
 'f(x) = 1.0221E+00 + 7.1689E-01 * x + 2.6065E-02 * x^2 + 8.2088E+00 * x^3 + -1.6261E+01 * x^4 + 1.2134E+01 * x^5 + -4.4123E+00 * x^6 + 7.5280E-01 * x^7 + -1.7981E-02 * x^8 + -1.2795E-02 * x^9 + 1.4196E-03 * x^10 + 2.5878E-05 * x^11 + -4.5739E-06 * x^12 + -4.8363E-07 * x^13 + -9.2717E-08 * x^14 + 1.0451E-08 * x^15 + 2.8127E-09 * x^16 + -2.6106E-10 * x^17 + -2.4096E-11 * x^18 + 1.3738E-12 * x^19 + 1.8819E-13 * x^20 + 1.8943E-14 * x^21 + -3.4286E-16 * x^22 + -7.4128E-16 * x^23 + 2.3165E-17 * x^24 + 4.9672E-18 * x^25 + 1.4263E-19 * x^26 + -6.1218E-20 * x^27 + 2.4116E-21 * x^28'
 'f(x) = 7.3457E-01 + 4.2523E+01 * x + -2.8185E+02 * x^2 + 7.0288E+02 * x^3 + -8.6889E+02 * x^4 + 6.0174E+02 * x^5 + -2.4453E+02 * x^6 + 5.6901E+01 * x^7 + -6.3068E+00 * x^8 + -2.6112E-02 * x^9 + 5.8082E-02 * x^10 + 1.6733E-03 * x^11 + -8.5176E-04 * x^12 + 4.1605E-05 * x^13 + -1.3357E-05 * x^14 + 2.4928E-06 * x^15 + -7.7379E-08 * x^16 + 2.0468E-09 * x^17 + -1.2067E-09 * x^18 + 1.2935E-11 * x^19 + -8.6208E-12 * x^20 + 7.3034E-13 * x^21 + 3.1762E-13 * x^22 + -1.3431E-14 * x^23 + -2.5183E-15 * x^24 + 2.2184E-17 * x^25 + 7.7023E-18 * x^26 + 9.2216E-19 * x^27 + -5.8219E-20 * x^28 + -5.8057E-22 * x^29'
 'f(x) = 1.6831E+00 + -2.4295E+01 * x + 1.0134E+02 * x^2 + -1.4845E+02 * x^3 + 1.0655E+02 * x^4 + -4.5843E+01 * x^5 + 1.5844E+01 * x^6 + -5.5151E+00 * x^7 + 1.4958E+00 * x^8 + -1.9076E-01 * x^9 + -1.0629E-02 * x^10 + 4.8708E-03 * x^11 + 4.7392E-05 * x^12 + -9.5937E-05 * x^13 + 2.2442E-06 * x^14 + 8.3083E-07 * x^15 + 1.4069E-08 * x^16 + -4.3417E-09 * x^17 + -4.9427E-10 * x^18 + -7.5989E-11 * x^19 + 1.0390E-11 * x^20 + 1.2214E-12 * x^21 + 1.3685E-14 * x^22 + -2.4756E-14 * x^23 + -9.4505E-16 * x^24 + 3.6525E-16 * x^25 + 7.7911E-19 * x^26 + -2.6200E-18 * x^27 + 5.1728E-21 * x^28 + 1.6398E-20 * x^29 + -6.7083E-22 * x^30'
 'f(x) = 1.0141E+00 + 5.3506E-01 * x + 2.4711E+00 * x^2 + 6.0418E-01 * x^3 + -5.9069E+00 * x^4 + 4.7496E+00 * x^5 + -1.5258E+00 * x^6 + 1.9244E-01 * x^7 + -1.2816E-03 * x^8 + 2.2710E-04 * x^9 + -4.0341E-04 * x^10 + 1.2530E-06 * x^11 + 7.4513E-06 * x^12 + -3.1659E-07 * x^13 + 7.7565E-08 * x^14 + -1.5093E-08 * x^15 + -5.1530E-10 * x^16 + 7.1122E-11 * x^17 + 6.5910E-12 * x^18 + 1.0361E-14 * x^19 + 1.4217E-13 * x^20 + -1.1590E-14 * x^21 + -8.6710E-16 * x^22 + -1.7898E-17 * x^23 + -1.1552E-17 * x^24 + 5.7664E-19 * x^25 + 1.5372E-19 * x^26 + 5.5272E-21 * x^27 + 6.1161E-22 * x^28 + -9.0914E-23 * x^29 + -2.4001E-23 * x^30 + 1.7094E-24 * x^31'
 'f(x) = 1.0561E+00 + -1.4914E+00 * x + 1.1787E+01 * x^2 + -1.5425E+01 * x^3 + 7.2697E+00 * x^4 + -5.1592E-01 * x^5 + -9.2157E-01 * x^6 + 5.0019E-01 * x^7 + -1.4203E-01 * x^8 + 2.4497E-02 * x^9 + -2.1394E-03 * x^10 + -1.1243E-05 * x^11 + 1.5353E-05 * x^12 + -1.4000E-08 * x^13 + -1.3034E-08 * x^14 + -4.8325E-08 * x^15 + 6.4822E-09 * x^16 + 2.1848E-10 * x^17 + -3.1928E-11 * x^18 + -8.3644E-12 * x^19 + -1.7872E-14 * x^20 + 1.3035E-13 * x^21 + 3.5713E-15 * x^22 + -7.5991E-16 * x^23 + -6.8797E-17 * x^24 + 8.6959E-18 * x^25 + -8.8308E-19 * x^26 + -5.3794E-20 * x^27 + 1.2382E-20 * x^28 + 6.3254E-22 * x^29 + 4.6306E-23 * x^30 + -2.4286E-23 * x^31 + 1.1661E-24 * x^32'
 'f(x) = 1.0495E+00 + -8.5356E-01 * x + 8.3102E+00 * x^2 + -8.7176E+00 * x^3 + 1.2848E+00 * x^4 + 1.9757E+00 * x^5 + -1.1347E+00 * x^6 + 2.6909E-01 * x^7 + -3.8398E-02 * x^8 + 5.0768E-03 * x^9 + -5.5887E-04 * x^10 + 7.6837E-06 * x^11 + 1.9924E-06 * x^12 + 7.1016E-07 * x^13 + -1.0737E-07 * x^14 + 2.0878E-09 * x^15 + 3.1145E-10 * x^16 + 2.6649E-11 * x^17 + -2.3828E-11 * x^18 + 1.9105E-12 * x^19 + 2.6502E-15 * x^20 + 2.8090E-14 * x^21 + -6.0969E-16 * x^22 + -3.8873E-16 * x^23 + -1.1148E-17 * x^24 + 1.2941E-19 * x^25 + 4.4765E-19 * x^26 + 2.2184E-21 * x^27 + -1.5795E-21 * x^28 + -2.2878E-22 * x^29 + 6.5772E-23 * x^30 + -9.4695E-24 * x^31 + 5.8675E-25 * x^32 + -1.1266E-26 * x^33'
 'f(x) = 1.0034E+00 + 1.2021E+00 * x + -1.2121E+00 * x^2 + 8.4913E+00 * x^3 + -1.4543E+01 * x^4 + 1.0136E+01 * x^5 + -3.4960E+00 * x^6 + 5.9037E-01 * x^7 + -3.0697E-02 * x^8 + -3.8617E-03 * x^9 + 5.6299E-04 * x^10 + -3.2027E-05 * x^11 + -1.6605E-06 * x^12 + 1.3860E-06 * x^13 + -7.7685E-08 * x^14 + -2.0053E-08 * x^15 + 1.9211E-09 * x^16 + -3.2600E-11 * x^17 + -1.2549E-12 * x^18 + 1.3385E-12 * x^19 + -1.4066E-13 * x^20 + 1.1177E-14 * x^21 + 4.8744E-16 * x^22 + -2.5292E-16 * x^23 + -2.2282E-17 * x^24 + 2.6073E-18 * x^25 + 2.8365E-19 * x^26 + 1.2539E-20 * x^27 + -3.2638E-21 * x^28 + -1.6437E-22 * x^29 + 4.9609E-24 * x^30 + 1.0364E-24 * x^31 + 1.5280E-25 * x^32 + -1.9891E-26 * x^33 + 5.7365E-28 * x^34'
 'f(x) = 1.5398E+00 + -2.7394E+01 * x + 1.4294E+02 * x^2 + -2.7349E+02 * x^3 + 2.6778E+02 * x^4 + -1.5189E+02 * x^5 + 5.2340E+01 * x^6 + -1.1044E+01 * x^7 + 1.4371E+00 * x^8 + -1.3698E-01 * x^9 + 1.5166E-02 * x^10 + -1.3415E-03 * x^11 + -3.1950E-06 * x^12 + 2.9671E-06 * x^13 + 7.7666E-07 * x^14 + -6.4433E-08 * x^15 + 2.7678E-08 * x^16 + -4.9294E-09 * x^17 + 6.9170E-11 * x^18 + 1.5040E-11 * x^19 + -1.3306E-12 * x^20 + 3.7295E-13 * x^21 + -6.3602E-15 * x^22 + -1.0845E-15 * x^23 + -1.2603E-16 * x^24 + 1.5089E-17 * x^25 + -3.6797E-18 * x^26 + 2.7580E-20 * x^27 + 8.5523E-21 * x^28 + 5.1148E-21 * x^29 + 6.2852E-23 * x^30 + -4.5671E-23 * x^31 + -5.2454E-24 * x^32 + 1.1455E-24 * x^33 + -8.2912E-26 * x^34 + 2.5627E-27 * x^35'
 'f(x) = 1.1115E+00 + -3.0361E+00 * x + 1.6110E+01 * x^2 + -1.6941E+01 * x^3 + 8.5174E-01 * x^4 + 8.7055E+00 * x^5 + -6.4899E+00 * x^6 + 2.2361E+00 * x^7 + -3.8674E-01 * x^8 + 1.8945E-02 * x^9 + 3.9470E-03 * x^10 + -4.9405E-04 * x^11 + -1.0122E-05 * x^12 + 2.3899E-07 * x^13 + 5.2714E-07 * x^14 + -3.0307E-08 * x^15 + 8.0918E-09 * x^16 + -1.4170E-09 * x^17 + -2.0499E-11 * x^18 + 5.9561E-12 * x^19 + 2.5611E-13 * x^20 + 1.2578E-13 * x^21 + -1.2939E-14 * x^22 + -1.1742E-16 * x^23 + 3.8364E-17 * x^24 + -2.3253E-17 * x^25 + 2.2660E-18 * x^26 + 1.3581E-19 * x^27 + -1.7136E-20 * x^28 + -4.1555E-22 * x^29 + -5.4417E-24 * x^30 + 1.1983E-23 * x^31 + -9.5289E-26 * x^32 + -1.1432E-25 * x^33 + 1.2074E-26 * x^34 + -9.4240E-28 * x^35 + 3.7370E-29 * x^36'
 'f(x) = 1.0143E+00 + 6.8188E-01 * x + 1.2665E+00 * x^2 + 4.0117E+00 * x^3 + -1.0634E+01 * x^4 + 8.4419E+00 * x^5 + -3.2371E+00 * x^6 + 6.5333E-01 * x^7 + -6.0850E-02 * x^8 + -8.9005E-04 * x^9 + 8.1957E-04 * x^10 + -5.1237E-05 * x^11 + -8.6970E-06 * x^12 + 5.7832E-07 * x^13 + 2.1946E-07 * x^14 + -1.2332E-08 * x^15 + -1.9813E-09 * x^16 + -4.8919E-11 * x^17 + 6.9633E-13 * x^18 + 3.7628E-12 * x^19 + 3.5022E-14 * x^20 + -1.8925E-14 * x^21 + -7.7526E-16 * x^22 + 8.5778E-17 * x^23 + -2.4914E-18 * x^24 + -5.8912E-18 * x^25 + 4.0403E-19 * x^26 + 4.4403E-20 * x^27 + -6.3603E-21 * x^28 + 1.0621E-21 * x^29 + -4.9662E-23 * x^30 + -9.9178E-25 * x^31 + -2.9574E-25 * x^32 + -7.5980E-26 * x^33 + 1.2037E-26 * x^34 + 3.1336E-29 * x^35 + -3.2591E-29 * x^36 + 2.3554E-31 * x^37'
 'f(x) = 9.2815E-01 + 5.4240E+00 * x + -2.2003E+01 * x^2 + 4.6354E+01 * x^3 + -4.6886E+01 * x^4 + 2.2830E+01 * x^5 + -4.1687E+00 * x^6 + -6.9635E-01 * x^7 + 4.3205E-01 * x^8 + -5.3922E-02 * x^9 + -3.5050E-03 * x^10 + 9.9994E-04 * x^11 + 3.8955E-05 * x^12 + -1.2816E-05 * x^13 + -4.6489E-07 * x^14 + 6.1356E-08 * x^15 + 1.4384E-08 * x^16 + -1.6575E-09 * x^17 + 1.4246E-10 * x^18 + -7.2490E-12 * x^19 + -4.0451E-13 * x^20 + -8.0085E-14 * x^21 + 1.7072E-15 * x^22 + 1.7305E-16 * x^23 + 2.5415E-16 * x^24 + -7.2529E-18 * x^25 + -1.5910E-18 * x^26 + 9.0547E-20 * x^27 + -1.0309E-21 * x^28 + -2.4273E-21 * x^29 + 1.4732E-22 * x^30 + 4.1207E-24 * x^31 + 2.2602E-24 * x^32 + -2.4416E-25 * x^33 + -1.0479E-26 * x^34 + 1.2049E-27 * x^35 + 4.0823E-28 * x^36 + -6.4254E-29 * x^37 + 2.5573E-30 * x^38'
 'f(x) = 1.0396E+00 + -3.3914E-01 * x + 6.0324E+00 * x^2 + -5.1804E+00 * x^3 + -9.3671E-01 * x^4 + 2.1290E+00 * x^5 + -5.7436E-01 * x^6 + -6.9495E-02 * x^7 + 5.4816E-02 * x^8 + -8.2489E-03 * x^9 + 2.9622E-04 * x^10 + -4.0628E-06 * x^11 + 3.9613E-06 * x^12 + 2.6054E-07 * x^13 + -7.0373E-08 * x^14 + -1.2638E-09 * x^15 + 5.7241E-11 * x^16 + 7.8868E-12 * x^17 + -3.2456E-13 * x^18 + 1.9836E-13 * x^19 + 7.4090E-14 * x^20 + -6.5612E-15 * x^21 + 2.5098E-16 * x^22 + 2.0271E-17 * x^23 + -1.6030E-18 * x^24 + -9.6041E-19 * x^25 + -1.7613E-20 * x^26 + -2.0934E-20 * x^27 + 1.9881E-21 * x^28 + 7.4861E-23 * x^29 + 3.2896E-23 * x^30 + -1.5684E-24 * x^31 + 4.5844E-25 * x^32 + -8.7116E-26 * x^33 + -2.5494E-27 * x^34 + 2.4638E-28 * x^35 + 3.0042E-29 * x^36 + 6.5341E-31 * x^37 + 4.3082E-32 * x^38 + -1.4835E-32 * x^39'
 'f(x) = 9.8708E-01 + 1.8294E+00 * x + -3.7963E+00 * x^2 + 1.2513E+01 * x^3 + -1.7551E+01 * x^4 + 1.1259E+01 * x^5 + -3.6621E+00 * x^6 + 5.8117E-01 * x^7 + -3.0832E-02 * x^8 + -3.6603E-05 * x^9 + -7.3536E-04 * x^10 + 1.3430E-04 * x^11 + 8.0130E-07 * x^12 + -1.5849E-06 * x^13 + 6.4089E-08 * x^14 + 1.3447E-08 * x^15 + -9.0971E-10 * x^16 + -4.3435E-11 * x^17 + -2.0221E-11 * x^18 + 1.4389E-12 * x^19 + 2.0993E-13 * x^20 + 1.4604E-14 * x^21 + -2.1891E-16 * x^22 + -1.5610E-16 * x^23 + -5.6007E-17 * x^24 + 3.6716E-18 * x^25 + -3.6243E-19 * x^26 + 6.2728E-20 * x^27 + -3.3368E-21 * x^28 + 5.7147E-22 * x^29 + 2.6130E-23 * x^30 + -5.3712E-24 * x^31 + 4.5586E-26 * x^32 + -7.2329E-26 * x^33 + -6.4685E-27 * x^34 + 1.5974E-27 * x^35 + -4.3316E-30 * x^36 + 1.4130E-30 * x^37 + -8.4681E-31 * x^38 + 3.6221E-32 * x^39 + -1.4320E-34 * x^40'
 'f(x) = 1.0048E+00 + 1.0914E+00 * x + -4.6786E-01 * x^2 + 6.6062E+00 * x^3 + -1.2160E+01 * x^4 + 8.4474E+00 * x^5 + -2.7973E+00 * x^6 + 4.2787E-01 * x^7 + -1.5405E-02 * x^8 + -1.8543E-03 * x^9 + -2.2265E-04 * x^10 + 5.0719E-05 * x^11 + 2.2686E-06 * x^12 + -4.7086E-07 * x^13 + 5.1582E-09 * x^14 + 1.1458E-09 * x^15 + -3.7063E-10 * x^16 + 2.8526E-12 * x^17 + 2.5671E-12 * x^18 + -4.7608E-13 * x^19 + 7.0646E-14 * x^20 + 7.5717E-15 * x^21 + -2.6534E-16 * x^22 + -1.2882E-16 * x^23 + 1.1356E-17 * x^24 + -1.5035E-18 * x^25 + 8.7812E-20 * x^26 + 1.6540E-21 * x^27 + -1.8528E-21 * x^28 + 8.9132E-23 * x^29 + -5.4010E-24 * x^30 + 2.8756E-24 * x^31 + 4.0731E-26 * x^32 + 1.3826E-26 * x^33 + 8.0947E-29 * x^34 + -6.3205E-28 * x^35 + 2.0649E-29 * x^36 + -1.5784E-30 * x^37 + -2.1212E-31 * x^38 + 4.1866E-32 * x^39 + 5.5257E-33 * x^40 + -5.1176E-34 * x^41'
 'f(x) = 1.0254E+00 + 3.1390E-01 * x + 1.9144E+00 * x^2 + 5.5138E+00 * x^3 + -1.5503E+01 * x^4 + 1.3804E+01 * x^5 + -6.4609E+00 * x^6 + 1.8772E+00 * x^7 + -3.8104E-01 * x^8 + 6.0595E-02 * x^9 + -7.9751E-03 * x^10 + 8.2791E-04 * x^11 + -6.6003E-05 * x^12 + 4.0008E-06 * x^13 + -1.9915E-08 * x^14 + -1.8117E-09 * x^15 + -9.2379E-09 * x^16 + 1.1406E-09 * x^17 + 4.2460E-11 * x^18 + -6.1451E-12 * x^19 + -1.3480E-13 * x^20 + -8.4418E-14 * x^21 + -1.9312E-15 * x^22 + 1.8193E-15 * x^23 + -4.8168E-17 * x^24 + 3.1592E-18 * x^25 + 2.2233E-18 * x^26 + -4.4886E-19 * x^27 + -6.2196E-21 * x^28 + 1.9527E-21 * x^29 + -5.8761E-23 * x^30 + -3.5049E-24 * x^31 + 4.7456E-24 * x^32 + -1.2990E-25 * x^33 + -1.2667E-26 * x^34 + -3.5232E-27 * x^35 + 3.8266E-28 * x^36 + -4.3460E-29 * x^37 + 1.1768E-30 * x^38 + 5.0214E-31 * x^39 + -1.8163E-32 * x^40 + -2.2425E-33 * x^41 + 9.9453E-35 * x^42'
 'f(x) = 8.3969E-01 + 8.9535E+00 * x + -3.7326E+01 * x^2 + 7.2927E+01 * x^3 + -7.1718E+01 * x^4 + 3.7470E+01 * x^5 + -1.0160E+01 * x^6 + 1.0308E+00 * x^7 + 1.2455E-01 * x^8 + -3.8960E-02 * x^9 + 2.4674E-03 * x^10 + -6.0202E-05 * x^11 + 2.4635E-05 * x^12 + 4.8024E-07 * x^13 + -2.8912E-07 * x^14 + -6.4652E-08 * x^15 + 4.7877E-09 * x^16 + 5.8381E-10 * x^17 + 2.6359E-11 * x^18 + -3.8009E-12 * x^19 + -7.4124E-13 * x^20 + 1.6441E-14 * x^21 + 5.8570E-15 * x^22 + -1.0858E-15 * x^23 + 1.4929E-16 * x^24 + -1.4562E-18 * x^25 + -9.7051E-19 * x^26 + -9.7276E-20 * x^27 + 1.8932E-20 * x^28 + 3.8291E-22 * x^29 + 1.0189E-23 * x^30 + -2.6463E-24 * x^31 + -1.8013E-24 * x^32 + 2.8850E-25 * x^33 + -4.9284E-26 * x^34 + 2.1303E-27 * x^35 + 4.5550E-29 * x^36 + 5.3115E-30 * x^37 + 3.6600E-30 * x^38 + -4.2087E-31 * x^39 + 2.0023E-32 * x^40 + -3.5058E-33 * x^41 + 2.0601E-34 * x^42 + 2.1110E-37 * x^43'
 '' '' '' '' '' '' '' '' '' '' '' '' '' '' '' '' '' '' '' '' '' '' '' ''
 '' '' '' '' '' '' '' '' '' '' '' '' '' '' '' '' '' '' '' '' '']
Case_01.png
Case_02.png
Case_03.png
Case_04.png
range :  0   4
error :  0
error :  1
error :  2
error :  3
Case_05.png
Case_06.png
Case_07.png
Case_08.png
range :  4   8
error :  4
error :  5
error :  6
error :  7
Case_09.png
Case_10.png
Case_11.png
Case_12.png
range :  8   12
error :  8
error :  9
error :  10
error :  11
Case_13.png
Case_14.png
Case_15.png
Case_16.png
range :  12   16
error :  12
error :  13
error :  14
error :  15
Case_17.png
Case_18.png
Case_19.png
Case_20.png
range :  16   20
error :  16
error :  17
error :  18
error :  19
Case_21.png
Case_22.png
Case_23.png
Case_24.png
range :  20   24
error :  20
error :  21
error :  22
error :  23
Case_25.png
Case_26.png
Case_27.png
Case_28.png
range :  24   28
error :  24
error :  25
error :  26
error :  27
Case_29.png
Case_30.png
Case_31.png
Case_32.png
range :  28   32
error :  28
error :  29
error :  30
error :  31
Case_33.png
Case_34.png
Case_35.png
Case_36.png
range :  32   36
error :  32
error :  33
error :  34
error :  35
Case_37.png
Case_38.png
Case_39.png
Case_40.png
range :  36   40
error :  36
error :  37
error :  38
error :  39
Case_41.png
Case_42.png
Case_43.png
Case_44.png
range :  40   44
error :  40
error :  41
error :  42
error :  43
圖片列表 :  [] 0
==================================================
