0.0
0.0
-0.1
-0.2
-0.3
-0.4
-0.5
-0.6
-0.7
-0.9
-1.0
-1.1
-1.12
-1.1
-1.0
-0.88
-0.8
-0.7
-0.6
-0.5
-0.4
-0.2
-0.1
0.0
0.1
0.2
0.3
0.4
0.5
0.6
0.7
0.9
1.0
1.1
1.12
1.1
1.0
0.88
0.8
0.7
0.6
0.5
0.4
0.2
0.1
1.0
0.9
1.1
1.15
1.2
1.21
1.22
1.21
1.2
1.1
1.0
0.8
0.5
0.3
0.0
-0.2
-0.3
-0.4
-0.5
-0.6
-0.69
-0.81
-0.9
-1.0
1.1
1.15
1.2
1.21
1.22
1.21
1.2
1.1
1.0
0.8
0.5
0.3
0.0
-0.2
-0.3
-0.4
-0.5
-0.6
-0.69
-0.81
-0.9
-1.3878E-16   1.6080E+01
2.1218E+01   6.8001E-16
-5.4709E-16   9.0234E+00
1.8188E+01   -1.2121E-15
1.0752E-15   8.4452E+00
1.8288E+01   4.9662E-16
1.0747E-15   8.9773E+00
1.9758E+01   5.9335E-16
9.6516E-16   1.0016E+01
2.2197E+01   3.0294E-17
1.8476E-15   1.1458E+01
2.5544E+01   9.6461E-16
-1.3341E-15   1.3320E+01
2.9874E+01   1.4486E-15
-2.6507E-15   1.5664E+01
3.5341E+01   1.4518E-15
-1.9161E-16   1.8584E+01
4.2163E+01   1.6996E-15
7.5574E-15   2.2204E+01
5.0627E+01   -3.3124E-15
3.2506E-15   2.6678E+01
6.1095E+01   1.0640E-16
-8.9769E-15   3.2198E+01
7.4019E+01   2.7661E-15
-7.9847E-16   3.9002E+01
8.9961E+01   -2.3922E-15
4.8357E-15   4.7386E+01
1.0962E+02   1.0803E-15
7.1702E-15   5.7713E+01
1.3385E+02   3.9877E-15
-4.4143E-15   7.0433E+01
1.6372E+02   5.1555E-15
1.7258E-15   8.6100E+01
2.0056E+02   -5.1538E-15
1.7536E-14   1.0540E+02
2.4599E+02   -8.4176E-15
2.3062E-14   1.2919E+02
3.0203E+02   -1.4535E-14
2.4137E-14   1.5851E+02
3.7118E+02   1.5431E-14
-3.3814E-14   1.9465E+02
4.5653E+02   1.9268E-14
3.4042E-14   2.3923E+02
5.6192E+02   -8.3805E-15
9.8768E-15   2.9422E+02
6.9207E+02   1.1853E-14
4.5052E-15   3.6208E+02
8.5287E+02   -8.9264E-15
1.2373E-14   4.4584E+02
1.0516E+03   3.3956E-14
1.0353E-14   5.4927E+02
1.2972E+03   -3.2233E-14
-4.0182E-14   6.7703E+02
1.6010E+03   9.3925E-15
-2.1411E-15   8.3488E+02
1.9767E+03   -6.4338E-14
7.5820E-14   1.0300E+03
2.4417E+03   -2.8339E-14
-8.3052E-14   1.2712E+03
3.0171E+03   -8.3055E-14
1.4119E-13   1.5695E+03
3.7296E+03   -1.1056E-13
-6.8528E-14   1.9385E+03
4.6119E+03   4.1543E-15
5.5123E-13   2.3951E+03
5.7050E+03   2.2127E-13
-1.4655E-13   2.9604E+03
7.0596E+03   2.5830E-13
3.1575E-13   3.6603E+03
8.7386E+03   8.9689E-14
-7.5991E-13   4.5272E+03
1.0820E+04   3.0415E-13
-9.4289E-14   5.6013E+03
1.3402E+04   -5.9465E-13
-2.7987E-13   6.9324E+03
1.6606E+04   -9.9936E-13
1.9354E-12   8.5826E+03
2.0581E+04   1.9798E-12
7.8047E-13   1.0629E+04
2.5515E+04   -7.3677E-13
3.3590E-13   1.3167E+04
3.1641E+04   4.8770E-14
-1.8074E-13   1.6316E+04
3.9249E+04   -5.6665E-14
8.4708E-13   2.0224E+04
4.8700E+04   -1.2506E-12
-2.1682E-12   2.5076E+04
6.0444E+04   -1.0348E-12
-6.8889E-13   3.1100E+04
7.5040E+04   1.4163E-12
Case  1  : 
[0.35733333]

==================================================
Case  2  : 
[3.57333333e-01 3.43866207e-17]

==================================================
Case  3  : 
[2.74276911e-01 3.83854116e-17 1.76152769e-01]

==================================================
Case  4  : 
[ 2.74276911e-01  6.58313611e-16  1.76152769e-01 -7.23173411e-16]

==================================================
Case  5  : 
[ 3.15667906e-01  4.88991501e-16 -1.40080631e-01 -5.50601297e-16
  2.66494644e-01]

==================================================
Case  6  : 
[ 3.15667906e-01  3.86933741e-15 -1.40080631e-01 -1.22921685e-14
  2.66494644e-01  7.75591902e-15]

==================================================
Case  7  : 
[ 2.87073618e-01  3.56544989e-15  3.54714187e-01 -1.06417538e-14
 -8.77436406e-01  6.51161615e-15  6.34016319e-01]

==================================================
Case  8  : 
[ 2.87073618e-01 -1.11946298e-14  3.54714187e-01  8.72761581e-14
 -8.77436406e-01 -1.54550633e-13  6.34016319e-01  7.47870398e-14]

==================================================
Case  9  : 
[ 1.91635193e-01 -9.75322068e-13  3.52113695e+00  6.23836089e-12
 -1.47456951e+01 -1.00113375e-11  1.92814125e+01  4.57113705e-12
 -7.67606135e+00]

==================================================
Case  10  : 
[ 1.91635193e-01 -5.85321012e-12  3.52113695e+00  6.10829177e-11
 -1.47456951e+01 -1.77086571e-10  1.92814125e+01  1.90504023e-10
 -7.67606135e+00 -6.81307243e-11]

==================================================
Case  11  : 
[ 1.74745427e-01 -9.31998086e-12  4.41147524e+00  9.59216126e-11
 -2.09100465e+01 -2.75834937e-10  3.38836221e+01  2.95219895e-10
 -2.16123384e+01 -1.05217475e-10  4.60885391e+00]

==================================================
Case  12  : 
[ 1.74745427e-01 -4.52824245e-11  4.41147524e+00  7.14010158e-10
 -2.09100465e+01 -3.21217419e-09  3.38836221e+01  5.92554682e-09
 -2.16123385e+01 -4.78829949e-09  4.60885391e+00  1.40643090e-09]

==================================================
Case  13  : 
[ 1.79616883e-01  4.70555590e-12  4.04738788e+00 -1.09077357e-10
 -1.72880812e+01  5.95020437e-10  2.09116944e+01 -1.23726702e-09
 -7.95250456e-01  1.08513799e-09 -1.06919512e+01 -3.38170770e-10
  4.19594076e+00]

==================================================
Case  14  : 
[ 1.79616883e-01 -4.81709743e-12  4.04738788e+00  1.25056354e-10
 -1.72880812e+01 -9.92893668e-10  2.09116944e+01  3.32234058e-09
 -7.95250456e-01 -5.22773434e-09 -1.06919512e+01  3.83213482e-09
  4.19594076e+00 -1.05462722e-09]

==================================================
Case  15  : 
[ 1.30421565e-01 -7.51028237e-09  8.70034177e+00  1.64210897e-07
 -7.78657750e+01 -1.02604155e-06  3.14685151e+02  2.76334278e-06
 -6.78417068e+02 -3.63262951e-06  7.90946399e+02  2.29892252e-06
 -4.65667482e+02 -5.60758535e-07  1.08107787e+02]

==================================================
Case  16  : 
[ 1.30421563e-01  1.19798458e-08  8.70034202e+00 -4.73873957e-07
 -7.78657781e+01  4.64055312e-06  3.14685166e+02 -1.90369265e-05
 -6.78417101e+02  3.90492069e-05  7.90946438e+02 -4.22306396e-05
 -4.65667504e+02  2.30262351e-05  1.08107792e+02 -4.98817800e-06]

==================================================
Case  17  : 
[ 3.19774042e-02  9.67907815e-07  2.10408814e+01 -3.17296067e-05
 -2.98271762e+02  2.81242586e-04  1.78337409e+03 -1.07874188e-03
 -5.42305843e+03  2.10477492e-03  9.02961203e+03 -2.18803437e-03
 -8.32763501e+03  1.15482765e-03  3.99083205e+03 -2.43361009e-04
 -7.75368472e+02]

==================================================
Case  18  : 
[ 3.19771444e-02  1.46008783e-05  2.10409132e+01 -6.24346142e-04
 -2.98272319e+02  7.32202464e-03  1.78337775e+03 -3.81254810e-02
 -5.42307013e+03  1.04626986e-01  9.02963217e+03 -1.61913320e-01
 -8.32765410e+03  1.41884412e-01  3.99084142e+03 -6.56251680e-02
 -7.75370334e+02  1.24405094e-02]

==================================================
Case  19  : 
[ 2.00253635e-01 -2.01209540e-04 -7.81041027e+00  8.51578297e-03
  4.15668525e+02 -9.91666432e-02 -4.73321464e+03  5.13653832e-01
  2.37661431e+04 -1.40401784e+00 -6.33864792e+04  2.16614491e+00
  9.59920655e+04 -1.89368814e+00 -8.27187212e+04  8.74232960e-01
  3.77510837e+04 -1.65476375e-01 -7.07842634e+03]

==================================================
Case  20  : 
[ 2.00243348e-01 -1.75402815e-03 -7.80880898e+00  9.28509108e-02
  4.15631656e+02 -1.39128089e+00 -4.73289437e+03  9.46997022e+00
  2.37647602e+04 -3.49098371e+01 -6.33831429e+04  7.54267168e+01
  9.59873629e+04 -9.81135913e+01 -8.27148792e+04  7.54728711e+01
  3.77493999e+04 -3.15792827e+01 -7.07812040e+03  5.53334346e+00]

==================================================
Case  21  : 
[ 1.86884055e-01 -6.09113091e-04 -4.67627370e+00  3.23391208e-02
  3.13218511e+02 -4.85636146e-01 -3.51483320e+03  3.31102156e+00
  1.65903503e+04 -1.22210616e+01 -3.94632757e+04  2.64308402e+01
  4.79745102e+04 -3.44071087e+01 -2.36481849e+04  2.64834246e+01
 -5.76653621e+03 -1.10865702e+01  1.05207008e+04  1.94336269e+00
 -3.00095247e+03]

==================================================
Case  22  : 
[ 1.86987752e-01 -3.53976640e-03 -4.69974037e+00  2.39104228e-01
  3.13968467e+02 -4.72962999e+00 -3.52361284e+03  4.27771984e+01
  1.66414380e+04 -2.11625307e+02 -3.96319665e+04  6.25225495e+02
  4.83104784e+04 -1.14903523e+03 -2.40588799e+04  1.32255308e+03
 -5.46554029e+03 -9.25498032e+02  1.03994928e+04  3.59436051e+02
 -2.98035741e+03 -5.93391938e+01]

==================================================
Case  23  : 
[ 9.29897077e-02  1.47673800e-01  2.08452634e+01 -9.77926235e+00
 -6.53455553e+02  1.90150834e+02  1.01064524e+04 -1.69732375e+03
 -8.08427300e+04  8.31209812e+03  3.65981931e+05 -2.43630432e+04
 -1.00172349e+06  4.44934537e+04  1.71668014e+06 -5.09551209e+04
 -1.85193603e+06  3.55125794e+04  1.22062268e+06 -1.37463828e+04
 -4.48725384e+05  2.26322040e+03  7.04694616e+04]

==================================================
Case  24  : 
[ 7.98729334e-02  1.91658715e-01  2.46838868e+01 -1.26855533e+01
 -8.07159480e+02  2.46409018e+02  1.23816205e+04 -2.19603267e+03
 -9.78418599e+04  1.07296748e+04  4.39456813e+05 -3.13441474e+04
 -1.19826523e+06  5.69584314e+04  2.05173686e+06 -6.47210352e+04
 -2.21586522e+06  4.44974876e+04  1.46397586e+06 -1.67435719e+04
 -5.39884152e+05  2.51650724e+03  8.50882210e+04  6.87712650e+01]

==================================================
Case  25  : 
[ 2.83231456e-01 -5.32597390e-04 -3.30278028e+01  2.19028865e+00
  1.43059792e+03 -9.78404172e+01 -1.94339186e+04  1.48604214e+03
  1.28046357e+05 -1.11714324e+04 -4.73031008e+05  4.82657621e+04
  1.01865176e+06 -1.28748924e+05 -1.19636648e+06  2.18712493e+05
  4.45563804e+05 -2.36709060e+05  6.54955198e+05  1.57753598e+05
 -9.68297365e+05 -5.89159161e+04  5.07375242e+05  9.42308884e+03
 -9.88609361e+04]

==================================================
Case  26  : 
[ 2.82475462e-01 -2.13502989e+00 -3.26367445e+01  1.59316528e+02
  1.40943806e+03 -3.50575685e+03 -1.90375408e+04  3.50509828e+04
  1.24416395e+05 -1.89683116e+05 -4.54045095e+05  5.99012508e+05
  9.57072310e+05 -1.10890635e+06 -1.06700077e+06  1.06344620e+06
  2.66527712e+05 -1.03038578e+05  8.16972008e+05 -9.34138643e+05
 -1.06050518e+06  1.03882070e+06  5.37311016e+05 -4.84681965e+05
 -1.03087443e+05  8.74668318e+04]

==================================================
Case  27  : 
[ 2.57938348e-01 -2.51036391e+00 -2.38363216e+01  1.83305804e+02
  9.94592268e+02 -3.94170202e+03 -1.18356311e+04  3.84621713e+04
  6.17901005e+04 -2.02173436e+05 -1.42156346e+05  6.12848768e+05
  1.10277704e+04 -1.05393598e+06  7.01327734e+05  8.09874876e+05
 -1.65574189e+06  3.83773928e+05  1.69443686e+06 -1.46782305e+06
 -6.07948607e+05  1.38485477e+06 -3.00535088e+05 -6.08447446e+05
  3.29789688e+05  1.06326302e+05 -8.11250971e+04]

==================================================
Case  28  : 
[ 2.77505740e-01 -2.57916276e-01 -3.06251720e+01  2.01932251e+01
  1.30544440e+03 -4.73949861e+02 -1.70801913e+04  5.13346065e+03
  1.06239053e+05 -3.07003621e+04 -3.58717731e+05  1.10197144e+05
  6.56880029e+05 -2.43235368e+05 -4.95344813e+05  3.13827621e+05
 -3.41135977e+05 -1.68133423e+05  1.02662036e+06 -1.29999107e+05
 -7.79683441e+05  3.03609935e+05  1.45586406e+05 -2.35544968e+05
  9.15877063e+04  8.89710417e+04 -3.62259957e+04 -1.36719593e+04]

==================================================
Case  29  : 
[ 3.41700773e-01 -5.59365091e-01 -5.02026915e+01  3.95410929e+01
  2.11465435e+03 -8.22047522e+02 -2.93396273e+04  7.72436155e+03
  1.98281211e+05 -3.84413461e+04 -7.44954128e+05  1.04569946e+05
  1.59440596e+06 -1.28683381e+05 -1.73783110e+06 -7.49104279e+04
  2.73947229e+05  5.38448823e+05  1.40112424e+06 -9.10534157e+05
 -1.02620664e+06  8.33401317e+05 -6.76425560e+05 -4.44523469e+05
  1.29192283e+06  1.29718440e+05 -6.69571773e+05 -1.59870404e+04
  1.22583064e+05]

==================================================
Case  30  : 
[ 1.53461694e-01  2.03800332e+00  8.00137211e+00 -1.13106950e+02
 -3.16527596e+02  1.46791785e+03  7.89068729e+03 -2.95976999e+03
 -8.46356079e+04 -6.08476899e+04  4.59975377e+05  5.07014885e+05
 -1.38881252e+06 -1.79333094e+06  2.32916095e+06  3.38426703e+06
 -1.80481389e+06 -3.28052247e+06 -2.20480187e+05  9.52878678e+05
  1.22149744e+06  7.52259183e+05 -6.01710803e+04 -5.06534414e+04
 -1.06014698e+06 -9.78402212e+05  7.76309122e+05  7.37207663e+05
 -1.75464442e+05 -1.68267758e+05]

==================================================
Case  31  : 
[ 6.46462251e-01 -1.11126883e+00 -1.44772149e+02  9.72221551e+01
  6.02176616e+03 -2.51480833e+03 -8.75604966e+04  2.94603142e+04
  6.19881151e+05 -1.87711950e+05 -2.39968851e+06  7.07812263e+05
  5.12303944e+06 -1.61719812e+06 -5.08340729e+06  2.12855071e+06
 -6.34978583e+05 -1.18385971e+06  5.79135662e+06 -6.31562693e+05
 -2.47022810e+06  1.31484315e+06 -3.43971535e+06 -4.70635056e+05
  2.50416436e+06 -3.17752226e+05  1.41350734e+06  2.98450851e+05
 -1.82088831e+06 -6.79788335e+04  4.78640587e+05]

==================================================
Case  32  : 
[ 2.61998417e-01 -1.42531304e-01 -2.55494539e+01  3.36391163e+00
  1.07317494e+03  1.36604945e+02 -1.30116329e+04 -4.08975745e+03
  6.94762683e+04  4.22451319e+04 -1.64583824e+05 -2.25408296e+05
  2.70898367e+04  6.89049295e+05  7.50009789e+05 -1.19536755e+06
 -1.68199805e+06  9.32114695e+05  1.35929120e+06  3.69704190e+05
  9.67651100e+04 -1.32638429e+06 -6.09861481e+05  6.40309343e+05
 -2.69964165e+05  6.82571519e+05  8.22219105e+05 -1.00240367e+06
 -4.80282357e+05  4.82894442e+05  9.38028059e+04 -8.53748729e+04]

==================================================
Case  33  : 
[ 4.13227359e-01  5.75591879e-01 -7.17451841e+01 -4.08507462e+01
  2.97082496e+03  8.53778684e+02 -4.13613902e+04 -8.09491524e+03
  2.77981564e+05  4.11126570e+04 -1.01812247e+06 -1.18602810e+05
  2.05802863e+06  1.86747168e+05 -2.00341078e+06 -1.11433343e+05
  1.97925307e+05 -9.89219772e+04  9.79073498e+05  1.86569766e+05
  3.98854580e+04 -4.52784905e+04 -6.50253648e+05 -6.51182897e+04
 -1.74935751e+05 -2.35014532e+03  1.10335239e+04  7.38980249e+04
  9.43860598e+05 -4.97068268e+04 -8.35180708e+05  1.03656792e+04
  2.12577167e+05]

==================================================
Case  34  : 
[ 1.86423773e-01 -1.03462650e+00 -3.44486216e+00  8.44319779e+01
  2.00448592e+02 -2.04908605e+03 -5.86138711e+02  2.24947319e+04
 -1.61669837e+04 -1.32423027e+05  1.52448898e+05  4.47092650e+05
 -5.98169968e+05 -8.56375291e+05  1.27073708e+06  7.85718623e+05
 -1.53018871e+06  3.52962375e+04  1.00302084e+06 -6.66419661e+05
 -3.56969194e+05  3.56770753e+05  2.08605097e+05 -1.50626947e+04
 -2.89578912e+05  2.80286880e+05  3.25288032e+05 -3.61747774e+05
 -3.05077562e+05  3.32086126e+04  1.79095115e+05  1.13408659e+05
 -4.26542785e+04 -4.02830094e+04]

==================================================
Case  35  : 
[ 4.74708829e-01 -4.13952853e-01 -8.94252142e+01  5.61924169e+01
  3.58985769e+03 -1.91588711e+03 -4.78058102e+04  2.69224510e+04
  2.94200316e+05 -1.95004989e+05 -8.94570900e+05  8.04840644e+05
  1.06836761e+06 -1.94834087e+06  9.26396427e+05  2.61320652e+06
 -4.06687003e+06 -1.30502190e+06  3.88148877e+06 -1.20421962e+06
 -1.12599176e+06  2.19464915e+06  1.40600957e+06 -1.34671201e+06
 -2.48523101e+06  7.15965079e+05 -5.80129661e+04 -7.02859970e+05
  1.72865828e+06  4.62365365e+05 -7.53814449e+04 -1.17088035e+05
 -8.71430302e+05  3.15828776e+03  3.16672851e+05]

==================================================
Case  36  : 
[ 4.51841968e-01  1.07638559e-01 -8.39411018e+01 -2.50008572e+00
  3.48070336e+03 -7.21289273e+01 -4.90736773e+04  1.75606512e+03
  3.35342098e+05 -1.24299929e+04 -1.25586803e+06  3.12057865e+04
  2.63015400e+06  2.82544842e+04 -2.75940802e+06 -3.22379257e+05
  5.10437197e+05  6.90478256e+05  1.64015820e+06 -5.69052298e+05
 -1.26320372e+06 -2.74604490e+04  2.22455173e+05  3.10814239e+05
  5.64133640e+04 -1.43536176e+05 -6.03294878e+05  6.70058057e+03
  7.79780735e+05  1.20532310e+05 -3.75705915e+04 -2.64303860e+05
 -3.31600379e+05  2.00166643e+05  1.21881812e+05 -5.06718094e+04]

==================================================
Case  37  : 
[-6.73463119e-01 -4.09978583e+00  2.51419457e+02  4.20934958e+02
 -9.79939051e+03 -1.21825077e+04  1.38267024e+05  1.52612815e+05
 -9.30287230e+05 -1.00082542e+06  3.29754485e+06  3.72595737e+06
 -6.16910626e+06 -7.92048860e+06  5.60598805e+06  8.52161575e+06
 -3.73579962e+06 -1.31822273e+06  1.02841237e+07 -6.50336839e+06
 -1.93855560e+07  5.13148110e+06  1.35384358e+07  4.68621843e+05
 -1.93017306e+06 -1.29827758e+06  2.09711420e+06 -3.00051850e+05
 -4.34251506e+06  6.35542459e+05  1.07855380e+06 -7.13506965e+05
  9.25382504e+04  6.20230207e+05  7.64911879e+05 -1.89554345e+05
 -3.94491210e+05]

==================================================
Case  38  : 
[ 3.94333300e-01 -4.40265625e-01 -6.66096323e+01  7.18978646e+01
  2.78193070e+03 -2.50548053e+03 -3.89381610e+04  3.37344338e+04
  2.64203955e+05 -2.24846736e+05 -9.86612840e+05  8.24714272e+05
  2.07433366e+06 -1.73340367e+06 -2.19111270e+06  2.12615697e+06
  2.61496697e+05 -1.71367225e+06  2.05922964e+06  1.31478490e+06
 -2.40721714e+06 -6.07639673e+05  1.16985538e+06 -6.02298499e+05
  1.79391357e+04  1.86558063e+05 -2.05252436e+05  1.08266820e+06
 -5.75473464e+05 -3.04228925e+05  9.14928836e+05 -5.85469778e+05
 -2.90809789e+05 -2.46468095e+05 -1.44368922e+05  6.88482828e+05
  7.50829304e+04 -2.36638017e+05]

==================================================
Case  39  : 
[ 5.69132812e-01  6.00094731e+00 -1.19113007e+02 -7.87745149e+02
  4.92059591e+03  2.56802027e+04 -7.07245625e+04 -3.40994550e+05
  4.96181438e+05  2.30114669e+06 -1.91480176e+06 -8.68428593e+06
  4.12846064e+06  1.87522441e+07 -4.34027841e+06 -2.18418563e+07
  2.07906140e+05  1.01811266e+07  4.03316894e+06  2.01795467e+06
 -2.72942425e+06 -7.32279057e+05 -7.65027016e+05 -3.43524233e+06
  1.15835550e+06  2.86573882e+06 -7.83064085e+05 -2.36647091e+06
  1.48492784e+06  3.09680811e+05 -8.88219560e+05  1.22872730e+06
 -6.23174784e+05  1.41463239e+06  9.44070382e+05 -2.56106225e+06
 -4.06539212e+05  8.66041537e+05  6.33812037e+04]

==================================================
Case  40  : 
[ 6.26978805e-01 -7.08914834e-01 -1.35257453e+02  6.52032267e+01
  5.47771522e+03 -1.68090233e+03 -7.65943118e+04  1.80080703e+04
  5.15423664e+05 -9.13045498e+04 -1.87465681e+06  1.94397652e+05
  3.73923352e+06  9.69562885e+04 -3.64372297e+06 -1.32474364e+06
  7.09166044e+05  2.53316489e+06  1.10001140e+06 -1.66515072e+06
  6.58101399e+04 -4.43814438e+05 -6.77296445e+05  8.11498786e+05
  3.81652284e+05  1.19254509e+05 -7.30996136e+05 -3.03110274e+05
  3.28212152e+05  1.55794331e+05  9.14851798e+04 -1.30992024e+05
  4.39605874e+05  2.85885647e+03 -3.48690038e+05 -4.73852297e+04
 -1.27897191e+05  1.28757393e+05  1.03911062e+05 -5.25734866e+04]

==================================================
Case  41  : 
[ 4.29408212e-01  1.23603274e+00 -7.66099751e+01 -1.20431674e+02
  3.14449868e+03  3.32246679e+03 -4.32429939e+04 -3.94317059e+04
  2.84932718e+05  2.40680421e+05 -1.01639702e+06 -8.04267783e+05
  2.00846101e+06  1.40891116e+06 -2.04629092e+06 -8.70806225e+05
  8.11799313e+05 -8.85691797e+05 -8.76186791e+04  1.43734015e+06
  2.30140901e+05 -3.64126680e+04  1.63268168e+05 -5.23918258e+05
 -2.19773612e+05 -1.53826949e+05 -3.80971973e+05 -1.58253739e+03
 -1.62778031e+04  3.04610043e+05  4.52783877e+05  1.04050224e+05
  4.93747943e+04 -1.70975816e+05 -1.97170566e+05 -9.94877228e+04
 -4.85272211e+04  1.06469726e+05  5.02729307e+04 -1.88635351e+04
  2.16925219e+03]

==================================================
Case  42  : 
[ 6.08479100e-01  1.91137159e+00 -1.28723819e+02 -1.42375916e+02
  5.15957725e+03  2.90826477e+03 -7.07276403e+04 -2.21331114e+04
  4.60546588e+05  4.14707081e+04 -1.57957320e+06  3.11214393e+05
  2.77637215e+06 -1.94819198e+06 -1.73028035e+06  4.25823677e+06
 -1.45119844e+06 -3.18039625e+06  2.09078149e+06 -1.69701300e+06
  3.90611105e+05  2.15103741e+06 -6.93392121e+05  2.54994039e+06
 -7.80195345e+05 -2.06396677e+06  3.93635684e+05 -1.65505717e+06
  2.76596412e+05  8.58948439e+05  1.03111464e+04  3.87221628e+04
 -3.60012362e+05  6.23738606e+05  5.63031477e+05  3.03738275e+05
 -2.87851994e+05 -6.69519063e+05 -8.96913443e+04 -3.78290381e+04
  7.60057861e+04  1.34291414e+05]

==================================================
Case  43  : 
[ 3.89214522e-01 -8.17220725e-01 -6.42446932e+01  8.45669578e+01
  2.62503581e+03 -2.41497134e+03 -3.51538532e+04  2.91549489e+04
  2.21587447e+05 -1.79204310e+05 -7.32275334e+05  5.99987780e+05
  1.23304943e+06 -1.05881461e+06 -7.30791680e+05  7.20164588e+05
 -5.55989868e+05  4.32724643e+05  6.74618954e+05 -7.89086277e+05
  3.12064485e+05  8.93293542e+03 -4.18128409e+05  2.31748399e+05
 -1.83255090e+04  4.28455275e+04  1.64639322e+05  1.13244568e+05
 -3.17828804e+05 -1.15437092e+05  6.40434571e+04 -9.02263019e+04
  2.22495617e+05  3.36962811e+04 -2.47282385e+04  4.55654334e+03
 -2.39479389e+04  1.41640249e+04 -4.21300623e+04  1.95631915e+04
 -2.08888402e+04 -1.56836167e+04  2.51291433e+04]

==================================================
Case  44  : 
[ 4.29867074e-01 -7.38448684e-01 -7.65412031e+01  7.05458957e+01
  3.12542167e+03 -1.90637436e+03 -4.25531956e+04  2.19994915e+04
  2.75465512e+05 -1.28855324e+05 -9.50839576e+05  4.03784567e+05
  1.74787873e+06 -6.28475822e+05 -1.40613533e+06  2.35817379e+05
 -2.05442907e+05  5.96708554e+05  9.38643635e+05 -6.99624582e+05
 -2.11258575e+05  1.04609714e+05 -2.14578010e+05  5.58646654e+04
  2.23681611e+05  7.93050192e+03 -1.61243574e+05  5.44874256e+04
 -1.46742212e+05  1.00135476e+05 -5.19607582e+04 -9.67401538e+04
  2.69365111e+05 -3.61301398e+04  6.61212034e+04 -8.12143336e+04
 -1.09165743e+05  9.35497609e+04 -3.88515841e+04  2.19676920e+04
 -9.35919386e+03 -2.23878090e+04  2.39260495e+04 -1.59049659e+03]

==================================================
mse size :  44
mse
0.8088527228567184
0.8182039320478756
0.8242272473988406
0.8342182454819765
0.8436537690949389
0.8544013841509581
0.8650234487609156
0.8766350213209583
0.8818903468653975
0.8944000546287576
0.9072280581370178
0.9208713509006462
0.9351301497283174
0.9500931822176278
0.9638310264847806
0.9803079640750676
0.9903790592282016
1.0085526679148409
0.9996657738987306
1.0194630591145364
1.0403090025655493
1.0626838486920809
1.1139519351951952
1.1467217943375876
1.1090752069553682
1.1431993082744913
1.1813014899385048
1.2048508187919464
1.234895653207938
1.3210350070717958
1.3571593146271612
1.3792848350491664
1.4212633194245916
1.5174028146935836
1.5624961131731774
1.6428081160619554
2.609327853233243
1.8636301564204476
2.207215983219243
2.2566180572022625
2.4632744374142876
2.9062299486945085
3.479943697047753
4.924271887866886
find min
0.9885710532241613
0.9926921666688722
0.9880235200593538
0.9888158816346133
0.9874208829065751
0.9877204893980933
0.9867543820659301
0.9940408401530657
0.9860132971832694
0.9858602218116993
0.9851843661437781
0.9847520702526661
0.9842509842514763
0.9857466258196144
0.9831920802501761
0.9898310701753101
0.9819805060610143
1.0088898652411107
0.9805806742688638
0.9799617773184661
0.9789449645310128
0.9539763926222448
0.9714230083493598
1.0339441249305057
0.9701503481745201
0.9677455907839437
0.9804545687431631
0.9756701431914973
0.9347940414881252
0.9733824119497058
0.9839587010168088
0.9704639641354985
0.9366420739845498
0.9711402171823541
0.9511129741181841
0.6295905338328168
1.4001318041800142
0.8443352035274443
0.9781079151496874
0.9161050116571853
0.8475841488457586
0.8351370601656686
0.7066920300688774
[0.98857105 0.99269217 0.98802352 0.98881588 0.98742088 0.98772049
 0.98675438 0.99404084 0.9860133  0.98586022 0.98518437 0.98475207
 0.98425098 0.98574663 0.98319208 0.98983107 0.98198051 1.00888987
 0.98058067 0.97996178 0.97894496 0.95397639 0.97142301 1.03394412
 0.97015035 0.96774559 0.98045457 0.97567014 0.93479404 0.97338241
 0.9839587  0.97046396 0.93664207 0.97114022 0.95111297 0.62959053
 1.4001318  0.8443352  0.97810792 0.91610501 0.84758415 0.83513706
 0.70669203]
Case 1 : 36
sort : [36 43 42 38 41 40 29 33 35 22 26 25 32 34 23 30 28 39 21 20 27 19 17 15
 31 13 12 11 14 10  9  7  5  6  3  1  4 16  2  8 18 24 37]
THE BEST CHOICE :  [1, 2, 3, 4, 5, 6, 7, 8, 9, 10, 11, 12, 13, 14, 15, 16, 17, 18, 19, 20, 21, 22, 23, 24, 25, 26, 27, 28, 29, 30, 31, 32, 33, 34, 35, 36, 37, 38, 39, 40, 41, 42, 43]
Case 2 : 1
sort : [ 1  2  3  4  5  6  7  8  9 10 11 12 13 14 15 16 17 19 18 20 21 22 25 23
 26 24 27 28 29 30 31 32 33 34 35 36 38 39 40 41 37 42 43 44]
name ['' 'f(x) = 3.5733E-01' 'f(x) = 3.5733E-01 + 3.4387E-17 * x'
 'f(x) = 2.7428E-01 + 3.8385E-17 * x + 1.7615E-01 * x^2'
 'f(x) = 2.7428E-01 + 6.5831E-16 * x + 1.7615E-01 * x^2 + -7.2317E-16 * x^3'
 'f(x) = 3.1567E-01 + 4.8899E-16 * x + -1.4008E-01 * x^2 + -5.5060E-16 * x^3 + 2.6649E-01 * x^4'
 'f(x) = 3.1567E-01 + 3.8693E-15 * x + -1.4008E-01 * x^2 + -1.2292E-14 * x^3 + 2.6649E-01 * x^4 + 7.7559E-15 * x^5'
 'f(x) = 2.8707E-01 + 3.5654E-15 * x + 3.5471E-01 * x^2 + -1.0642E-14 * x^3 + -8.7744E-01 * x^4 + 6.5116E-15 * x^5 + 6.3402E-01 * x^6'
 'f(x) = 2.8707E-01 + -1.1195E-14 * x + 3.5471E-01 * x^2 + 8.7276E-14 * x^3 + -8.7744E-01 * x^4 + -1.5455E-13 * x^5 + 6.3402E-01 * x^6 + 7.4787E-14 * x^7'
 'f(x) = 1.9164E-01 + -9.7532E-13 * x + 3.5211E+00 * x^2 + 6.2384E-12 * x^3 + -1.4746E+01 * x^4 + -1.0011E-11 * x^5 + 1.9281E+01 * x^6 + 4.5711E-12 * x^7 + -7.6761E+00 * x^8'
 'f(x) = 1.9164E-01 + -5.8532E-12 * x + 3.5211E+00 * x^2 + 6.1083E-11 * x^3 + -1.4746E+01 * x^4 + -1.7709E-10 * x^5 + 1.9281E+01 * x^6 + 1.9050E-10 * x^7 + -7.6761E+00 * x^8 + -6.8131E-11 * x^9'
 'f(x) = 1.7475E-01 + -9.3200E-12 * x + 4.4115E+00 * x^2 + 9.5922E-11 * x^3 + -2.0910E+01 * x^4 + -2.7583E-10 * x^5 + 3.3884E+01 * x^6 + 2.9522E-10 * x^7 + -2.1612E+01 * x^8 + -1.0522E-10 * x^9 + 4.6089E+00 * x^10'
 'f(x) = 1.7475E-01 + -4.5282E-11 * x + 4.4115E+00 * x^2 + 7.1401E-10 * x^3 + -2.0910E+01 * x^4 + -3.2122E-09 * x^5 + 3.3884E+01 * x^6 + 5.9255E-09 * x^7 + -2.1612E+01 * x^8 + -4.7883E-09 * x^9 + 4.6089E+00 * x^10 + 1.4064E-09 * x^11'
 'f(x) = 1.7962E-01 + 4.7056E-12 * x + 4.0474E+00 * x^2 + -1.0908E-10 * x^3 + -1.7288E+01 * x^4 + 5.9502E-10 * x^5 + 2.0912E+01 * x^6 + -1.2373E-09 * x^7 + -7.9525E-01 * x^8 + 1.0851E-09 * x^9 + -1.0692E+01 * x^10 + -3.3817E-10 * x^11 + 4.1959E+00 * x^12'
 'f(x) = 1.7962E-01 + -4.8171E-12 * x + 4.0474E+00 * x^2 + 1.2506E-10 * x^3 + -1.7288E+01 * x^4 + -9.9289E-10 * x^5 + 2.0912E+01 * x^6 + 3.3223E-09 * x^7 + -7.9525E-01 * x^8 + -5.2277E-09 * x^9 + -1.0692E+01 * x^10 + 3.8321E-09 * x^11 + 4.1959E+00 * x^12 + -1.0546E-09 * x^13'
 'f(x) = 1.3042E-01 + -7.5103E-09 * x + 8.7003E+00 * x^2 + 1.6421E-07 * x^3 + -7.7866E+01 * x^4 + -1.0260E-06 * x^5 + 3.1469E+02 * x^6 + 2.7633E-06 * x^7 + -6.7842E+02 * x^8 + -3.6326E-06 * x^9 + 7.9095E+02 * x^10 + 2.2989E-06 * x^11 + -4.6567E+02 * x^12 + -5.6076E-07 * x^13 + 1.0811E+02 * x^14'
 'f(x) = 1.3042E-01 + 1.1980E-08 * x + 8.7003E+00 * x^2 + -4.7387E-07 * x^3 + -7.7866E+01 * x^4 + 4.6406E-06 * x^5 + 3.1469E+02 * x^6 + -1.9037E-05 * x^7 + -6.7842E+02 * x^8 + 3.9049E-05 * x^9 + 7.9095E+02 * x^10 + -4.2231E-05 * x^11 + -4.6567E+02 * x^12 + 2.3026E-05 * x^13 + 1.0811E+02 * x^14 + -4.9882E-06 * x^15'
 'f(x) = 3.1977E-02 + 9.6791E-07 * x + 2.1041E+01 * x^2 + -3.1730E-05 * x^3 + -2.9827E+02 * x^4 + 2.8124E-04 * x^5 + 1.7834E+03 * x^6 + -1.0787E-03 * x^7 + -5.4231E+03 * x^8 + 2.1048E-03 * x^9 + 9.0296E+03 * x^10 + -2.1880E-03 * x^11 + -8.3276E+03 * x^12 + 1.1548E-03 * x^13 + 3.9908E+03 * x^14 + -2.4336E-04 * x^15 + -7.7537E+02 * x^16'
 'f(x) = 3.1977E-02 + 1.4601E-05 * x + 2.1041E+01 * x^2 + -6.2435E-04 * x^3 + -2.9827E+02 * x^4 + 7.3220E-03 * x^5 + 1.7834E+03 * x^6 + -3.8125E-02 * x^7 + -5.4231E+03 * x^8 + 1.0463E-01 * x^9 + 9.0296E+03 * x^10 + -1.6191E-01 * x^11 + -8.3277E+03 * x^12 + 1.4188E-01 * x^13 + 3.9908E+03 * x^14 + -6.5625E-02 * x^15 + -7.7537E+02 * x^16 + 1.2441E-02 * x^17'
 'f(x) = 2.0025E-01 + -2.0121E-04 * x + -7.8104E+00 * x^2 + 8.5158E-03 * x^3 + 4.1567E+02 * x^4 + -9.9167E-02 * x^5 + -4.7332E+03 * x^6 + 5.1365E-01 * x^7 + 2.3766E+04 * x^8 + -1.4040E+00 * x^9 + -6.3386E+04 * x^10 + 2.1661E+00 * x^11 + 9.5992E+04 * x^12 + -1.8937E+00 * x^13 + -8.2719E+04 * x^14 + 8.7423E-01 * x^15 + 3.7751E+04 * x^16 + -1.6548E-01 * x^17 + -7.0784E+03 * x^18'
 'f(x) = 2.0024E-01 + -1.7540E-03 * x + -7.8088E+00 * x^2 + 9.2851E-02 * x^3 + 4.1563E+02 * x^4 + -1.3913E+00 * x^5 + -4.7329E+03 * x^6 + 9.4700E+00 * x^7 + 2.3765E+04 * x^8 + -3.4910E+01 * x^9 + -6.3383E+04 * x^10 + 7.5427E+01 * x^11 + 9.5987E+04 * x^12 + -9.8114E+01 * x^13 + -8.2715E+04 * x^14 + 7.5473E+01 * x^15 + 3.7749E+04 * x^16 + -3.1579E+01 * x^17 + -7.0781E+03 * x^18 + 5.5333E+00 * x^19'
 'f(x) = 1.8688E-01 + -6.0911E-04 * x + -4.6763E+00 * x^2 + 3.2339E-02 * x^3 + 3.1322E+02 * x^4 + -4.8564E-01 * x^5 + -3.5148E+03 * x^6 + 3.3110E+00 * x^7 + 1.6590E+04 * x^8 + -1.2221E+01 * x^9 + -3.9463E+04 * x^10 + 2.6431E+01 * x^11 + 4.7975E+04 * x^12 + -3.4407E+01 * x^13 + -2.3648E+04 * x^14 + 2.6483E+01 * x^15 + -5.7665E+03 * x^16 + -1.1087E+01 * x^17 + 1.0521E+04 * x^18 + 1.9434E+00 * x^19 + -3.0010E+03 * x^20'
 'f(x) = 1.8699E-01 + -3.5398E-03 * x + -4.6997E+00 * x^2 + 2.3910E-01 * x^3 + 3.1397E+02 * x^4 + -4.7296E+00 * x^5 + -3.5236E+03 * x^6 + 4.2777E+01 * x^7 + 1.6641E+04 * x^8 + -2.1163E+02 * x^9 + -3.9632E+04 * x^10 + 6.2523E+02 * x^11 + 4.8310E+04 * x^12 + -1.1490E+03 * x^13 + -2.4059E+04 * x^14 + 1.3226E+03 * x^15 + -5.4655E+03 * x^16 + -9.2550E+02 * x^17 + 1.0399E+04 * x^18 + 3.5944E+02 * x^19 + -2.9804E+03 * x^20 + -5.9339E+01 * x^21'
 'f(x) = 9.2990E-02 + 1.4767E-01 * x + 2.0845E+01 * x^2 + -9.7793E+00 * x^3 + -6.5346E+02 * x^4 + 1.9015E+02 * x^5 + 1.0106E+04 * x^6 + -1.6973E+03 * x^7 + -8.0843E+04 * x^8 + 8.3121E+03 * x^9 + 3.6598E+05 * x^10 + -2.4363E+04 * x^11 + -1.0017E+06 * x^12 + 4.4493E+04 * x^13 + 1.7167E+06 * x^14 + -5.0955E+04 * x^15 + -1.8519E+06 * x^16 + 3.5513E+04 * x^17 + 1.2206E+06 * x^18 + -1.3746E+04 * x^19 + -4.4873E+05 * x^20 + 2.2632E+03 * x^21 + 7.0469E+04 * x^22'
 'f(x) = 7.9873E-02 + 1.9166E-01 * x + 2.4684E+01 * x^2 + -1.2686E+01 * x^3 + -8.0716E+02 * x^4 + 2.4641E+02 * x^5 + 1.2382E+04 * x^6 + -2.1960E+03 * x^7 + -9.7842E+04 * x^8 + 1.0730E+04 * x^9 + 4.3946E+05 * x^10 + -3.1344E+04 * x^11 + -1.1983E+06 * x^12 + 5.6958E+04 * x^13 + 2.0517E+06 * x^14 + -6.4721E+04 * x^15 + -2.2159E+06 * x^16 + 4.4497E+04 * x^17 + 1.4640E+06 * x^18 + -1.6744E+04 * x^19 + -5.3988E+05 * x^20 + 2.5165E+03 * x^21 + 8.5088E+04 * x^22 + 6.8771E+01 * x^23'
 'f(x) = 2.8323E-01 + -5.3260E-04 * x + -3.3028E+01 * x^2 + 2.1903E+00 * x^3 + 1.4306E+03 * x^4 + -9.7840E+01 * x^5 + -1.9434E+04 * x^6 + 1.4860E+03 * x^7 + 1.2805E+05 * x^8 + -1.1171E+04 * x^9 + -4.7303E+05 * x^10 + 4.8266E+04 * x^11 + 1.0187E+06 * x^12 + -1.2875E+05 * x^13 + -1.1964E+06 * x^14 + 2.1871E+05 * x^15 + 4.4556E+05 * x^16 + -2.3671E+05 * x^17 + 6.5496E+05 * x^18 + 1.5775E+05 * x^19 + -9.6830E+05 * x^20 + -5.8916E+04 * x^21 + 5.0738E+05 * x^22 + 9.4231E+03 * x^23 + -9.8861E+04 * x^24'
 'f(x) = 2.8248E-01 + -2.1350E+00 * x + -3.2637E+01 * x^2 + 1.5932E+02 * x^3 + 1.4094E+03 * x^4 + -3.5058E+03 * x^5 + -1.9038E+04 * x^6 + 3.5051E+04 * x^7 + 1.2442E+05 * x^8 + -1.8968E+05 * x^9 + -4.5405E+05 * x^10 + 5.9901E+05 * x^11 + 9.5707E+05 * x^12 + -1.1089E+06 * x^13 + -1.0670E+06 * x^14 + 1.0634E+06 * x^15 + 2.6653E+05 * x^16 + -1.0304E+05 * x^17 + 8.1697E+05 * x^18 + -9.3414E+05 * x^19 + -1.0605E+06 * x^20 + 1.0388E+06 * x^21 + 5.3731E+05 * x^22 + -4.8468E+05 * x^23 + -1.0309E+05 * x^24 + 8.7467E+04 * x^25'
 'f(x) = 2.5794E-01 + -2.5104E+00 * x + -2.3836E+01 * x^2 + 1.8331E+02 * x^3 + 9.9459E+02 * x^4 + -3.9417E+03 * x^5 + -1.1836E+04 * x^6 + 3.8462E+04 * x^7 + 6.1790E+04 * x^8 + -2.0217E+05 * x^9 + -1.4216E+05 * x^10 + 6.1285E+05 * x^11 + 1.1028E+04 * x^12 + -1.0539E+06 * x^13 + 7.0133E+05 * x^14 + 8.0987E+05 * x^15 + -1.6557E+06 * x^16 + 3.8377E+05 * x^17 + 1.6944E+06 * x^18 + -1.4678E+06 * x^19 + -6.0795E+05 * x^20 + 1.3849E+06 * x^21 + -3.0054E+05 * x^22 + -6.0845E+05 * x^23 + 3.2979E+05 * x^24 + 1.0633E+05 * x^25 + -8.1125E+04 * x^26'
 'f(x) = 2.7751E-01 + -2.5792E-01 * x + -3.0625E+01 * x^2 + 2.0193E+01 * x^3 + 1.3054E+03 * x^4 + -4.7395E+02 * x^5 + -1.7080E+04 * x^6 + 5.1335E+03 * x^7 + 1.0624E+05 * x^8 + -3.0700E+04 * x^9 + -3.5872E+05 * x^10 + 1.1020E+05 * x^11 + 6.5688E+05 * x^12 + -2.4324E+05 * x^13 + -4.9534E+05 * x^14 + 3.1383E+05 * x^15 + -3.4114E+05 * x^16 + -1.6813E+05 * x^17 + 1.0266E+06 * x^18 + -1.3000E+05 * x^19 + -7.7968E+05 * x^20 + 3.0361E+05 * x^21 + 1.4559E+05 * x^22 + -2.3554E+05 * x^23 + 9.1588E+04 * x^24 + 8.8971E+04 * x^25 + -3.6226E+04 * x^26 + -1.3672E+04 * x^27'
 'f(x) = 3.4170E-01 + -5.5937E-01 * x + -5.0203E+01 * x^2 + 3.9541E+01 * x^3 + 2.1147E+03 * x^4 + -8.2205E+02 * x^5 + -2.9340E+04 * x^6 + 7.7244E+03 * x^7 + 1.9828E+05 * x^8 + -3.8441E+04 * x^9 + -7.4495E+05 * x^10 + 1.0457E+05 * x^11 + 1.5944E+06 * x^12 + -1.2868E+05 * x^13 + -1.7378E+06 * x^14 + -7.4910E+04 * x^15 + 2.7395E+05 * x^16 + 5.3845E+05 * x^17 + 1.4011E+06 * x^18 + -9.1053E+05 * x^19 + -1.0262E+06 * x^20 + 8.3340E+05 * x^21 + -6.7643E+05 * x^22 + -4.4452E+05 * x^23 + 1.2919E+06 * x^24 + 1.2972E+05 * x^25 + -6.6957E+05 * x^26 + -1.5987E+04 * x^27 + 1.2258E+05 * x^28'
 'f(x) = 1.5346E-01 + 2.0380E+00 * x + 8.0014E+00 * x^2 + -1.1311E+02 * x^3 + -3.1653E+02 * x^4 + 1.4679E+03 * x^5 + 7.8907E+03 * x^6 + -2.9598E+03 * x^7 + -8.4636E+04 * x^8 + -6.0848E+04 * x^9 + 4.5998E+05 * x^10 + 5.0701E+05 * x^11 + -1.3888E+06 * x^12 + -1.7933E+06 * x^13 + 2.3292E+06 * x^14 + 3.3843E+06 * x^15 + -1.8048E+06 * x^16 + -3.2805E+06 * x^17 + -2.2048E+05 * x^18 + 9.5288E+05 * x^19 + 1.2215E+06 * x^20 + 7.5226E+05 * x^21 + -6.0171E+04 * x^22 + -5.0653E+04 * x^23 + -1.0601E+06 * x^24 + -9.7840E+05 * x^25 + 7.7631E+05 * x^26 + 7.3721E+05 * x^27 + -1.7546E+05 * x^28 + -1.6827E+05 * x^29'
 'f(x) = 6.4646E-01 + -1.1113E+00 * x + -1.4477E+02 * x^2 + 9.7222E+01 * x^3 + 6.0218E+03 * x^4 + -2.5148E+03 * x^5 + -8.7560E+04 * x^6 + 2.9460E+04 * x^7 + 6.1988E+05 * x^8 + -1.8771E+05 * x^9 + -2.3997E+06 * x^10 + 7.0781E+05 * x^11 + 5.1230E+06 * x^12 + -1.6172E+06 * x^13 + -5.0834E+06 * x^14 + 2.1286E+06 * x^15 + -6.3498E+05 * x^16 + -1.1839E+06 * x^17 + 5.7914E+06 * x^18 + -6.3156E+05 * x^19 + -2.4702E+06 * x^20 + 1.3148E+06 * x^21 + -3.4397E+06 * x^22 + -4.7064E+05 * x^23 + 2.5042E+06 * x^24 + -3.1775E+05 * x^25 + 1.4135E+06 * x^26 + 2.9845E+05 * x^27 + -1.8209E+06 * x^28 + -6.7979E+04 * x^29 + 4.7864E+05 * x^30'
 'f(x) = 2.6200E-01 + -1.4253E-01 * x + -2.5549E+01 * x^2 + 3.3639E+00 * x^3 + 1.0732E+03 * x^4 + 1.3660E+02 * x^5 + -1.3012E+04 * x^6 + -4.0898E+03 * x^7 + 6.9476E+04 * x^8 + 4.2245E+04 * x^9 + -1.6458E+05 * x^10 + -2.2541E+05 * x^11 + 2.7090E+04 * x^12 + 6.8905E+05 * x^13 + 7.5001E+05 * x^14 + -1.1954E+06 * x^15 + -1.6820E+06 * x^16 + 9.3211E+05 * x^17 + 1.3593E+06 * x^18 + 3.6970E+05 * x^19 + 9.6765E+04 * x^20 + -1.3264E+06 * x^21 + -6.0986E+05 * x^22 + 6.4031E+05 * x^23 + -2.6996E+05 * x^24 + 6.8257E+05 * x^25 + 8.2222E+05 * x^26 + -1.0024E+06 * x^27 + -4.8028E+05 * x^28 + 4.8289E+05 * x^29 + 9.3803E+04 * x^30 + -8.5375E+04 * x^31'
 'f(x) = 4.1323E-01 + 5.7559E-01 * x + -7.1745E+01 * x^2 + -4.0851E+01 * x^3 + 2.9708E+03 * x^4 + 8.5378E+02 * x^5 + -4.1361E+04 * x^6 + -8.0949E+03 * x^7 + 2.7798E+05 * x^8 + 4.1113E+04 * x^9 + -1.0181E+06 * x^10 + -1.1860E+05 * x^11 + 2.0580E+06 * x^12 + 1.8675E+05 * x^13 + -2.0034E+06 * x^14 + -1.1143E+05 * x^15 + 1.9793E+05 * x^16 + -9.8922E+04 * x^17 + 9.7907E+05 * x^18 + 1.8657E+05 * x^19 + 3.9885E+04 * x^20 + -4.5278E+04 * x^21 + -6.5025E+05 * x^22 + -6.5118E+04 * x^23 + -1.7494E+05 * x^24 + -2.3501E+03 * x^25 + 1.1034E+04 * x^26 + 7.3898E+04 * x^27 + 9.4386E+05 * x^28 + -4.9707E+04 * x^29 + -8.3518E+05 * x^30 + 1.0366E+04 * x^31 + 2.1258E+05 * x^32'
 'f(x) = 1.8642E-01 + -1.0346E+00 * x + -3.4449E+00 * x^2 + 8.4432E+01 * x^3 + 2.0045E+02 * x^4 + -2.0491E+03 * x^5 + -5.8614E+02 * x^6 + 2.2495E+04 * x^7 + -1.6167E+04 * x^8 + -1.3242E+05 * x^9 + 1.5245E+05 * x^10 + 4.4709E+05 * x^11 + -5.9817E+05 * x^12 + -8.5638E+05 * x^13 + 1.2707E+06 * x^14 + 7.8572E+05 * x^15 + -1.5302E+06 * x^16 + 3.5296E+04 * x^17 + 1.0030E+06 * x^18 + -6.6642E+05 * x^19 + -3.5697E+05 * x^20 + 3.5677E+05 * x^21 + 2.0861E+05 * x^22 + -1.5063E+04 * x^23 + -2.8958E+05 * x^24 + 2.8029E+05 * x^25 + 3.2529E+05 * x^26 + -3.6175E+05 * x^27 + -3.0508E+05 * x^28 + 3.3209E+04 * x^29 + 1.7910E+05 * x^30 + 1.1341E+05 * x^31 + -4.2654E+04 * x^32 + -4.0283E+04 * x^33'
 'f(x) = 4.7471E-01 + -4.1395E-01 * x + -8.9425E+01 * x^2 + 5.6192E+01 * x^3 + 3.5899E+03 * x^4 + -1.9159E+03 * x^5 + -4.7806E+04 * x^6 + 2.6922E+04 * x^7 + 2.9420E+05 * x^8 + -1.9500E+05 * x^9 + -8.9457E+05 * x^10 + 8.0484E+05 * x^11 + 1.0684E+06 * x^12 + -1.9483E+06 * x^13 + 9.2640E+05 * x^14 + 2.6132E+06 * x^15 + -4.0669E+06 * x^16 + -1.3050E+06 * x^17 + 3.8815E+06 * x^18 + -1.2042E+06 * x^19 + -1.1260E+06 * x^20 + 2.1946E+06 * x^21 + 1.4060E+06 * x^22 + -1.3467E+06 * x^23 + -2.4852E+06 * x^24 + 7.1597E+05 * x^25 + -5.8013E+04 * x^26 + -7.0286E+05 * x^27 + 1.7287E+06 * x^28 + 4.6237E+05 * x^29 + -7.5381E+04 * x^30 + -1.1709E+05 * x^31 + -8.7143E+05 * x^32 + 3.1583E+03 * x^33 + 3.1667E+05 * x^34'
 'f(x) = 4.5184E-01 + 1.0764E-01 * x + -8.3941E+01 * x^2 + -2.5001E+00 * x^3 + 3.4807E+03 * x^4 + -7.2129E+01 * x^5 + -4.9074E+04 * x^6 + 1.7561E+03 * x^7 + 3.3534E+05 * x^8 + -1.2430E+04 * x^9 + -1.2559E+06 * x^10 + 3.1206E+04 * x^11 + 2.6302E+06 * x^12 + 2.8254E+04 * x^13 + -2.7594E+06 * x^14 + -3.2238E+05 * x^15 + 5.1044E+05 * x^16 + 6.9048E+05 * x^17 + 1.6402E+06 * x^18 + -5.6905E+05 * x^19 + -1.2632E+06 * x^20 + -2.7460E+04 * x^21 + 2.2246E+05 * x^22 + 3.1081E+05 * x^23 + 5.6413E+04 * x^24 + -1.4354E+05 * x^25 + -6.0329E+05 * x^26 + 6.7006E+03 * x^27 + 7.7978E+05 * x^28 + 1.2053E+05 * x^29 + -3.7571E+04 * x^30 + -2.6430E+05 * x^31 + -3.3160E+05 * x^32 + 2.0017E+05 * x^33 + 1.2188E+05 * x^34 + -5.0672E+04 * x^35'
 'f(x) = -6.7346E-01 + -4.0998E+00 * x + 2.5142E+02 * x^2 + 4.2093E+02 * x^3 + -9.7994E+03 * x^4 + -1.2183E+04 * x^5 + 1.3827E+05 * x^6 + 1.5261E+05 * x^7 + -9.3029E+05 * x^8 + -1.0008E+06 * x^9 + 3.2975E+06 * x^10 + 3.7260E+06 * x^11 + -6.1691E+06 * x^12 + -7.9205E+06 * x^13 + 5.6060E+06 * x^14 + 8.5216E+06 * x^15 + -3.7358E+06 * x^16 + -1.3182E+06 * x^17 + 1.0284E+07 * x^18 + -6.5034E+06 * x^19 + -1.9386E+07 * x^20 + 5.1315E+06 * x^21 + 1.3538E+07 * x^22 + 4.6862E+05 * x^23 + -1.9302E+06 * x^24 + -1.2983E+06 * x^25 + 2.0971E+06 * x^26 + -3.0005E+05 * x^27 + -4.3425E+06 * x^28 + 6.3554E+05 * x^29 + 1.0786E+06 * x^30 + -7.1351E+05 * x^31 + 9.2538E+04 * x^32 + 6.2023E+05 * x^33 + 7.6491E+05 * x^34 + -1.8955E+05 * x^35 + -3.9449E+05 * x^36'
 'f(x) = 3.9433E-01 + -4.4027E-01 * x + -6.6610E+01 * x^2 + 7.1898E+01 * x^3 + 2.7819E+03 * x^4 + -2.5055E+03 * x^5 + -3.8938E+04 * x^6 + 3.3734E+04 * x^7 + 2.6420E+05 * x^8 + -2.2485E+05 * x^9 + -9.8661E+05 * x^10 + 8.2471E+05 * x^11 + 2.0743E+06 * x^12 + -1.7334E+06 * x^13 + -2.1911E+06 * x^14 + 2.1262E+06 * x^15 + 2.6150E+05 * x^16 + -1.7137E+06 * x^17 + 2.0592E+06 * x^18 + 1.3148E+06 * x^19 + -2.4072E+06 * x^20 + -6.0764E+05 * x^21 + 1.1699E+06 * x^22 + -6.0230E+05 * x^23 + 1.7939E+04 * x^24 + 1.8656E+05 * x^25 + -2.0525E+05 * x^26 + 1.0827E+06 * x^27 + -5.7547E+05 * x^28 + -3.0423E+05 * x^29 + 9.1493E+05 * x^30 + -5.8547E+05 * x^31 + -2.9081E+05 * x^32 + -2.4647E+05 * x^33 + -1.4437E+05 * x^34 + 6.8848E+05 * x^35 + 7.5083E+04 * x^36 + -2.3664E+05 * x^37'
 'f(x) = 5.6913E-01 + 6.0009E+00 * x + -1.1911E+02 * x^2 + -7.8775E+02 * x^3 + 4.9206E+03 * x^4 + 2.5680E+04 * x^5 + -7.0725E+04 * x^6 + -3.4099E+05 * x^7 + 4.9618E+05 * x^8 + 2.3011E+06 * x^9 + -1.9148E+06 * x^10 + -8.6843E+06 * x^11 + 4.1285E+06 * x^12 + 1.8752E+07 * x^13 + -4.3403E+06 * x^14 + -2.1842E+07 * x^15 + 2.0791E+05 * x^16 + 1.0181E+07 * x^17 + 4.0332E+06 * x^18 + 2.0180E+06 * x^19 + -2.7294E+06 * x^20 + -7.3228E+05 * x^21 + -7.6503E+05 * x^22 + -3.4352E+06 * x^23 + 1.1584E+06 * x^24 + 2.8657E+06 * x^25 + -7.8306E+05 * x^26 + -2.3665E+06 * x^27 + 1.4849E+06 * x^28 + 3.0968E+05 * x^29 + -8.8822E+05 * x^30 + 1.2287E+06 * x^31 + -6.2317E+05 * x^32 + 1.4146E+06 * x^33 + 9.4407E+05 * x^34 + -2.5611E+06 * x^35 + -4.0654E+05 * x^36 + 8.6604E+05 * x^37 + 6.3381E+04 * x^38'
 'f(x) = 6.2698E-01 + -7.0891E-01 * x + -1.3526E+02 * x^2 + 6.5203E+01 * x^3 + 5.4777E+03 * x^4 + -1.6809E+03 * x^5 + -7.6594E+04 * x^6 + 1.8008E+04 * x^7 + 5.1542E+05 * x^8 + -9.1305E+04 * x^9 + -1.8747E+06 * x^10 + 1.9440E+05 * x^11 + 3.7392E+06 * x^12 + 9.6956E+04 * x^13 + -3.6437E+06 * x^14 + -1.3247E+06 * x^15 + 7.0917E+05 * x^16 + 2.5332E+06 * x^17 + 1.1000E+06 * x^18 + -1.6652E+06 * x^19 + 6.5810E+04 * x^20 + -4.4381E+05 * x^21 + -6.7730E+05 * x^22 + 8.1150E+05 * x^23 + 3.8165E+05 * x^24 + 1.1925E+05 * x^25 + -7.3100E+05 * x^26 + -3.0311E+05 * x^27 + 3.2821E+05 * x^28 + 1.5579E+05 * x^29 + 9.1485E+04 * x^30 + -1.3099E+05 * x^31 + 4.3961E+05 * x^32 + 2.8589E+03 * x^33 + -3.4869E+05 * x^34 + -4.7385E+04 * x^35 + -1.2790E+05 * x^36 + 1.2876E+05 * x^37 + 1.0391E+05 * x^38 + -5.2573E+04 * x^39'
 'f(x) = 4.2941E-01 + 1.2360E+00 * x + -7.6610E+01 * x^2 + -1.2043E+02 * x^3 + 3.1445E+03 * x^4 + 3.3225E+03 * x^5 + -4.3243E+04 * x^6 + -3.9432E+04 * x^7 + 2.8493E+05 * x^8 + 2.4068E+05 * x^9 + -1.0164E+06 * x^10 + -8.0427E+05 * x^11 + 2.0085E+06 * x^12 + 1.4089E+06 * x^13 + -2.0463E+06 * x^14 + -8.7081E+05 * x^15 + 8.1180E+05 * x^16 + -8.8569E+05 * x^17 + -8.7619E+04 * x^18 + 1.4373E+06 * x^19 + 2.3014E+05 * x^20 + -3.6413E+04 * x^21 + 1.6327E+05 * x^22 + -5.2392E+05 * x^23 + -2.1977E+05 * x^24 + -1.5383E+05 * x^25 + -3.8097E+05 * x^26 + -1.5825E+03 * x^27 + -1.6278E+04 * x^28 + 3.0461E+05 * x^29 + 4.5278E+05 * x^30 + 1.0405E+05 * x^31 + 4.9375E+04 * x^32 + -1.7098E+05 * x^33 + -1.9717E+05 * x^34 + -9.9488E+04 * x^35 + -4.8527E+04 * x^36 + 1.0647E+05 * x^37 + 5.0273E+04 * x^38 + -1.8864E+04 * x^39 + 2.1693E+03 * x^40'
 'f(x) = 6.0848E-01 + 1.9114E+00 * x + -1.2872E+02 * x^2 + -1.4238E+02 * x^3 + 5.1596E+03 * x^4 + 2.9083E+03 * x^5 + -7.0728E+04 * x^6 + -2.2133E+04 * x^7 + 4.6055E+05 * x^8 + 4.1471E+04 * x^9 + -1.5796E+06 * x^10 + 3.1121E+05 * x^11 + 2.7764E+06 * x^12 + -1.9482E+06 * x^13 + -1.7303E+06 * x^14 + 4.2582E+06 * x^15 + -1.4512E+06 * x^16 + -3.1804E+06 * x^17 + 2.0908E+06 * x^18 + -1.6970E+06 * x^19 + 3.9061E+05 * x^20 + 2.1510E+06 * x^21 + -6.9339E+05 * x^22 + 2.5499E+06 * x^23 + -7.8020E+05 * x^24 + -2.0640E+06 * x^25 + 3.9364E+05 * x^26 + -1.6551E+06 * x^27 + 2.7660E+05 * x^28 + 8.5895E+05 * x^29 + 1.0311E+04 * x^30 + 3.8722E+04 * x^31 + -3.6001E+05 * x^32 + 6.2374E+05 * x^33 + 5.6303E+05 * x^34 + 3.0374E+05 * x^35 + -2.8785E+05 * x^36 + -6.6952E+05 * x^37 + -8.9691E+04 * x^38 + -3.7829E+04 * x^39 + 7.6006E+04 * x^40 + 1.3429E+05 * x^41'
 'f(x) = 3.8921E-01 + -8.1722E-01 * x + -6.4245E+01 * x^2 + 8.4567E+01 * x^3 + 2.6250E+03 * x^4 + -2.4150E+03 * x^5 + -3.5154E+04 * x^6 + 2.9155E+04 * x^7 + 2.2159E+05 * x^8 + -1.7920E+05 * x^9 + -7.3228E+05 * x^10 + 5.9999E+05 * x^11 + 1.2330E+06 * x^12 + -1.0588E+06 * x^13 + -7.3079E+05 * x^14 + 7.2016E+05 * x^15 + -5.5599E+05 * x^16 + 4.3272E+05 * x^17 + 6.7462E+05 * x^18 + -7.8909E+05 * x^19 + 3.1206E+05 * x^20 + 8.9329E+03 * x^21 + -4.1813E+05 * x^22 + 2.3175E+05 * x^23 + -1.8326E+04 * x^24 + 4.2846E+04 * x^25 + 1.6464E+05 * x^26 + 1.1324E+05 * x^27 + -3.1783E+05 * x^28 + -1.1544E+05 * x^29 + 6.4043E+04 * x^30 + -9.0226E+04 * x^31 + 2.2250E+05 * x^32 + 3.3696E+04 * x^33 + -2.4728E+04 * x^34 + 4.5565E+03 * x^35 + -2.3948E+04 * x^36 + 1.4164E+04 * x^37 + -4.2130E+04 * x^38 + 1.9563E+04 * x^39 + -2.0889E+04 * x^40 + -1.5684E+04 * x^41 + 2.5129E+04 * x^42'
 'f(x) = 4.2987E-01 + -7.3845E-01 * x + -7.6541E+01 * x^2 + 7.0546E+01 * x^3 + 3.1254E+03 * x^4 + -1.9064E+03 * x^5 + -4.2553E+04 * x^6 + 2.1999E+04 * x^7 + 2.7547E+05 * x^8 + -1.2886E+05 * x^9 + -9.5084E+05 * x^10 + 4.0378E+05 * x^11 + 1.7479E+06 * x^12 + -6.2848E+05 * x^13 + -1.4061E+06 * x^14 + 2.3582E+05 * x^15 + -2.0544E+05 * x^16 + 5.9671E+05 * x^17 + 9.3864E+05 * x^18 + -6.9962E+05 * x^19 + -2.1126E+05 * x^20 + 1.0461E+05 * x^21 + -2.1458E+05 * x^22 + 5.5865E+04 * x^23 + 2.2368E+05 * x^24 + 7.9305E+03 * x^25 + -1.6124E+05 * x^26 + 5.4487E+04 * x^27 + -1.4674E+05 * x^28 + 1.0014E+05 * x^29 + -5.1961E+04 * x^30 + -9.6740E+04 * x^31 + 2.6937E+05 * x^32 + -3.6130E+04 * x^33 + 6.6121E+04 * x^34 + -8.1214E+04 * x^35 + -1.0917E+05 * x^36 + 9.3550E+04 * x^37 + -3.8852E+04 * x^38 + 2.1968E+04 * x^39 + -9.3592E+03 * x^40 + -2.2388E+04 * x^41 + 2.3926E+04 * x^42 + -1.5905E+03 * x^43'
 '' '' '' '' '' '' '' '' '' '' '' '' '' '' '' '' '' '' '' '' '' '' '' ''
 '' '' '' '' '' '' '' '' '' '' '' '' '' '' '' '' '' '' '' '' '']
Case_01.png
Case_02.png
Case_03.png
Case_04.png
range :  0   4
error :  0
error :  1
error :  2
error :  3
Case_05.png
Case_06.png
Case_07.png
Case_08.png
range :  4   8
error :  4
error :  5
error :  6
error :  7
Case_09.png
Case_10.png
Case_11.png
Case_12.png
range :  8   12
error :  8
error :  9
error :  10
error :  11
Case_13.png
Case_14.png
Case_15.png
Case_16.png
range :  12   16
error :  12
error :  13
error :  14
error :  15
Case_17.png
Case_18.png
Case_19.png
Case_20.png
range :  16   20
error :  16
error :  17
error :  18
error :  19
Case_21.png
Case_22.png
Case_23.png
Case_24.png
range :  20   24
error :  20
error :  21
error :  22
error :  23
Case_25.png
Case_26.png
Case_27.png
Case_28.png
range :  24   28
error :  24
error :  25
error :  26
error :  27
Case_29.png
Case_30.png
Case_31.png
Case_32.png
range :  28   32
error :  28
error :  29
error :  30
error :  31
Case_33.png
Case_34.png
Case_35.png
Case_36.png
range :  32   36
error :  32
error :  33
error :  34
error :  35
Case_37.png
Case_38.png
Case_39.png
Case_40.png
range :  36   40
error :  36
error :  37
error :  38
error :  39
Case_41.png
Case_42.png
Case_43.png
Case_44.png
range :  40   44
error :  40
error :  41
error :  42
error :  43
圖片列表 :  [] 0
==================================================
